19 мар 2020 15:00:49,536  INFO PausableInvocationsLogger - Acquiring request lock for [f: navigator, m: executeNavigatorAction, rq: 0] for request #0
19 мар 2020 15:00:49,536  INFO PausableInvocationsLogger - Acquired request lock for [f: navigator, m: executeNavigatorAction, rq: 0] for request #0
19 мар 2020 15:00:49,539  INFO PausableInvocationsLogger - Run invocation: [f: navigator, m: executeNavigatorAction, rq: 0]
19 мар 2020 15:00:49,588  INFO PausableInvocationsLogger - Invocation [f: navigator, m: executeNavigatorAction, rq: 0] finished
19 мар 2020 15:00:49,588  INFO PausableInvocationsLogger - Releasing request lock for [f: navigator, m: executeNavigatorAction, rq: 0] for request #0
19 мар 2020 15:00:49,589  INFO PausableInvocationsLogger - Released request lock for [f: navigator, m: executeNavigatorAction, rq: 0] for request #0
19 мар 2020 15:01:09,394  INFO PausableInvocationsLogger - Acquiring request lock for [f: navigator, m: executeNavigatorAction, rq: 1] for request #1
19 мар 2020 15:01:09,394  INFO PausableInvocationsLogger - Acquired request lock for [f: navigator, m: executeNavigatorAction, rq: 1] for request #1
19 мар 2020 15:01:09,394  INFO PausableInvocationsLogger - Run invocation: [f: navigator, m: executeNavigatorAction, rq: 1]
19 мар 2020 15:01:09,506  INFO PausableInvocationsLogger - Interaction [f: navigator, m: executeNavigatorAction, rq: 1] called delayUserInteraction: FormClientAction[modalitType: DOCKED]
19 мар 2020 15:01:09,506  INFO PausableInvocationsLogger - Invocation [f: navigator, m: executeNavigatorAction, rq: 1] finished
19 мар 2020 15:01:09,506  INFO PausableInvocationsLogger - Releasing request lock for [f: navigator, m: executeNavigatorAction, rq: 1] for request #1
19 мар 2020 15:01:09,506  INFO PausableInvocationsLogger - Released request lock for [f: navigator, m: executeNavigatorAction, rq: 1] for request #1
19 мар 2020 15:01:13,413  INFO PausableInvocationsLogger - Acquiring request lock for [f: Main.Players, m: executeEditAction, rq: 0] for request #0
19 мар 2020 15:01:13,413  INFO PausableInvocationsLogger - Acquired request lock for [f: Main.Players, m: executeEditAction, rq: 0] for request #0
19 мар 2020 15:01:13,414  INFO PausableInvocationsLogger - Run invocation: [f: Main.Players, m: executeEditAction, rq: 0]
19 мар 2020 15:01:13,440  INFO PausableInvocationsLogger - Interaction [f: Main.Players, m: executeEditAction, rq: 0] called pauseForUserInteraction: [FormClientAction[modalitType: DOCKED_MODAL]]
19 мар 2020 15:01:21,236  INFO PausableInvocationsLogger - Acquiring request lock for [f: Main.Player, m: changeProperty, rq: 0] for request #0
19 мар 2020 15:01:21,236  INFO PausableInvocationsLogger - Acquired request lock for [f: Main.Player, m: changeProperty, rq: 0] for request #0
19 мар 2020 15:01:21,236  INFO PausableInvocationsLogger - Run invocation: [f: Main.Player, m: changeProperty, rq: 0]
19 мар 2020 15:01:21,241  INFO PausableInvocationsLogger - Invocation [f: Main.Player, m: changeProperty, rq: 0] finished
19 мар 2020 15:01:21,241  INFO PausableInvocationsLogger - Releasing request lock for [f: Main.Player, m: changeProperty, rq: 0] for request #0
19 мар 2020 15:01:21,241  INFO PausableInvocationsLogger - Released request lock for [f: Main.Player, m: changeProperty, rq: 0] for request #0
19 мар 2020 15:01:21,341  INFO PausableInvocationsLogger - Acquiring request lock for [f: Main.Player, m: executeEditAction, rq: 1] for request #1
19 мар 2020 15:01:21,341  INFO PausableInvocationsLogger - Acquired request lock for [f: Main.Player, m: executeEditAction, rq: 1] for request #1
19 мар 2020 15:01:21,342  INFO PausableInvocationsLogger - Run invocation: [f: Main.Player, m: executeEditAction, rq: 1]
19 мар 2020 15:01:21,373  INFO PausableInvocationsLogger - Interaction [f: Main.Player, m: executeEditAction, rq: 1] called pauseForUserInteraction: [FormClientAction[modalitType: DIALOG_MODAL]]
19 мар 2020 15:01:26,091  INFO PausableInvocationsLogger - Acquiring request lock for [f: Main.dialogTeam, m: executeEditAction, rq: 0] for request #0
19 мар 2020 15:01:26,091  INFO PausableInvocationsLogger - Acquired request lock for [f: Main.dialogTeam, m: executeEditAction, rq: 0] for request #0
19 мар 2020 15:01:26,092  INFO PausableInvocationsLogger - Run invocation: [f: Main.dialogTeam, m: executeEditAction, rq: 0]
19 мар 2020 15:01:26,093  INFO PausableInvocationsLogger - Interaction [f: Main.dialogTeam, m: executeEditAction, rq: 0] called delayUserInteraction: lsfusion.interop.action.HideFormClientAction@66a3a594
19 мар 2020 15:01:26,095  INFO PausableInvocationsLogger - Invocation [f: Main.dialogTeam, m: executeEditAction, rq: 0] finished
19 мар 2020 15:01:26,095  INFO PausableInvocationsLogger - Releasing request lock for [f: Main.dialogTeam, m: executeEditAction, rq: 0] for request #0
19 мар 2020 15:01:26,095  INFO PausableInvocationsLogger - Released request lock for [f: Main.dialogTeam, m: executeEditAction, rq: 0] for request #0
19 мар 2020 15:01:26,135  INFO PausableInvocationsLogger - Interaction [f: Main.Player, m: executeEditAction, rq: 1] resumed after userInteraction: [null]
19 мар 2020 15:01:26,137  INFO PausableInvocationsLogger - Interaction [f: Main.Player, m: executeEditAction, rq: 1] called delayUserInteraction: lsfusion.interop.action.UpdateEditValueClientAction@749d6e63
19 мар 2020 15:01:26,137  INFO PausableInvocationsLogger - Interaction [f: Main.Player, m: executeEditAction, rq: 1] called delayUserInteraction: lsfusion.interop.action.AsyncGetRemoteChangesClientAction@1f53918c
19 мар 2020 15:01:26,137  INFO PausableInvocationsLogger - Invocation [f: Main.Player, m: executeEditAction, rq: 1] finished
19 мар 2020 15:01:26,137  INFO PausableInvocationsLogger - Releasing request lock for [f: Main.Player, m: executeEditAction, rq: 1] for request #1
19 мар 2020 15:01:26,137  INFO PausableInvocationsLogger - Released request lock for [f: Main.Player, m: executeEditAction, rq: 1] for request #1
19 мар 2020 15:01:26,166  INFO PausableInvocationsLogger - Acquiring request lock for [f: Main.Player, m: getRemoteChanges, rq: 2] for request #2
19 мар 2020 15:01:26,166  INFO PausableInvocationsLogger - Acquired request lock for [f: Main.Player, m: getRemoteChanges, rq: 2] for request #2
19 мар 2020 15:01:26,166  INFO PausableInvocationsLogger - Run invocation: [f: Main.Player, m: getRemoteChanges, rq: 2]
19 мар 2020 15:01:26,167  INFO PausableInvocationsLogger - Invocation [f: Main.Player, m: getRemoteChanges, rq: 2] finished
19 мар 2020 15:01:26,167  INFO PausableInvocationsLogger - Releasing request lock for [f: Main.Player, m: getRemoteChanges, rq: 2] for request #2
19 мар 2020 15:01:26,167  INFO PausableInvocationsLogger - Released request lock for [f: Main.Player, m: getRemoteChanges, rq: 2] for request #2
19 мар 2020 15:01:29,530  INFO PausableInvocationsLogger - Acquiring request lock for [f: navigator, m: executeNavigatorAction, rq: 2] for request #2
19 мар 2020 15:01:29,530  INFO PausableInvocationsLogger - Acquired request lock for [f: navigator, m: executeNavigatorAction, rq: 2] for request #2
19 мар 2020 15:01:29,530  INFO PausableInvocationsLogger - Run invocation: [f: navigator, m: executeNavigatorAction, rq: 2]
19 мар 2020 15:01:29,553  INFO PausableInvocationsLogger - Interaction [f: navigator, m: executeNavigatorAction, rq: 2] called delayUserInteraction: FormClientAction[modalitType: DOCKED]
19 мар 2020 15:01:29,553  INFO PausableInvocationsLogger - Invocation [f: navigator, m: executeNavigatorAction, rq: 2] finished
19 мар 2020 15:01:29,553  INFO PausableInvocationsLogger - Releasing request lock for [f: navigator, m: executeNavigatorAction, rq: 2] for request #2
19 мар 2020 15:01:29,554  INFO PausableInvocationsLogger - Released request lock for [f: navigator, m: executeNavigatorAction, rq: 2] for request #2
19 мар 2020 15:01:32,231  INFO PausableInvocationsLogger - Acquiring request lock for [f: Main.Teams, m: executeEditAction, rq: 0] for request #0
19 мар 2020 15:01:32,231  INFO PausableInvocationsLogger - Acquired request lock for [f: Main.Teams, m: executeEditAction, rq: 0] for request #0
19 мар 2020 15:01:32,232  INFO PausableInvocationsLogger - Run invocation: [f: Main.Teams, m: executeEditAction, rq: 0]
19 мар 2020 15:01:32,255  INFO PausableInvocationsLogger - Interaction [f: Main.Teams, m: executeEditAction, rq: 0] called pauseForUserInteraction: [FormClientAction[modalitType: DOCKED_MODAL]]
19 мар 2020 15:01:39,495  INFO PausableInvocationsLogger - Acquiring request lock for [f: Main.Team, m: changeProperty, rq: 0] for request #0
19 мар 2020 15:01:39,495  INFO PausableInvocationsLogger - Acquired request lock for [f: Main.Team, m: changeProperty, rq: 0] for request #0
19 мар 2020 15:01:39,496  INFO PausableInvocationsLogger - Run invocation: [f: Main.Team, m: changeProperty, rq: 0]
19 мар 2020 15:01:39,503  INFO PausableInvocationsLogger - Invocation [f: Main.Team, m: changeProperty, rq: 0] finished
19 мар 2020 15:01:39,503  INFO PausableInvocationsLogger - Releasing request lock for [f: Main.Team, m: changeProperty, rq: 0] for request #0
19 мар 2020 15:01:39,503  INFO PausableInvocationsLogger - Released request lock for [f: Main.Team, m: changeProperty, rq: 0] for request #0
19 мар 2020 15:01:39,596  INFO PausableInvocationsLogger - Acquiring request lock for [f: Main.Team, m: executeEditAction, rq: 1] for request #1
19 мар 2020 15:01:39,596  INFO PausableInvocationsLogger - Acquired request lock for [f: Main.Team, m: executeEditAction, rq: 1] for request #1
19 мар 2020 15:01:39,596  INFO PausableInvocationsLogger - Run invocation: [f: Main.Team, m: executeEditAction, rq: 1]
19 мар 2020 15:01:39,656  INFO PausableInvocationsLogger - Interaction [f: Main.Team, m: executeEditAction, rq: 1] called delayUserInteraction: LogMessageClientAction[msg: Изменения были удачно записаны..., data: []]
19 мар 2020 15:01:39,656  INFO PausableInvocationsLogger - Interaction [f: Main.Team, m: executeEditAction, rq: 1] called delayUserInteraction: lsfusion.interop.action.HideFormClientAction@1faa0ab3
19 мар 2020 15:01:39,656  INFO PausableInvocationsLogger - Invocation [f: Main.Team, m: executeEditAction, rq: 1] finished
19 мар 2020 15:01:39,657  INFO PausableInvocationsLogger - Releasing request lock for [f: Main.Team, m: executeEditAction, rq: 1] for request #1
19 мар 2020 15:01:39,657  INFO PausableInvocationsLogger - Released request lock for [f: Main.Team, m: executeEditAction, rq: 1] for request #1
19 мар 2020 15:01:39,697  INFO PausableInvocationsLogger - Interaction [f: Main.Teams, m: executeEditAction, rq: 0] resumed after userInteraction: [null]
19 мар 2020 15:01:39,734  INFO PausableInvocationsLogger - Acquiring request lock for [f: Main.Teams, m: gainedFocus, rq: 1] for request #1
19 мар 2020 15:01:39,739  INFO PausableInvocationsLogger - Invocation [f: Main.Teams, m: executeEditAction, rq: 0] finished
19 мар 2020 15:01:39,739  INFO PausableInvocationsLogger - Releasing request lock for [f: Main.Teams, m: executeEditAction, rq: 0] for request #0
19 мар 2020 15:01:39,739  INFO PausableInvocationsLogger - Released request lock for [f: Main.Teams, m: executeEditAction, rq: 0] for request #0
19 мар 2020 15:01:39,739  INFO PausableInvocationsLogger - Acquired request lock for [f: Main.Teams, m: gainedFocus, rq: 1] for request #1
19 мар 2020 15:01:39,739  INFO PausableInvocationsLogger - Run invocation: [f: Main.Teams, m: gainedFocus, rq: 1]
19 мар 2020 15:01:39,739  INFO PausableInvocationsLogger - Invocation [f: Main.Teams, m: gainedFocus, rq: 1] finished
19 мар 2020 15:01:39,739  INFO PausableInvocationsLogger - Releasing request lock for [f: Main.Teams, m: gainedFocus, rq: 1] for request #1
19 мар 2020 15:01:39,739  INFO PausableInvocationsLogger - Released request lock for [f: Main.Teams, m: gainedFocus, rq: 1] for request #1
19 мар 2020 15:01:42,480  INFO PausableInvocationsLogger - Acquiring request lock for [f: Main.Player, m: gainedFocus, rq: 3] for request #3
19 мар 2020 15:01:42,480  INFO PausableInvocationsLogger - Acquired request lock for [f: Main.Player, m: gainedFocus, rq: 3] for request #3
19 мар 2020 15:01:42,480  INFO PausableInvocationsLogger - Run invocation: [f: Main.Player, m: gainedFocus, rq: 3]
19 мар 2020 15:01:42,483  INFO PausableInvocationsLogger - Invocation [f: Main.Player, m: gainedFocus, rq: 3] finished
19 мар 2020 15:01:42,483  INFO PausableInvocationsLogger - Releasing request lock for [f: Main.Player, m: gainedFocus, rq: 3] for request #3
19 мар 2020 15:01:42,483  INFO PausableInvocationsLogger - Released request lock for [f: Main.Player, m: gainedFocus, rq: 3] for request #3
19 мар 2020 15:01:43,604  INFO PausableInvocationsLogger - Acquiring request lock for [f: Main.Teams, m: changePageSize, rq: 2] for request #2
19 мар 2020 15:01:43,605  INFO PausableInvocationsLogger - Acquired request lock for [f: Main.Teams, m: changePageSize, rq: 2] for request #2
19 мар 2020 15:01:43,605  INFO PausableInvocationsLogger - Run invocation: [f: Main.Teams, m: changePageSize, rq: 2]
19 мар 2020 15:01:43,605  INFO PausableInvocationsLogger - Invocation [f: Main.Teams, m: changePageSize, rq: 2] finished
19 мар 2020 15:01:43,605  INFO PausableInvocationsLogger - Releasing request lock for [f: Main.Teams, m: changePageSize, rq: 2] for request #2
19 мар 2020 15:01:43,605  INFO PausableInvocationsLogger - Released request lock for [f: Main.Teams, m: changePageSize, rq: 2] for request #2
19 мар 2020 15:01:47,989  INFO PausableInvocationsLogger - Acquiring request lock for [f: Main.Player, m: executeEditAction, rq: 4] for request #4
19 мар 2020 15:01:47,989  INFO PausableInvocationsLogger - Acquired request lock for [f: Main.Player, m: executeEditAction, rq: 4] for request #4
19 мар 2020 15:01:47,989  INFO PausableInvocationsLogger - Run invocation: [f: Main.Player, m: executeEditAction, rq: 4]
19 мар 2020 15:01:48,010  INFO PausableInvocationsLogger - Interaction [f: Main.Player, m: executeEditAction, rq: 4] called pauseForUserInteraction: [FormClientAction[modalitType: DIALOG_MODAL]]
19 мар 2020 15:01:49,170  INFO PausableInvocationsLogger - Acquiring request lock for [f: Main.dialogTeam, m: changePageSize, rq: 0] for request #0
19 мар 2020 15:01:49,170  INFO PausableInvocationsLogger - Acquired request lock for [f: Main.dialogTeam, m: changePageSize, rq: 0] for request #0
19 мар 2020 15:01:49,171  INFO PausableInvocationsLogger - Run invocation: [f: Main.dialogTeam, m: changePageSize, rq: 0]
19 мар 2020 15:01:49,171  INFO PausableInvocationsLogger - Invocation [f: Main.dialogTeam, m: changePageSize, rq: 0] finished
19 мар 2020 15:01:49,172  INFO PausableInvocationsLogger - Releasing request lock for [f: Main.dialogTeam, m: changePageSize, rq: 0] for request #0
19 мар 2020 15:01:49,172  INFO PausableInvocationsLogger - Released request lock for [f: Main.dialogTeam, m: changePageSize, rq: 0] for request #0
19 мар 2020 15:01:49,477  INFO PausableInvocationsLogger - Acquiring request lock for [f: Main.dialogTeam, m: executeEditAction, rq: 1] for request #1
19 мар 2020 15:01:49,477  INFO PausableInvocationsLogger - Acquired request lock for [f: Main.dialogTeam, m: executeEditAction, rq: 1] for request #1
19 мар 2020 15:01:49,477  INFO PausableInvocationsLogger - Run invocation: [f: Main.dialogTeam, m: executeEditAction, rq: 1]
19 мар 2020 15:01:49,480  INFO PausableInvocationsLogger - Interaction [f: Main.dialogTeam, m: executeEditAction, rq: 1] called delayUserInteraction: lsfusion.interop.action.HideFormClientAction@511593f7
19 мар 2020 15:01:49,481  INFO PausableInvocationsLogger - Invocation [f: Main.dialogTeam, m: executeEditAction, rq: 1] finished
19 мар 2020 15:01:49,481  INFO PausableInvocationsLogger - Releasing request lock for [f: Main.dialogTeam, m: executeEditAction, rq: 1] for request #1
19 мар 2020 15:01:49,481  INFO PausableInvocationsLogger - Released request lock for [f: Main.dialogTeam, m: executeEditAction, rq: 1] for request #1
19 мар 2020 15:01:49,496  INFO PausableInvocationsLogger - Interaction [f: Main.Player, m: executeEditAction, rq: 4] resumed after userInteraction: [null]
19 мар 2020 15:01:49,498  INFO PausableInvocationsLogger - Interaction [f: Main.Player, m: executeEditAction, rq: 4] called delayUserInteraction: lsfusion.interop.action.UpdateEditValueClientAction@5aa991d8
19 мар 2020 15:01:49,498  INFO PausableInvocationsLogger - Interaction [f: Main.Player, m: executeEditAction, rq: 4] called delayUserInteraction: lsfusion.interop.action.AsyncGetRemoteChangesClientAction@1203a1b8
19 мар 2020 15:01:49,499  INFO PausableInvocationsLogger - Invocation [f: Main.Player, m: executeEditAction, rq: 4] finished
19 мар 2020 15:01:49,499  INFO PausableInvocationsLogger - Releasing request lock for [f: Main.Player, m: executeEditAction, rq: 4] for request #4
19 мар 2020 15:01:49,499  INFO PausableInvocationsLogger - Released request lock for [f: Main.Player, m: executeEditAction, rq: 4] for request #4
19 мар 2020 15:01:49,509  INFO PausableInvocationsLogger - Acquiring request lock for [f: Main.Player, m: getRemoteChanges, rq: 5] for request #5
19 мар 2020 15:01:49,509  INFO PausableInvocationsLogger - Acquired request lock for [f: Main.Player, m: getRemoteChanges, rq: 5] for request #5
19 мар 2020 15:01:49,509  INFO PausableInvocationsLogger - Run invocation: [f: Main.Player, m: getRemoteChanges, rq: 5]
19 мар 2020 15:01:49,511  INFO PausableInvocationsLogger - Invocation [f: Main.Player, m: getRemoteChanges, rq: 5] finished
19 мар 2020 15:01:49,512  INFO PausableInvocationsLogger - Releasing request lock for [f: Main.Player, m: getRemoteChanges, rq: 5] for request #5
19 мар 2020 15:01:49,512  INFO PausableInvocationsLogger - Released request lock for [f: Main.Player, m: getRemoteChanges, rq: 5] for request #5
19 мар 2020 15:01:53,427  INFO PausableInvocationsLogger - Acquiring request lock for [f: Main.Player, m: changeProperty, rq: 6] for request #6
19 мар 2020 15:01:53,427  INFO PausableInvocationsLogger - Acquired request lock for [f: Main.Player, m: changeProperty, rq: 6] for request #6
19 мар 2020 15:01:53,427  INFO PausableInvocationsLogger - Run invocation: [f: Main.Player, m: changeProperty, rq: 6]
19 мар 2020 15:01:53,430  INFO PausableInvocationsLogger - Invocation [f: Main.Player, m: changeProperty, rq: 6] finished
19 мар 2020 15:01:53,430  INFO PausableInvocationsLogger - Releasing request lock for [f: Main.Player, m: changeProperty, rq: 6] for request #6
19 мар 2020 15:01:53,430  INFO PausableInvocationsLogger - Released request lock for [f: Main.Player, m: changeProperty, rq: 6] for request #6
19 мар 2020 15:01:57,034  INFO PausableInvocationsLogger - Acquiring request lock for [f: Main.Player, m: executeEditAction, rq: 7] for request #7
19 мар 2020 15:01:57,034  INFO PausableInvocationsLogger - Acquired request lock for [f: Main.Player, m: executeEditAction, rq: 7] for request #7
19 мар 2020 15:01:57,034  INFO PausableInvocationsLogger - Run invocation: [f: Main.Player, m: executeEditAction, rq: 7]
19 мар 2020 15:01:57,121  INFO PausableInvocationsLogger - Interaction [f: Main.Player, m: executeEditAction, rq: 7] called delayUserInteraction: LogMessageClientAction[msg: Изменения были удачно записаны..., data: []]
19 мар 2020 15:01:57,121  INFO PausableInvocationsLogger - Interaction [f: Main.Player, m: executeEditAction, rq: 7] called delayUserInteraction: lsfusion.interop.action.HideFormClientAction@425938fb
19 мар 2020 15:01:57,122  INFO PausableInvocationsLogger - Invocation [f: Main.Player, m: executeEditAction, rq: 7] finished
19 мар 2020 15:01:57,122  INFO PausableInvocationsLogger - Releasing request lock for [f: Main.Player, m: executeEditAction, rq: 7] for request #7
19 мар 2020 15:01:57,122  INFO PausableInvocationsLogger - Released request lock for [f: Main.Player, m: executeEditAction, rq: 7] for request #7
19 мар 2020 15:01:57,132  INFO PausableInvocationsLogger - Acquiring request lock for [f: Main.Players, m: gainedFocus, rq: 1] for request #1
19 мар 2020 15:01:57,133  INFO PausableInvocationsLogger - Interaction [f: Main.Players, m: executeEditAction, rq: 0] resumed after userInteraction: [null]
19 мар 2020 15:01:57,134  INFO PausableInvocationsLogger - Invocation [f: Main.Players, m: executeEditAction, rq: 0] finished
19 мар 2020 15:01:57,134  INFO PausableInvocationsLogger - Releasing request lock for [f: Main.Players, m: executeEditAction, rq: 0] for request #0
19 мар 2020 15:01:57,134  INFO PausableInvocationsLogger - Released request lock for [f: Main.Players, m: executeEditAction, rq: 0] for request #0
19 мар 2020 15:01:57,134  INFO PausableInvocationsLogger - Acquired request lock for [f: Main.Players, m: gainedFocus, rq: 1] for request #1
19 мар 2020 15:01:57,135  INFO PausableInvocationsLogger - Run invocation: [f: Main.Players, m: gainedFocus, rq: 1]
19 мар 2020 15:01:57,157  INFO PausableInvocationsLogger - Invocation [f: Main.Players, m: gainedFocus, rq: 1] finished
19 мар 2020 15:01:57,157  INFO PausableInvocationsLogger - Releasing request lock for [f: Main.Players, m: gainedFocus, rq: 1] for request #1
19 мар 2020 15:01:57,157  INFO PausableInvocationsLogger - Released request lock for [f: Main.Players, m: gainedFocus, rq: 1] for request #1
19 мар 2020 15:02:17,891  INFO PausableInvocationsLogger - Acquiring request lock for [f: Main.Teams, m: gainedFocus, rq: 3] for request #3
19 мар 2020 15:02:17,891  INFO PausableInvocationsLogger - Acquired request lock for [f: Main.Teams, m: gainedFocus, rq: 3] for request #3
19 мар 2020 15:02:17,892  INFO PausableInvocationsLogger - Run invocation: [f: Main.Teams, m: gainedFocus, rq: 3]
19 мар 2020 15:02:17,892  INFO PausableInvocationsLogger - Invocation [f: Main.Teams, m: gainedFocus, rq: 3] finished
19 мар 2020 15:02:17,892  INFO PausableInvocationsLogger - Releasing request lock for [f: Main.Teams, m: gainedFocus, rq: 3] for request #3
19 мар 2020 15:02:17,892  INFO PausableInvocationsLogger - Released request lock for [f: Main.Teams, m: gainedFocus, rq: 3] for request #3
19 мар 2020 15:02:18,999  INFO PausableInvocationsLogger - Acquiring request lock for [f: Main.Players, m: changePageSize, rq: 2] for request #2
19 мар 2020 15:02:18,999  INFO PausableInvocationsLogger - Acquired request lock for [f: Main.Players, m: changePageSize, rq: 2] for request #2
19 мар 2020 15:02:19,000  INFO PausableInvocationsLogger - Run invocation: [f: Main.Players, m: changePageSize, rq: 2]
19 мар 2020 15:02:19,001  INFO PausableInvocationsLogger - Invocation [f: Main.Players, m: changePageSize, rq: 2] finished
19 мар 2020 15:02:19,001  INFO PausableInvocationsLogger - Releasing request lock for [f: Main.Players, m: changePageSize, rq: 2] for request #2
19 мар 2020 15:02:19,001  INFO PausableInvocationsLogger - Released request lock for [f: Main.Players, m: changePageSize, rq: 2] for request #2
19 мар 2020 15:03:08,170  INFO PausableInvocationsLogger - Acquiring request lock for [f: navigator, m: executeNavigatorAction, rq: 0] for request #0
19 мар 2020 15:03:08,170  INFO PausableInvocationsLogger - Acquired request lock for [f: navigator, m: executeNavigatorAction, rq: 0] for request #0
19 мар 2020 15:03:08,172  INFO PausableInvocationsLogger - Run invocation: [f: navigator, m: executeNavigatorAction, rq: 0]
19 мар 2020 15:03:08,233  INFO PausableInvocationsLogger - Invocation [f: navigator, m: executeNavigatorAction, rq: 0] finished
19 мар 2020 15:03:08,234  INFO PausableInvocationsLogger - Releasing request lock for [f: navigator, m: executeNavigatorAction, rq: 0] for request #0
19 мар 2020 15:03:08,234  INFO PausableInvocationsLogger - Released request lock for [f: navigator, m: executeNavigatorAction, rq: 0] for request #0
19 мар 2020 15:03:28,098  INFO PausableInvocationsLogger - Acquiring request lock for [f: navigator, m: executeNavigatorAction, rq: 1] for request #1
19 мар 2020 15:03:28,099  INFO PausableInvocationsLogger - Acquired request lock for [f: navigator, m: executeNavigatorAction, rq: 1] for request #1
19 мар 2020 15:03:28,099  INFO PausableInvocationsLogger - Run invocation: [f: navigator, m: executeNavigatorAction, rq: 1]
19 мар 2020 15:03:28,261  INFO PausableInvocationsLogger - Interaction [f: navigator, m: executeNavigatorAction, rq: 1] called delayUserInteraction: FormClientAction[modalitType: DOCKED]
19 мар 2020 15:03:28,261  INFO PausableInvocationsLogger - Invocation [f: navigator, m: executeNavigatorAction, rq: 1] finished
19 мар 2020 15:03:28,261  INFO PausableInvocationsLogger - Releasing request lock for [f: navigator, m: executeNavigatorAction, rq: 1] for request #1
19 мар 2020 15:03:28,261  INFO PausableInvocationsLogger - Released request lock for [f: navigator, m: executeNavigatorAction, rq: 1] for request #1
19 мар 2020 15:03:29,463  INFO PausableInvocationsLogger - Acquiring request lock for [f: Main.Teams, m: changePageSize, rq: 0] for request #0
19 мар 2020 15:03:29,464  INFO PausableInvocationsLogger - Acquired request lock for [f: Main.Teams, m: changePageSize, rq: 0] for request #0
19 мар 2020 15:03:29,464  INFO PausableInvocationsLogger - Run invocation: [f: Main.Teams, m: changePageSize, rq: 0]
19 мар 2020 15:03:29,467  INFO PausableInvocationsLogger - Invocation [f: Main.Teams, m: changePageSize, rq: 0] finished
19 мар 2020 15:03:29,467  INFO PausableInvocationsLogger - Releasing request lock for [f: Main.Teams, m: changePageSize, rq: 0] for request #0
19 мар 2020 15:03:29,467  INFO PausableInvocationsLogger - Released request lock for [f: Main.Teams, m: changePageSize, rq: 0] for request #0
19 мар 2020 15:04:21,957  INFO PausableInvocationsLogger - Acquiring request lock for [f: navigator, m: executeNavigatorAction, rq: 2] for request #2
19 мар 2020 15:04:21,957  INFO PausableInvocationsLogger - Acquired request lock for [f: navigator, m: executeNavigatorAction, rq: 2] for request #2
19 мар 2020 15:04:21,958  INFO PausableInvocationsLogger - Run invocation: [f: navigator, m: executeNavigatorAction, rq: 2]
19 мар 2020 15:04:21,996  INFO PausableInvocationsLogger - Interaction [f: navigator, m: executeNavigatorAction, rq: 2] called delayUserInteraction: FormClientAction[modalitType: DOCKED]
19 мар 2020 15:04:21,996  INFO PausableInvocationsLogger - Invocation [f: navigator, m: executeNavigatorAction, rq: 2] finished
19 мар 2020 15:04:21,996  INFO PausableInvocationsLogger - Releasing request lock for [f: navigator, m: executeNavigatorAction, rq: 2] for request #2
19 мар 2020 15:04:21,996  INFO PausableInvocationsLogger - Released request lock for [f: navigator, m: executeNavigatorAction, rq: 2] for request #2
19 мар 2020 15:04:23,156  INFO PausableInvocationsLogger - Acquiring request lock for [f: Main.Players, m: changePageSize, rq: 0] for request #0
19 мар 2020 15:04:23,157  INFO PausableInvocationsLogger - Acquired request lock for [f: Main.Players, m: changePageSize, rq: 0] for request #0
19 мар 2020 15:04:23,157  INFO PausableInvocationsLogger - Run invocation: [f: Main.Players, m: changePageSize, rq: 0]
19 мар 2020 15:04:23,158  INFO PausableInvocationsLogger - Invocation [f: Main.Players, m: changePageSize, rq: 0] finished
19 мар 2020 15:04:23,158  INFO PausableInvocationsLogger - Releasing request lock for [f: Main.Players, m: changePageSize, rq: 0] for request #0
19 мар 2020 15:04:23,158  INFO PausableInvocationsLogger - Released request lock for [f: Main.Players, m: changePageSize, rq: 0] for request #0
19 мар 2020 15:09:17,222  INFO PausableInvocationsLogger - Acquiring request lock for [f: Main.Players, m: executeEditAction, rq: 1] for request #1
19 мар 2020 15:09:17,222  INFO PausableInvocationsLogger - Acquired request lock for [f: Main.Players, m: executeEditAction, rq: 1] for request #1
19 мар 2020 15:09:17,223  INFO PausableInvocationsLogger - Run invocation: [f: Main.Players, m: executeEditAction, rq: 1]
19 мар 2020 15:09:17,262  INFO PausableInvocationsLogger - Interaction [f: Main.Players, m: executeEditAction, rq: 1] called delayUserInteraction: FormClientAction[modalitType: DOCKED]
19 мар 2020 15:09:17,263  INFO PausableInvocationsLogger - Invocation [f: Main.Players, m: executeEditAction, rq: 1] finished
19 мар 2020 15:09:17,264  INFO PausableInvocationsLogger - Releasing request lock for [f: Main.Players, m: executeEditAction, rq: 1] for request #1
19 мар 2020 15:09:17,264  INFO PausableInvocationsLogger - Released request lock for [f: Main.Players, m: executeEditAction, rq: 1] for request #1
19 мар 2020 15:09:18,734  INFO PausableInvocationsLogger - Acquiring request lock for [f: Main.Player, m: executeEditAction, rq: 0] for request #0
19 мар 2020 15:09:18,734  INFO PausableInvocationsLogger - Acquired request lock for [f: Main.Player, m: executeEditAction, rq: 0] for request #0
19 мар 2020 15:09:18,735  INFO PausableInvocationsLogger - Run invocation: [f: Main.Player, m: executeEditAction, rq: 0]
19 мар 2020 15:09:18,766  INFO PausableInvocationsLogger - Interaction [f: Main.Player, m: executeEditAction, rq: 0] called pauseForUserInteraction: [FormClientAction[modalitType: DIALOG_MODAL]]
19 мар 2020 15:09:19,918  INFO PausableInvocationsLogger - Acquiring request lock for [f: Main.dialogTeam, m: changePageSize, rq: 0] for request #0
19 мар 2020 15:09:19,919  INFO PausableInvocationsLogger - Acquired request lock for [f: Main.dialogTeam, m: changePageSize, rq: 0] for request #0
19 мар 2020 15:09:19,920  INFO PausableInvocationsLogger - Run invocation: [f: Main.dialogTeam, m: changePageSize, rq: 0]
19 мар 2020 15:09:19,920  INFO PausableInvocationsLogger - Invocation [f: Main.dialogTeam, m: changePageSize, rq: 0] finished
19 мар 2020 15:09:19,920  INFO PausableInvocationsLogger - Releasing request lock for [f: Main.dialogTeam, m: changePageSize, rq: 0] for request #0
19 мар 2020 15:09:19,920  INFO PausableInvocationsLogger - Released request lock for [f: Main.dialogTeam, m: changePageSize, rq: 0] for request #0
19 мар 2020 15:10:47,034  INFO PausableInvocationsLogger - Acquiring request lock for [f: navigator, m: executeNavigatorAction, rq: 0] for request #0
19 мар 2020 15:10:47,034  INFO PausableInvocationsLogger - Acquired request lock for [f: navigator, m: executeNavigatorAction, rq: 0] for request #0
19 мар 2020 15:10:47,041  INFO PausableInvocationsLogger - Run invocation: [f: navigator, m: executeNavigatorAction, rq: 0]
19 мар 2020 15:10:47,164  INFO PausableInvocationsLogger - Invocation [f: navigator, m: executeNavigatorAction, rq: 0] finished
19 мар 2020 15:10:47,167  INFO PausableInvocationsLogger - Releasing request lock for [f: navigator, m: executeNavigatorAction, rq: 0] for request #0
19 мар 2020 15:10:47,167  INFO PausableInvocationsLogger - Released request lock for [f: navigator, m: executeNavigatorAction, rq: 0] for request #0
19 мар 2020 15:10:52,809  INFO PausableInvocationsLogger - Acquiring request lock for [f: navigator, m: executeNavigatorAction, rq: 1] for request #1
19 мар 2020 15:10:52,809  INFO PausableInvocationsLogger - Acquired request lock for [f: navigator, m: executeNavigatorAction, rq: 1] for request #1
19 мар 2020 15:10:52,809  INFO PausableInvocationsLogger - Run invocation: [f: navigator, m: executeNavigatorAction, rq: 1]
19 мар 2020 15:10:52,932  INFO PausableInvocationsLogger - Interaction [f: navigator, m: executeNavigatorAction, rq: 1] called delayUserInteraction: FormClientAction[modalitType: DOCKED]
19 мар 2020 15:10:52,932  INFO PausableInvocationsLogger - Invocation [f: navigator, m: executeNavigatorAction, rq: 1] finished
19 мар 2020 15:10:52,932  INFO PausableInvocationsLogger - Releasing request lock for [f: navigator, m: executeNavigatorAction, rq: 1] for request #1
19 мар 2020 15:10:52,932  INFO PausableInvocationsLogger - Released request lock for [f: navigator, m: executeNavigatorAction, rq: 1] for request #1
19 мар 2020 15:10:54,145  INFO PausableInvocationsLogger - Acquiring request lock for [f: Main.Players, m: changePageSize, rq: 0] for request #0
19 мар 2020 15:10:54,146  INFO PausableInvocationsLogger - Acquired request lock for [f: Main.Players, m: changePageSize, rq: 0] for request #0
19 мар 2020 15:10:54,146  INFO PausableInvocationsLogger - Run invocation: [f: Main.Players, m: changePageSize, rq: 0]
19 мар 2020 15:10:54,148  INFO PausableInvocationsLogger - Invocation [f: Main.Players, m: changePageSize, rq: 0] finished
19 мар 2020 15:10:54,148  INFO PausableInvocationsLogger - Releasing request lock for [f: Main.Players, m: changePageSize, rq: 0] for request #0
19 мар 2020 15:10:54,148  INFO PausableInvocationsLogger - Released request lock for [f: Main.Players, m: changePageSize, rq: 0] for request #0
19 мар 2020 15:10:55,811  INFO PausableInvocationsLogger - Acquiring request lock for [f: Main.Players, m: executeEditAction, rq: 1] for request #1
19 мар 2020 15:10:55,811  INFO PausableInvocationsLogger - Acquired request lock for [f: Main.Players, m: executeEditAction, rq: 1] for request #1
19 мар 2020 15:10:55,811  INFO PausableInvocationsLogger - Run invocation: [f: Main.Players, m: executeEditAction, rq: 1]
19 мар 2020 15:10:55,845  INFO PausableInvocationsLogger - Interaction [f: Main.Players, m: executeEditAction, rq: 1] called delayUserInteraction: FormClientAction[modalitType: DOCKED]
19 мар 2020 15:10:55,847  INFO PausableInvocationsLogger - Invocation [f: Main.Players, m: executeEditAction, rq: 1] finished
19 мар 2020 15:10:55,847  INFO PausableInvocationsLogger - Releasing request lock for [f: Main.Players, m: executeEditAction, rq: 1] for request #1
19 мар 2020 15:10:55,847  INFO PausableInvocationsLogger - Released request lock for [f: Main.Players, m: executeEditAction, rq: 1] for request #1
19 мар 2020 15:10:57,205  INFO PausableInvocationsLogger - Acquiring request lock for [f: Main.Player, m: executeEditAction, rq: 0] for request #0
19 мар 2020 15:10:57,206  INFO PausableInvocationsLogger - Acquired request lock for [f: Main.Player, m: executeEditAction, rq: 0] for request #0
19 мар 2020 15:10:57,206  INFO PausableInvocationsLogger - Run invocation: [f: Main.Player, m: executeEditAction, rq: 0]
19 мар 2020 15:10:57,240  INFO PausableInvocationsLogger - Interaction [f: Main.Player, m: executeEditAction, rq: 0] called pauseForUserInteraction: [FormClientAction[modalitType: DIALOG_MODAL]]
19 мар 2020 15:10:58,402  INFO PausableInvocationsLogger - Acquiring request lock for [f: Main.dialogTeam, m: changePageSize, rq: 0] for request #0
19 мар 2020 15:10:58,402  INFO PausableInvocationsLogger - Acquired request lock for [f: Main.dialogTeam, m: changePageSize, rq: 0] for request #0
19 мар 2020 15:10:58,402  INFO PausableInvocationsLogger - Run invocation: [f: Main.dialogTeam, m: changePageSize, rq: 0]
19 мар 2020 15:10:58,403  INFO PausableInvocationsLogger - Invocation [f: Main.dialogTeam, m: changePageSize, rq: 0] finished
19 мар 2020 15:10:58,403  INFO PausableInvocationsLogger - Releasing request lock for [f: Main.dialogTeam, m: changePageSize, rq: 0] for request #0
19 мар 2020 15:10:58,403  INFO PausableInvocationsLogger - Released request lock for [f: Main.dialogTeam, m: changePageSize, rq: 0] for request #0
19 мар 2020 15:11:04,066  INFO PausableInvocationsLogger - Acquiring request lock for [f: Main.dialogTeam, m: executeEditAction, rq: 1] for request #1
19 мар 2020 15:11:04,066  INFO PausableInvocationsLogger - Acquired request lock for [f: Main.dialogTeam, m: executeEditAction, rq: 1] for request #1
19 мар 2020 15:11:04,066  INFO PausableInvocationsLogger - Run invocation: [f: Main.dialogTeam, m: executeEditAction, rq: 1]
19 мар 2020 15:11:04,068  INFO PausableInvocationsLogger - Interaction [f: Main.dialogTeam, m: executeEditAction, rq: 1] called delayUserInteraction: lsfusion.interop.action.HideFormClientAction@306c61cd
19 мар 2020 15:11:04,070  INFO PausableInvocationsLogger - Invocation [f: Main.dialogTeam, m: executeEditAction, rq: 1] finished
19 мар 2020 15:11:04,070  INFO PausableInvocationsLogger - Releasing request lock for [f: Main.dialogTeam, m: executeEditAction, rq: 1] for request #1
19 мар 2020 15:11:04,070  INFO PausableInvocationsLogger - Released request lock for [f: Main.dialogTeam, m: executeEditAction, rq: 1] for request #1
19 мар 2020 15:11:04,083  INFO PausableInvocationsLogger - Interaction [f: Main.Player, m: executeEditAction, rq: 0] resumed after userInteraction: [null]
19 мар 2020 15:11:04,085  INFO PausableInvocationsLogger - Invocation [f: Main.Player, m: executeEditAction, rq: 0] finished
19 мар 2020 15:11:04,086  INFO PausableInvocationsLogger - Releasing request lock for [f: Main.Player, m: executeEditAction, rq: 0] for request #0
19 мар 2020 15:11:04,086  INFO PausableInvocationsLogger - Released request lock for [f: Main.Player, m: executeEditAction, rq: 0] for request #0
19 мар 2020 15:11:06,140  INFO PausableInvocationsLogger - Acquiring request lock for [f: Main.Players, m: gainedFocus, rq: 2] for request #2
19 мар 2020 15:11:06,140  INFO PausableInvocationsLogger - Acquired request lock for [f: Main.Players, m: gainedFocus, rq: 2] for request #2
19 мар 2020 15:11:06,141  INFO PausableInvocationsLogger - Run invocation: [f: Main.Players, m: gainedFocus, rq: 2]
19 мар 2020 15:11:06,142  INFO PausableInvocationsLogger - Invocation [f: Main.Players, m: gainedFocus, rq: 2] finished
19 мар 2020 15:11:06,142  INFO PausableInvocationsLogger - Releasing request lock for [f: Main.Players, m: gainedFocus, rq: 2] for request #2
19 мар 2020 15:11:06,142  INFO PausableInvocationsLogger - Released request lock for [f: Main.Players, m: gainedFocus, rq: 2] for request #2
19 мар 2020 15:12:04,838  INFO PausableInvocationsLogger - Acquiring request lock for [f: navigator, m: executeNavigatorAction, rq: 0] for request #0
19 мар 2020 15:12:04,839  INFO PausableInvocationsLogger - Acquired request lock for [f: navigator, m: executeNavigatorAction, rq: 0] for request #0
19 мар 2020 15:12:04,840  INFO PausableInvocationsLogger - Run invocation: [f: navigator, m: executeNavigatorAction, rq: 0]
19 мар 2020 15:12:04,877  INFO PausableInvocationsLogger - Invocation [f: navigator, m: executeNavigatorAction, rq: 0] finished
19 мар 2020 15:12:04,877  INFO PausableInvocationsLogger - Releasing request lock for [f: navigator, m: executeNavigatorAction, rq: 0] for request #0
19 мар 2020 15:12:04,877  INFO PausableInvocationsLogger - Released request lock for [f: navigator, m: executeNavigatorAction, rq: 0] for request #0
19 мар 2020 15:12:22,218  INFO PausableInvocationsLogger - Acquiring request lock for [f: navigator, m: executeNavigatorAction, rq: 1] for request #1
19 мар 2020 15:12:22,218  INFO PausableInvocationsLogger - Acquired request lock for [f: navigator, m: executeNavigatorAction, rq: 1] for request #1
19 мар 2020 15:12:22,218  INFO PausableInvocationsLogger - Run invocation: [f: navigator, m: executeNavigatorAction, rq: 1]
19 мар 2020 15:12:22,323  INFO PausableInvocationsLogger - Interaction [f: navigator, m: executeNavigatorAction, rq: 1] called delayUserInteraction: FormClientAction[modalitType: DOCKED]
19 мар 2020 15:12:22,323  INFO PausableInvocationsLogger - Invocation [f: navigator, m: executeNavigatorAction, rq: 1] finished
19 мар 2020 15:12:22,323  INFO PausableInvocationsLogger - Releasing request lock for [f: navigator, m: executeNavigatorAction, rq: 1] for request #1
19 мар 2020 15:12:22,323  INFO PausableInvocationsLogger - Released request lock for [f: navigator, m: executeNavigatorAction, rq: 1] for request #1
19 мар 2020 15:12:23,517  INFO PausableInvocationsLogger - Acquiring request lock for [f: Main.Teams, m: changePageSize, rq: 0] for request #0
19 мар 2020 15:12:23,517  INFO PausableInvocationsLogger - Acquired request lock for [f: Main.Teams, m: changePageSize, rq: 0] for request #0
19 мар 2020 15:12:23,518  INFO PausableInvocationsLogger - Run invocation: [f: Main.Teams, m: changePageSize, rq: 0]
19 мар 2020 15:12:23,519  INFO PausableInvocationsLogger - Invocation [f: Main.Teams, m: changePageSize, rq: 0] finished
19 мар 2020 15:12:23,519  INFO PausableInvocationsLogger - Releasing request lock for [f: Main.Teams, m: changePageSize, rq: 0] for request #0
19 мар 2020 15:12:23,519  INFO PausableInvocationsLogger - Released request lock for [f: Main.Teams, m: changePageSize, rq: 0] for request #0
19 мар 2020 15:12:24,842  INFO PausableInvocationsLogger - Acquiring request lock for [f: navigator, m: executeNavigatorAction, rq: 2] for request #2
19 мар 2020 15:12:24,843  INFO PausableInvocationsLogger - Acquired request lock for [f: navigator, m: executeNavigatorAction, rq: 2] for request #2
19 мар 2020 15:12:24,843  INFO PausableInvocationsLogger - Run invocation: [f: navigator, m: executeNavigatorAction, rq: 2]
19 мар 2020 15:12:24,880  INFO PausableInvocationsLogger - Interaction [f: navigator, m: executeNavigatorAction, rq: 2] called delayUserInteraction: FormClientAction[modalitType: DOCKED]
19 мар 2020 15:12:24,880  INFO PausableInvocationsLogger - Invocation [f: navigator, m: executeNavigatorAction, rq: 2] finished
19 мар 2020 15:12:24,880  INFO PausableInvocationsLogger - Releasing request lock for [f: navigator, m: executeNavigatorAction, rq: 2] for request #2
19 мар 2020 15:12:24,880  INFO PausableInvocationsLogger - Released request lock for [f: navigator, m: executeNavigatorAction, rq: 2] for request #2
19 мар 2020 15:12:26,043  INFO PausableInvocationsLogger - Acquiring request lock for [f: Main.Players, m: changePageSize, rq: 0] for request #0
19 мар 2020 15:12:26,043  INFO PausableInvocationsLogger - Acquired request lock for [f: Main.Players, m: changePageSize, rq: 0] for request #0
19 мар 2020 15:12:26,045  INFO PausableInvocationsLogger - Run invocation: [f: Main.Players, m: changePageSize, rq: 0]
19 мар 2020 15:12:26,049  INFO PausableInvocationsLogger - Invocation [f: Main.Players, m: changePageSize, rq: 0] finished
19 мар 2020 15:12:26,049  INFO PausableInvocationsLogger - Releasing request lock for [f: Main.Players, m: changePageSize, rq: 0] for request #0
19 мар 2020 15:12:26,049  INFO PausableInvocationsLogger - Released request lock for [f: Main.Players, m: changePageSize, rq: 0] for request #0
19 мар 2020 15:12:27,671  INFO PausableInvocationsLogger - Acquiring request lock for [f: Main.Players, m: executeEditAction, rq: 1] for request #1
19 мар 2020 15:12:27,672  INFO PausableInvocationsLogger - Acquired request lock for [f: Main.Players, m: executeEditAction, rq: 1] for request #1
19 мар 2020 15:12:27,672  INFO PausableInvocationsLogger - Run invocation: [f: Main.Players, m: executeEditAction, rq: 1]
19 мар 2020 15:12:27,700  INFO PausableInvocationsLogger - Interaction [f: Main.Players, m: executeEditAction, rq: 1] called delayUserInteraction: FormClientAction[modalitType: DOCKED]
19 мар 2020 15:12:27,701  INFO PausableInvocationsLogger - Invocation [f: Main.Players, m: executeEditAction, rq: 1] finished
19 мар 2020 15:12:27,701  INFO PausableInvocationsLogger - Releasing request lock for [f: Main.Players, m: executeEditAction, rq: 1] for request #1
19 мар 2020 15:12:27,701  INFO PausableInvocationsLogger - Released request lock for [f: Main.Players, m: executeEditAction, rq: 1] for request #1
19 мар 2020 15:12:29,092  INFO PausableInvocationsLogger - Acquiring request lock for [f: Main.Player, m: executeEditAction, rq: 0] for request #0
19 мар 2020 15:12:29,092  INFO PausableInvocationsLogger - Acquired request lock for [f: Main.Player, m: executeEditAction, rq: 0] for request #0
19 мар 2020 15:12:29,093  INFO PausableInvocationsLogger - Run invocation: [f: Main.Player, m: executeEditAction, rq: 0]
19 мар 2020 15:12:29,122  INFO PausableInvocationsLogger - Interaction [f: Main.Player, m: executeEditAction, rq: 0] called pauseForUserInteraction: [FormClientAction[modalitType: DIALOG_MODAL]]
19 мар 2020 15:12:30,288  INFO PausableInvocationsLogger - Acquiring request lock for [f: Main.dialogTeam, m: changePageSize, rq: 0] for request #0
19 мар 2020 15:12:30,289  INFO PausableInvocationsLogger - Acquired request lock for [f: Main.dialogTeam, m: changePageSize, rq: 0] for request #0
19 мар 2020 15:12:30,292  INFO PausableInvocationsLogger - Run invocation: [f: Main.dialogTeam, m: changePageSize, rq: 0]
19 мар 2020 15:12:30,292  INFO PausableInvocationsLogger - Invocation [f: Main.dialogTeam, m: changePageSize, rq: 0] finished
19 мар 2020 15:12:30,293  INFO PausableInvocationsLogger - Releasing request lock for [f: Main.dialogTeam, m: changePageSize, rq: 0] for request #0
19 мар 2020 15:12:30,293  INFO PausableInvocationsLogger - Released request lock for [f: Main.dialogTeam, m: changePageSize, rq: 0] for request #0
19 мар 2020 15:12:32,666  INFO PausableInvocationsLogger - Acquiring request lock for [f: Main.dialogTeam, m: executeEditAction, rq: 1] for request #1
19 мар 2020 15:12:32,666  INFO PausableInvocationsLogger - Acquired request lock for [f: Main.dialogTeam, m: executeEditAction, rq: 1] for request #1
19 мар 2020 15:12:32,666  INFO PausableInvocationsLogger - Run invocation: [f: Main.dialogTeam, m: executeEditAction, rq: 1]
19 мар 2020 15:12:32,681  INFO PausableInvocationsLogger - Interaction [f: Main.dialogTeam, m: executeEditAction, rq: 1] called pauseForUserInteraction: [FormClientAction[modalitType: DOCKED_MODAL]]
19 мар 2020 15:12:42,419  INFO PausableInvocationsLogger - Acquiring request lock for [f: Main.Team, m: executeEditAction, rq: 0] for request #0
19 мар 2020 15:12:42,420  INFO PausableInvocationsLogger - Acquired request lock for [f: Main.Team, m: executeEditAction, rq: 0] for request #0
19 мар 2020 15:12:42,420  INFO PausableInvocationsLogger - Run invocation: [f: Main.Team, m: executeEditAction, rq: 0]
19 мар 2020 15:12:42,421  INFO PausableInvocationsLogger - Interaction [f: Main.Team, m: executeEditAction, rq: 0] called delayUserInteraction: lsfusion.interop.action.HideFormClientAction@54d1dd42
19 мар 2020 15:12:42,423  INFO PausableInvocationsLogger - Invocation [f: Main.Team, m: executeEditAction, rq: 0] finished
19 мар 2020 15:12:42,423  INFO PausableInvocationsLogger - Releasing request lock for [f: Main.Team, m: executeEditAction, rq: 0] for request #0
19 мар 2020 15:12:42,423  INFO PausableInvocationsLogger - Released request lock for [f: Main.Team, m: executeEditAction, rq: 0] for request #0
19 мар 2020 15:12:42,434  INFO PausableInvocationsLogger - Interaction [f: Main.dialogTeam, m: executeEditAction, rq: 1] resumed after userInteraction: [null]
19 мар 2020 15:12:42,435  INFO PausableInvocationsLogger - Invocation [f: Main.dialogTeam, m: executeEditAction, rq: 1] finished
19 мар 2020 15:12:42,435  INFO PausableInvocationsLogger - Releasing request lock for [f: Main.dialogTeam, m: executeEditAction, rq: 1] for request #1
19 мар 2020 15:12:42,435  INFO PausableInvocationsLogger - Released request lock for [f: Main.dialogTeam, m: executeEditAction, rq: 1] for request #1
19 мар 2020 15:17:33,644  INFO PausableInvocationsLogger - Acquiring request lock for [f: Main.dialogTeam, m: executeEditAction, rq: 2] for request #2
19 мар 2020 15:17:33,644  INFO PausableInvocationsLogger - Acquired request lock for [f: Main.dialogTeam, m: executeEditAction, rq: 2] for request #2
19 мар 2020 15:17:33,645  INFO PausableInvocationsLogger - Run invocation: [f: Main.dialogTeam, m: executeEditAction, rq: 2]
19 мар 2020 15:17:33,647  INFO PausableInvocationsLogger - Interaction [f: Main.dialogTeam, m: executeEditAction, rq: 2] called delayUserInteraction: lsfusion.interop.action.HideFormClientAction@179abd39
19 мар 2020 15:17:33,648  INFO PausableInvocationsLogger - Invocation [f: Main.dialogTeam, m: executeEditAction, rq: 2] finished
19 мар 2020 15:17:33,648  INFO PausableInvocationsLogger - Releasing request lock for [f: Main.dialogTeam, m: executeEditAction, rq: 2] for request #2
19 мар 2020 15:17:33,648  INFO PausableInvocationsLogger - Released request lock for [f: Main.dialogTeam, m: executeEditAction, rq: 2] for request #2
19 мар 2020 15:17:33,669  INFO PausableInvocationsLogger - Interaction [f: Main.Player, m: executeEditAction, rq: 0] resumed after userInteraction: [null]
19 мар 2020 15:17:33,671  INFO PausableInvocationsLogger - Invocation [f: Main.Player, m: executeEditAction, rq: 0] finished
19 мар 2020 15:17:33,671  INFO PausableInvocationsLogger - Releasing request lock for [f: Main.Player, m: executeEditAction, rq: 0] for request #0
19 мар 2020 15:17:33,671  INFO PausableInvocationsLogger - Released request lock for [f: Main.Player, m: executeEditAction, rq: 0] for request #0
19 мар 2020 15:17:36,813  INFO PausableInvocationsLogger - Acquiring request lock for [f: navigator, m: executeNavigatorAction, rq: 3] for request #3
19 мар 2020 15:17:36,813  INFO PausableInvocationsLogger - Acquired request lock for [f: navigator, m: executeNavigatorAction, rq: 3] for request #3
19 мар 2020 15:17:36,815  INFO PausableInvocationsLogger - Run invocation: [f: navigator, m: executeNavigatorAction, rq: 3]
19 мар 2020 15:17:37,394  INFO PausableInvocationsLogger - Interaction [f: navigator, m: executeNavigatorAction, rq: 3] called delayUserInteraction: FormClientAction[modalitType: DOCKED]
19 мар 2020 15:17:37,394  INFO PausableInvocationsLogger - Invocation [f: navigator, m: executeNavigatorAction, rq: 3] finished
19 мар 2020 15:17:37,394  INFO PausableInvocationsLogger - Releasing request lock for [f: navigator, m: executeNavigatorAction, rq: 3] for request #3
19 мар 2020 15:17:37,394  INFO PausableInvocationsLogger - Released request lock for [f: navigator, m: executeNavigatorAction, rq: 3] for request #3
19 мар 2020 15:17:38,656  INFO PausableInvocationsLogger - Acquiring request lock for [f: Main.MainForm, m: changePageSize, rq: 0] for request #0
19 мар 2020 15:17:38,657  INFO PausableInvocationsLogger - Acquired request lock for [f: Main.MainForm, m: changePageSize, rq: 0] for request #0
19 мар 2020 15:17:38,657  INFO PausableInvocationsLogger - Run invocation: [f: Main.MainForm, m: changePageSize, rq: 0]
19 мар 2020 15:17:38,659  INFO PausableInvocationsLogger - Invocation [f: Main.MainForm, m: changePageSize, rq: 0] finished
19 мар 2020 15:17:38,659  INFO PausableInvocationsLogger - Releasing request lock for [f: Main.MainForm, m: changePageSize, rq: 0] for request #0
19 мар 2020 15:17:38,659  INFO PausableInvocationsLogger - Released request lock for [f: Main.MainForm, m: changePageSize, rq: 0] for request #0
20 мар 2020 17:59:03,017  INFO PausableInvocationsLogger - Acquiring request lock for [f: navigator, m: executeNavigatorAction, rq: 0] for request #0
20 мар 2020 17:59:03,018  INFO PausableInvocationsLogger - Acquired request lock for [f: navigator, m: executeNavigatorAction, rq: 0] for request #0
20 мар 2020 17:59:03,018  INFO PausableInvocationsLogger - Run invocation: [f: navigator, m: executeNavigatorAction, rq: 0]
20 мар 2020 17:59:03,056  INFO PausableInvocationsLogger - Invocation [f: navigator, m: executeNavigatorAction, rq: 0] finished
20 мар 2020 17:59:03,056  INFO PausableInvocationsLogger - Releasing request lock for [f: navigator, m: executeNavigatorAction, rq: 0] for request #0
20 мар 2020 17:59:03,056  INFO PausableInvocationsLogger - Released request lock for [f: navigator, m: executeNavigatorAction, rq: 0] for request #0
20 мар 2020 17:59:08,241  INFO PausableInvocationsLogger - Acquiring request lock for [f: navigator, m: executeNavigatorAction, rq: 1] for request #1
20 мар 2020 17:59:08,241  INFO PausableInvocationsLogger - Acquired request lock for [f: navigator, m: executeNavigatorAction, rq: 1] for request #1
20 мар 2020 17:59:08,241  INFO PausableInvocationsLogger - Run invocation: [f: navigator, m: executeNavigatorAction, rq: 1]
20 мар 2020 17:59:08,322  INFO PausableInvocationsLogger - Interaction [f: navigator, m: executeNavigatorAction, rq: 1] called delayUserInteraction: FormClientAction[modalitType: DOCKED]
20 мар 2020 17:59:08,322  INFO PausableInvocationsLogger - Invocation [f: navigator, m: executeNavigatorAction, rq: 1] finished
20 мар 2020 17:59:08,322  INFO PausableInvocationsLogger - Releasing request lock for [f: navigator, m: executeNavigatorAction, rq: 1] for request #1
20 мар 2020 17:59:08,322  INFO PausableInvocationsLogger - Released request lock for [f: navigator, m: executeNavigatorAction, rq: 1] for request #1
20 мар 2020 17:59:09,665  INFO PausableInvocationsLogger - Acquiring request lock for [f: Main.Teams, m: changePageSize, rq: 0] for request #0
20 мар 2020 17:59:09,665  INFO PausableInvocationsLogger - Acquired request lock for [f: Main.Teams, m: changePageSize, rq: 0] for request #0
20 мар 2020 17:59:09,666  INFO PausableInvocationsLogger - Run invocation: [f: Main.Teams, m: changePageSize, rq: 0]
20 мар 2020 17:59:09,667  INFO PausableInvocationsLogger - Invocation [f: Main.Teams, m: changePageSize, rq: 0] finished
20 мар 2020 17:59:09,667  INFO PausableInvocationsLogger - Releasing request lock for [f: Main.Teams, m: changePageSize, rq: 0] for request #0
20 мар 2020 17:59:09,667  INFO PausableInvocationsLogger - Released request lock for [f: Main.Teams, m: changePageSize, rq: 0] for request #0
20 мар 2020 17:59:13,582  INFO PausableInvocationsLogger - Acquiring request lock for [f: navigator, m: executeNavigatorAction, rq: 2] for request #2
20 мар 2020 17:59:13,583  INFO PausableInvocationsLogger - Acquired request lock for [f: navigator, m: executeNavigatorAction, rq: 2] for request #2
20 мар 2020 17:59:13,583  INFO PausableInvocationsLogger - Run invocation: [f: navigator, m: executeNavigatorAction, rq: 2]
20 мар 2020 17:59:13,602  INFO PausableInvocationsLogger - Interaction [f: navigator, m: executeNavigatorAction, rq: 2] called delayUserInteraction: FormClientAction[modalitType: DOCKED]
20 мар 2020 17:59:13,602  INFO PausableInvocationsLogger - Invocation [f: navigator, m: executeNavigatorAction, rq: 2] finished
20 мар 2020 17:59:13,602  INFO PausableInvocationsLogger - Releasing request lock for [f: navigator, m: executeNavigatorAction, rq: 2] for request #2
20 мар 2020 17:59:13,602  INFO PausableInvocationsLogger - Released request lock for [f: navigator, m: executeNavigatorAction, rq: 2] for request #2
20 мар 2020 17:59:15,722  INFO PausableInvocationsLogger - Acquiring request lock for [f: navigator, m: executeNavigatorAction, rq: 3] for request #3
20 мар 2020 17:59:15,722  INFO PausableInvocationsLogger - Acquired request lock for [f: navigator, m: executeNavigatorAction, rq: 3] for request #3
20 мар 2020 17:59:15,722  INFO PausableInvocationsLogger - Run invocation: [f: navigator, m: executeNavigatorAction, rq: 3]
20 мар 2020 17:59:15,741  INFO PausableInvocationsLogger - Interaction [f: navigator, m: executeNavigatorAction, rq: 3] called delayUserInteraction: FormClientAction[modalitType: DOCKED]
20 мар 2020 17:59:15,741  INFO PausableInvocationsLogger - Invocation [f: navigator, m: executeNavigatorAction, rq: 3] finished
20 мар 2020 17:59:15,741  INFO PausableInvocationsLogger - Releasing request lock for [f: navigator, m: executeNavigatorAction, rq: 3] for request #3
20 мар 2020 17:59:15,741  INFO PausableInvocationsLogger - Released request lock for [f: navigator, m: executeNavigatorAction, rq: 3] for request #3
20 мар 2020 17:59:16,890  INFO PausableInvocationsLogger - Acquiring request lock for [f: Main.Teams, m: changePageSize, rq: 0] for request #0
20 мар 2020 17:59:16,890  INFO PausableInvocationsLogger - Acquired request lock for [f: Main.Teams, m: changePageSize, rq: 0] for request #0
20 мар 2020 17:59:16,890  INFO PausableInvocationsLogger - Run invocation: [f: Main.Teams, m: changePageSize, rq: 0]
20 мар 2020 17:59:16,891  INFO PausableInvocationsLogger - Invocation [f: Main.Teams, m: changePageSize, rq: 0] finished
20 мар 2020 17:59:16,891  INFO PausableInvocationsLogger - Releasing request lock for [f: Main.Teams, m: changePageSize, rq: 0] for request #0
20 мар 2020 17:59:16,891  INFO PausableInvocationsLogger - Released request lock for [f: Main.Teams, m: changePageSize, rq: 0] for request #0
20 мар 2020 17:59:17,145  INFO PausableInvocationsLogger - Acquiring request lock for [f: navigator, m: executeNavigatorAction, rq: 4] for request #4
20 мар 2020 17:59:17,145  INFO PausableInvocationsLogger - Acquired request lock for [f: navigator, m: executeNavigatorAction, rq: 4] for request #4
20 мар 2020 17:59:17,145  INFO PausableInvocationsLogger - Run invocation: [f: navigator, m: executeNavigatorAction, rq: 4]
20 мар 2020 17:59:17,156  INFO PausableInvocationsLogger - Interaction [f: navigator, m: executeNavigatorAction, rq: 4] called delayUserInteraction: FormClientAction[modalitType: DOCKED]
20 мар 2020 17:59:17,156  INFO PausableInvocationsLogger - Invocation [f: navigator, m: executeNavigatorAction, rq: 4] finished
20 мар 2020 17:59:17,158  INFO PausableInvocationsLogger - Releasing request lock for [f: navigator, m: executeNavigatorAction, rq: 4] for request #4
20 мар 2020 17:59:17,158  INFO PausableInvocationsLogger - Released request lock for [f: navigator, m: executeNavigatorAction, rq: 4] for request #4
20 мар 2020 17:59:18,839  INFO PausableInvocationsLogger - Acquiring request lock for [f: navigator, m: executeNavigatorAction, rq: 5] for request #5
20 мар 2020 17:59:18,839  INFO PausableInvocationsLogger - Acquired request lock for [f: navigator, m: executeNavigatorAction, rq: 5] for request #5
20 мар 2020 17:59:18,839  INFO PausableInvocationsLogger - Run invocation: [f: navigator, m: executeNavigatorAction, rq: 5]
20 мар 2020 17:59:18,858  INFO PausableInvocationsLogger - Interaction [f: navigator, m: executeNavigatorAction, rq: 5] called delayUserInteraction: FormClientAction[modalitType: DOCKED]
20 мар 2020 17:59:18,858  INFO PausableInvocationsLogger - Invocation [f: navigator, m: executeNavigatorAction, rq: 5] finished
20 мар 2020 17:59:18,858  INFO PausableInvocationsLogger - Releasing request lock for [f: navigator, m: executeNavigatorAction, rq: 5] for request #5
20 мар 2020 17:59:18,858  INFO PausableInvocationsLogger - Released request lock for [f: navigator, m: executeNavigatorAction, rq: 5] for request #5
20 мар 2020 17:59:20,011  INFO PausableInvocationsLogger - Acquiring request lock for [f: Main.Teams, m: changePageSize, rq: 0] for request #0
20 мар 2020 17:59:20,011  INFO PausableInvocationsLogger - Acquired request lock for [f: Main.Teams, m: changePageSize, rq: 0] for request #0
20 мар 2020 17:59:20,012  INFO PausableInvocationsLogger - Run invocation: [f: Main.Teams, m: changePageSize, rq: 0]
20 мар 2020 17:59:20,012  INFO PausableInvocationsLogger - Invocation [f: Main.Teams, m: changePageSize, rq: 0] finished
20 мар 2020 17:59:20,012  INFO PausableInvocationsLogger - Releasing request lock for [f: Main.Teams, m: changePageSize, rq: 0] for request #0
20 мар 2020 17:59:20,012  INFO PausableInvocationsLogger - Released request lock for [f: Main.Teams, m: changePageSize, rq: 0] for request #0
20 мар 2020 17:59:25,123  INFO PausableInvocationsLogger - Acquiring request lock for [f: navigator, m: executeNavigatorAction, rq: 6] for request #6
20 мар 2020 17:59:25,123  INFO PausableInvocationsLogger - Acquired request lock for [f: navigator, m: executeNavigatorAction, rq: 6] for request #6
20 мар 2020 17:59:25,123  INFO PausableInvocationsLogger - Run invocation: [f: navigator, m: executeNavigatorAction, rq: 6]
20 мар 2020 17:59:25,135  INFO PausableInvocationsLogger - Interaction [f: navigator, m: executeNavigatorAction, rq: 6] called delayUserInteraction: FormClientAction[modalitType: DOCKED]
20 мар 2020 17:59:25,135  INFO PausableInvocationsLogger - Invocation [f: navigator, m: executeNavigatorAction, rq: 6] finished
20 мар 2020 17:59:25,136  INFO PausableInvocationsLogger - Releasing request lock for [f: navigator, m: executeNavigatorAction, rq: 6] for request #6
20 мар 2020 17:59:25,136  INFO PausableInvocationsLogger - Released request lock for [f: navigator, m: executeNavigatorAction, rq: 6] for request #6
20 мар 2020 17:59:26,047  INFO PausableInvocationsLogger - Acquiring request lock for [f: navigator, m: executeNavigatorAction, rq: 7] for request #7
20 мар 2020 17:59:26,047  INFO PausableInvocationsLogger - Acquired request lock for [f: navigator, m: executeNavigatorAction, rq: 7] for request #7
20 мар 2020 17:59:26,047  INFO PausableInvocationsLogger - Run invocation: [f: navigator, m: executeNavigatorAction, rq: 7]
20 мар 2020 17:59:26,059  INFO PausableInvocationsLogger - Interaction [f: navigator, m: executeNavigatorAction, rq: 7] called delayUserInteraction: FormClientAction[modalitType: DOCKED]
20 мар 2020 17:59:26,059  INFO PausableInvocationsLogger - Invocation [f: navigator, m: executeNavigatorAction, rq: 7] finished
20 мар 2020 17:59:26,059  INFO PausableInvocationsLogger - Releasing request lock for [f: navigator, m: executeNavigatorAction, rq: 7] for request #7
20 мар 2020 17:59:26,059  INFO PausableInvocationsLogger - Released request lock for [f: navigator, m: executeNavigatorAction, rq: 7] for request #7
20 мар 2020 17:59:27,671  INFO PausableInvocationsLogger - Acquiring request lock for [f: navigator, m: executeNavigatorAction, rq: 8] for request #8
20 мар 2020 17:59:27,671  INFO PausableInvocationsLogger - Acquired request lock for [f: navigator, m: executeNavigatorAction, rq: 8] for request #8
20 мар 2020 17:59:27,671  INFO PausableInvocationsLogger - Run invocation: [f: navigator, m: executeNavigatorAction, rq: 8]
20 мар 2020 17:59:27,684  INFO PausableInvocationsLogger - Interaction [f: navigator, m: executeNavigatorAction, rq: 8] called delayUserInteraction: FormClientAction[modalitType: DOCKED]
20 мар 2020 17:59:27,684  INFO PausableInvocationsLogger - Invocation [f: navigator, m: executeNavigatorAction, rq: 8] finished
20 мар 2020 17:59:27,684  INFO PausableInvocationsLogger - Releasing request lock for [f: navigator, m: executeNavigatorAction, rq: 8] for request #8
20 мар 2020 17:59:27,684  INFO PausableInvocationsLogger - Released request lock for [f: navigator, m: executeNavigatorAction, rq: 8] for request #8
20 мар 2020 17:59:28,454  INFO PausableInvocationsLogger - Acquiring request lock for [f: navigator, m: executeNavigatorAction, rq: 9] for request #9
20 мар 2020 17:59:28,454  INFO PausableInvocationsLogger - Acquired request lock for [f: navigator, m: executeNavigatorAction, rq: 9] for request #9
20 мар 2020 17:59:28,454  INFO PausableInvocationsLogger - Run invocation: [f: navigator, m: executeNavigatorAction, rq: 9]
20 мар 2020 17:59:28,473  INFO PausableInvocationsLogger - Interaction [f: navigator, m: executeNavigatorAction, rq: 9] called delayUserInteraction: FormClientAction[modalitType: DOCKED]
20 мар 2020 17:59:28,473  INFO PausableInvocationsLogger - Invocation [f: navigator, m: executeNavigatorAction, rq: 9] finished
20 мар 2020 17:59:28,473  INFO PausableInvocationsLogger - Releasing request lock for [f: navigator, m: executeNavigatorAction, rq: 9] for request #9
20 мар 2020 17:59:28,473  INFO PausableInvocationsLogger - Released request lock for [f: navigator, m: executeNavigatorAction, rq: 9] for request #9
20 мар 2020 17:59:29,078  INFO PausableInvocationsLogger - Acquiring request lock for [f: navigator, m: executeNavigatorAction, rq: 10] for request #10
20 мар 2020 17:59:29,078  INFO PausableInvocationsLogger - Acquired request lock for [f: navigator, m: executeNavigatorAction, rq: 10] for request #10
20 мар 2020 17:59:29,078  INFO PausableInvocationsLogger - Run invocation: [f: navigator, m: executeNavigatorAction, rq: 10]
20 мар 2020 17:59:29,091  INFO PausableInvocationsLogger - Interaction [f: navigator, m: executeNavigatorAction, rq: 10] called delayUserInteraction: FormClientAction[modalitType: DOCKED]
20 мар 2020 17:59:29,092  INFO PausableInvocationsLogger - Invocation [f: navigator, m: executeNavigatorAction, rq: 10] finished
20 мар 2020 17:59:29,092  INFO PausableInvocationsLogger - Releasing request lock for [f: navigator, m: executeNavigatorAction, rq: 10] for request #10
20 мар 2020 17:59:29,092  INFO PausableInvocationsLogger - Released request lock for [f: navigator, m: executeNavigatorAction, rq: 10] for request #10
20 мар 2020 17:59:30,034  INFO PausableInvocationsLogger - Acquiring request lock for [f: navigator, m: executeNavigatorAction, rq: 11] for request #11
20 мар 2020 17:59:30,034  INFO PausableInvocationsLogger - Acquired request lock for [f: navigator, m: executeNavigatorAction, rq: 11] for request #11
20 мар 2020 17:59:30,034  INFO PausableInvocationsLogger - Run invocation: [f: navigator, m: executeNavigatorAction, rq: 11]
20 мар 2020 17:59:30,047  INFO PausableInvocationsLogger - Interaction [f: navigator, m: executeNavigatorAction, rq: 11] called delayUserInteraction: FormClientAction[modalitType: DOCKED]
20 мар 2020 17:59:30,047  INFO PausableInvocationsLogger - Invocation [f: navigator, m: executeNavigatorAction, rq: 11] finished
20 мар 2020 17:59:30,047  INFO PausableInvocationsLogger - Releasing request lock for [f: navigator, m: executeNavigatorAction, rq: 11] for request #11
20 мар 2020 17:59:30,047  INFO PausableInvocationsLogger - Released request lock for [f: navigator, m: executeNavigatorAction, rq: 11] for request #11
20 мар 2020 17:59:31,263  INFO PausableInvocationsLogger - Acquiring request lock for [f: navigator, m: executeNavigatorAction, rq: 12] for request #12
20 мар 2020 17:59:31,263  INFO PausableInvocationsLogger - Acquired request lock for [f: navigator, m: executeNavigatorAction, rq: 12] for request #12
20 мар 2020 17:59:31,264  INFO PausableInvocationsLogger - Run invocation: [f: navigator, m: executeNavigatorAction, rq: 12]
20 мар 2020 17:59:31,690  INFO PausableInvocationsLogger - Interaction [f: navigator, m: executeNavigatorAction, rq: 12] called delayUserInteraction: FormClientAction[modalitType: DOCKED]
20 мар 2020 17:59:31,690  INFO PausableInvocationsLogger - Invocation [f: navigator, m: executeNavigatorAction, rq: 12] finished
20 мар 2020 17:59:31,690  INFO PausableInvocationsLogger - Releasing request lock for [f: navigator, m: executeNavigatorAction, rq: 12] for request #12
20 мар 2020 17:59:31,690  INFO PausableInvocationsLogger - Released request lock for [f: navigator, m: executeNavigatorAction, rq: 12] for request #12
