18 Mar 2020 12:15:19,597 ERROR SchedulerLogger - SERVER STOPPING, all scheduled tasks will be interrupted
18 Mar 2020 12:15:52,096  INFO SchedulerLogger - Started running scheduler task - Changing current date
18 Mar 2020 12:15:52,099  INFO SchedulerLogger - Started running scheduler task - Changing current date
18 Mar 2020 12:15:52,357  INFO SchedulerLogger - Finished running scheduler task - Changing current date
18 Mar 2020 12:15:52,450  INFO SchedulerLogger - Finished running scheduler task - Changing current date
18 Mar 2020 12:16:22,096  INFO SchedulerLogger - Started running scheduler task - Changing current date
18 Mar 2020 12:16:22,098  INFO SchedulerLogger - Finished running scheduler task - Changing current date
18 Mar 2020 12:16:52,099  INFO SchedulerLogger - Started running scheduler task - Changing current date
18 Mar 2020 12:16:52,104  INFO SchedulerLogger - Finished running scheduler task - Changing current date
18 Mar 2020 12:17:22,105  INFO SchedulerLogger - Started running scheduler task - Changing current date
18 Mar 2020 12:17:22,111  INFO SchedulerLogger - Finished running scheduler task - Changing current date
18 Mar 2020 12:17:52,112  INFO SchedulerLogger - Started running scheduler task - Changing current date
18 Mar 2020 12:17:52,118  INFO SchedulerLogger - Finished running scheduler task - Changing current date
18 Mar 2020 12:18:22,118  INFO SchedulerLogger - Started running scheduler task - Changing current date
18 Mar 2020 12:18:22,124  INFO SchedulerLogger - Finished running scheduler task - Changing current date
18 Mar 2020 12:18:52,125  INFO SchedulerLogger - Started running scheduler task - Changing current date
18 Mar 2020 12:18:52,130  INFO SchedulerLogger - Finished running scheduler task - Changing current date
18 Mar 2020 12:19:22,130  INFO SchedulerLogger - Started running scheduler task - Changing current date
18 Mar 2020 12:19:22,136  INFO SchedulerLogger - Finished running scheduler task - Changing current date
18 Mar 2020 12:19:52,136  INFO SchedulerLogger - Started running scheduler task - Changing current date
18 Mar 2020 12:19:52,141  INFO SchedulerLogger - Finished running scheduler task - Changing current date
18 Mar 2020 12:20:22,142  INFO SchedulerLogger - Started running scheduler task - Changing current date
18 Mar 2020 12:20:22,153  INFO SchedulerLogger - Finished running scheduler task - Changing current date
18 Mar 2020 12:20:52,153  INFO SchedulerLogger - Started running scheduler task - Changing current date
18 Mar 2020 12:20:52,158  INFO SchedulerLogger - Finished running scheduler task - Changing current date
18 Mar 2020 12:21:22,158  INFO SchedulerLogger - Started running scheduler task - Changing current date
18 Mar 2020 12:21:22,163  INFO SchedulerLogger - Finished running scheduler task - Changing current date
18 Mar 2020 12:21:52,163  INFO SchedulerLogger - Started running scheduler task - Changing current date
18 Mar 2020 12:21:52,168  INFO SchedulerLogger - Finished running scheduler task - Changing current date
19 мар 2020 14:57:00,795  INFO SchedulerLogger - Started running scheduler task - Changing current date
19 мар 2020 14:57:00,795  INFO SchedulerLogger - Started running scheduler task - Changing current date
19 мар 2020 14:57:00,826  INFO SchedulerLogger - Finished running scheduler task - Changing current date
19 мар 2020 14:57:00,885  INFO SchedulerLogger - Finished running scheduler task - Changing current date
19 мар 2020 15:00:34,467  INFO SchedulerLogger - Started running scheduler task - Changing current date
19 мар 2020 15:00:34,467  INFO SchedulerLogger - Started running scheduler task - Changing current date
19 мар 2020 15:00:34,473  INFO SchedulerLogger - Finished running scheduler task - Changing current date
19 мар 2020 15:00:34,516  INFO SchedulerLogger - Finished running scheduler task - Changing current date
19 мар 2020 15:01:04,469  INFO SchedulerLogger - Started running scheduler task - Changing current date
19 мар 2020 15:01:04,471  INFO SchedulerLogger - Finished running scheduler task - Changing current date
19 мар 2020 15:01:34,472  INFO SchedulerLogger - Started running scheduler task - Changing current date
19 мар 2020 15:01:34,475  INFO SchedulerLogger - Finished running scheduler task - Changing current date
19 мар 2020 15:02:04,477  INFO SchedulerLogger - Started running scheduler task - Changing current date
19 мар 2020 15:02:04,479  INFO SchedulerLogger - Finished running scheduler task - Changing current date
19 мар 2020 15:02:34,480  INFO SchedulerLogger - Started running scheduler task - Changing current date
19 мар 2020 15:02:34,490  INFO SchedulerLogger - Finished running scheduler task - Changing current date
19 мар 2020 15:03:04,955  INFO SchedulerLogger - Started running scheduler task - Changing current date
19 мар 2020 15:03:04,955  INFO SchedulerLogger - Started running scheduler task - Changing current date
19 мар 2020 15:03:04,958  INFO SchedulerLogger - Finished running scheduler task - Changing current date
19 мар 2020 15:03:05,003  INFO SchedulerLogger - Finished running scheduler task - Changing current date
19 мар 2020 15:03:34,957  INFO SchedulerLogger - Started running scheduler task - Changing current date
19 мар 2020 15:03:34,963  INFO SchedulerLogger - Finished running scheduler task - Changing current date
19 мар 2020 15:04:04,964  INFO SchedulerLogger - Started running scheduler task - Changing current date
19 мар 2020 15:04:04,966  INFO SchedulerLogger - Finished running scheduler task - Changing current date
19 мар 2020 15:04:34,967  INFO SchedulerLogger - Started running scheduler task - Changing current date
19 мар 2020 15:04:34,968  INFO SchedulerLogger - Finished running scheduler task - Changing current date
19 мар 2020 15:05:04,971  INFO SchedulerLogger - Started running scheduler task - Changing current date
19 мар 2020 15:05:04,972  INFO SchedulerLogger - Finished running scheduler task - Changing current date
19 мар 2020 15:05:34,973  INFO SchedulerLogger - Started running scheduler task - Changing current date
19 мар 2020 15:05:34,973  INFO SchedulerLogger - Finished running scheduler task - Changing current date
19 мар 2020 15:06:04,974  INFO SchedulerLogger - Started running scheduler task - Changing current date
19 мар 2020 15:06:04,976  INFO SchedulerLogger - Finished running scheduler task - Changing current date
19 мар 2020 15:06:34,979  INFO SchedulerLogger - Started running scheduler task - Changing current date
19 мар 2020 15:06:34,980  INFO SchedulerLogger - Finished running scheduler task - Changing current date
19 мар 2020 15:07:04,981  INFO SchedulerLogger - Started running scheduler task - Changing current date
19 мар 2020 15:07:04,982  INFO SchedulerLogger - Finished running scheduler task - Changing current date
19 мар 2020 15:07:34,983  INFO SchedulerLogger - Started running scheduler task - Changing current date
19 мар 2020 15:07:34,984  INFO SchedulerLogger - Finished running scheduler task - Changing current date
19 мар 2020 15:08:04,985  INFO SchedulerLogger - Started running scheduler task - Changing current date
19 мар 2020 15:08:04,986  INFO SchedulerLogger - Finished running scheduler task - Changing current date
19 мар 2020 15:08:34,987  INFO SchedulerLogger - Started running scheduler task - Changing current date
19 мар 2020 15:08:34,988  INFO SchedulerLogger - Finished running scheduler task - Changing current date
19 мар 2020 15:09:04,989  INFO SchedulerLogger - Started running scheduler task - Changing current date
19 мар 2020 15:09:04,992  INFO SchedulerLogger - Finished running scheduler task - Changing current date
19 мар 2020 15:09:34,994  INFO SchedulerLogger - Started running scheduler task - Changing current date
19 мар 2020 15:09:34,995  INFO SchedulerLogger - Finished running scheduler task - Changing current date
19 мар 2020 15:10:04,996  INFO SchedulerLogger - Started running scheduler task - Changing current date
19 мар 2020 15:10:04,997  INFO SchedulerLogger - Finished running scheduler task - Changing current date
19 мар 2020 15:10:42,323  INFO SchedulerLogger - Started running scheduler task - Changing current date
19 мар 2020 15:10:42,323  INFO SchedulerLogger - Started running scheduler task - Changing current date
19 мар 2020 15:10:42,328  INFO SchedulerLogger - Finished running scheduler task - Changing current date
19 мар 2020 15:10:42,378  INFO SchedulerLogger - Finished running scheduler task - Changing current date
19 мар 2020 15:11:12,322  INFO SchedulerLogger - Started running scheduler task - Changing current date
19 мар 2020 15:11:12,325  INFO SchedulerLogger - Finished running scheduler task - Changing current date
19 мар 2020 15:11:42,328  INFO SchedulerLogger - Started running scheduler task - Changing current date
19 мар 2020 15:11:42,328  INFO SchedulerLogger - Finished running scheduler task - Changing current date
19 мар 2020 15:12:00,874  INFO SchedulerLogger - Started running scheduler task - Changing current date
19 мар 2020 15:12:00,874  INFO SchedulerLogger - Started running scheduler task - Changing current date
19 мар 2020 15:12:00,877  INFO SchedulerLogger - Finished running scheduler task - Changing current date
19 мар 2020 15:12:00,930  INFO SchedulerLogger - Finished running scheduler task - Changing current date
19 мар 2020 15:12:30,874  INFO SchedulerLogger - Started running scheduler task - Changing current date
19 мар 2020 15:12:30,875  INFO SchedulerLogger - Finished running scheduler task - Changing current date
19 мар 2020 15:13:00,877  INFO SchedulerLogger - Started running scheduler task - Changing current date
19 мар 2020 15:13:00,881  INFO SchedulerLogger - Finished running scheduler task - Changing current date
19 мар 2020 15:13:30,882  INFO SchedulerLogger - Started running scheduler task - Changing current date
19 мар 2020 15:13:30,886  INFO SchedulerLogger - Finished running scheduler task - Changing current date
19 мар 2020 15:14:00,887  INFO SchedulerLogger - Started running scheduler task - Changing current date
19 мар 2020 15:14:00,888  INFO SchedulerLogger - Finished running scheduler task - Changing current date
19 мар 2020 15:14:30,890  INFO SchedulerLogger - Started running scheduler task - Changing current date
19 мар 2020 15:14:30,891  INFO SchedulerLogger - Finished running scheduler task - Changing current date
19 мар 2020 15:15:00,893  INFO SchedulerLogger - Started running scheduler task - Changing current date
19 мар 2020 15:15:00,894  INFO SchedulerLogger - Finished running scheduler task - Changing current date
19 мар 2020 15:15:30,896  INFO SchedulerLogger - Started running scheduler task - Changing current date
19 мар 2020 15:15:30,897  INFO SchedulerLogger - Finished running scheduler task - Changing current date
19 мар 2020 15:16:00,899  INFO SchedulerLogger - Started running scheduler task - Changing current date
19 мар 2020 15:16:00,902  INFO SchedulerLogger - Finished running scheduler task - Changing current date
19 мар 2020 15:16:30,903  INFO SchedulerLogger - Started running scheduler task - Changing current date
19 мар 2020 15:16:30,905  INFO SchedulerLogger - Finished running scheduler task - Changing current date
19 мар 2020 15:17:00,906  INFO SchedulerLogger - Started running scheduler task - Changing current date
19 мар 2020 15:17:00,907  INFO SchedulerLogger - Finished running scheduler task - Changing current date
19 мар 2020 15:17:30,908  INFO SchedulerLogger - Started running scheduler task - Changing current date
19 мар 2020 15:17:30,912  INFO SchedulerLogger - Finished running scheduler task - Changing current date
19 мар 2020 15:18:00,912  INFO SchedulerLogger - Started running scheduler task - Changing current date
19 мар 2020 15:18:00,916  INFO SchedulerLogger - Finished running scheduler task - Changing current date
19 мар 2020 15:18:30,918  INFO SchedulerLogger - Started running scheduler task - Changing current date
19 мар 2020 15:18:30,919  INFO SchedulerLogger - Finished running scheduler task - Changing current date
19 мар 2020 15:19:00,921  INFO SchedulerLogger - Started running scheduler task - Changing current date
19 мар 2020 15:19:00,923  INFO SchedulerLogger - Finished running scheduler task - Changing current date
19 мар 2020 15:19:30,924  INFO SchedulerLogger - Started running scheduler task - Changing current date
19 мар 2020 15:19:30,925  INFO SchedulerLogger - Finished running scheduler task - Changing current date
19 мар 2020 15:20:00,926  INFO SchedulerLogger - Started running scheduler task - Changing current date
19 мар 2020 15:20:00,929  INFO SchedulerLogger - Finished running scheduler task - Changing current date
19 мар 2020 15:20:30,931  INFO SchedulerLogger - Started running scheduler task - Changing current date
19 мар 2020 15:20:30,933  INFO SchedulerLogger - Finished running scheduler task - Changing current date
19 мар 2020 15:21:00,935  INFO SchedulerLogger - Started running scheduler task - Changing current date
19 мар 2020 15:21:00,936  INFO SchedulerLogger - Finished running scheduler task - Changing current date
19 мар 2020 15:21:30,938  INFO SchedulerLogger - Started running scheduler task - Changing current date
19 мар 2020 15:21:30,941  INFO SchedulerLogger - Finished running scheduler task - Changing current date
19 мар 2020 15:22:00,943  INFO SchedulerLogger - Started running scheduler task - Changing current date
19 мар 2020 15:22:00,944  INFO SchedulerLogger - Finished running scheduler task - Changing current date
20 мар 2020 17:58:46,631  INFO SchedulerLogger - Started running scheduler task - Changing current date
20 мар 2020 17:58:46,631  INFO SchedulerLogger - Started running scheduler task - Changing current date
20 мар 2020 17:58:46,720  INFO SchedulerLogger - Finished running scheduler task - Changing current date
20 мар 2020 17:58:46,749  INFO SchedulerLogger - Finished running scheduler task - Changing current date
20 мар 2020 17:59:16,631  INFO SchedulerLogger - Started running scheduler task - Changing current date
20 мар 2020 17:59:16,632  INFO SchedulerLogger - Finished running scheduler task - Changing current date
