18 Mar 2020 12:15:47,322 system - system - system  INFO SQLConnectionLogger - NEW CONNECTION : 27205, Time : 37, Current connections count : 1
18 Mar 2020 12:15:47,407 system - system - system  INFO SQLConnectionLogger - CLOSE CONNECTION TO CACHE (size : 1) CONNECTION : 27205, Current connections count : 1
18 Mar 2020 12:15:47,492 system - system - system  INFO SQLConnectionLogger - NEW CONNECTION FROM CACHE (size : 0) CONNECTION : 27205, Current connections count : 1
18 Mar 2020 12:15:47,528 system - system - system  INFO SQLConnectionLogger - CLOSE CONNECTION TO CACHE (size : 1) CONNECTION : 27205, Current connections count : 1
18 Mar 2020 12:15:47,618 system - system - system  INFO SQLConnectionLogger - NEW CONNECTION FROM CACHE (size : 0) CONNECTION : 27205, Current connections count : 1
18 Mar 2020 12:15:47,629 system - system - system  INFO SQLConnectionLogger - CLOSE CONNECTION TO CACHE (size : 1) CONNECTION : 27205, Current connections count : 1
18 Mar 2020 12:15:47,658 system - system - system  INFO SQLConnectionLogger - NEW CONNECTION FROM CACHE (size : 0) CONNECTION : 27205, Current connections count : 1
18 Mar 2020 12:15:47,667 system - system - system  INFO SQLConnectionLogger - CLOSE CONNECTION TO CACHE (size : 1) CONNECTION : 27205, Current connections count : 1
18 Mar 2020 12:15:47,672 system - system - system  INFO SQLConnectionLogger - NEW CONNECTION FROM CACHE (size : 0) CONNECTION : 27205, Current connections count : 1
18 Mar 2020 12:15:47,675 system - system - system  INFO SQLConnectionLogger - CLOSE CONNECTION TO CACHE (size : 1) CONNECTION : 27205, Current connections count : 1
18 Mar 2020 12:15:47,680 system - system - system  INFO SQLConnectionLogger - NEW CONNECTION FROM CACHE (size : 0) CONNECTION : 27205, Current connections count : 1
18 Mar 2020 12:15:47,684 system - system - system  INFO SQLConnectionLogger - CLOSE CONNECTION TO CACHE (size : 1) CONNECTION : 27205, Current connections count : 1
18 Mar 2020 12:15:47,800 system - system - system  INFO SQLConnectionLogger - NEW CONNECTION FROM CACHE (size : 0) CONNECTION : 27205, Current connections count : 1
18 Mar 2020 12:15:47,818 system - system - system  INFO SQLConnectionLogger - CLOSE CONNECTION TO CACHE (size : 1) CONNECTION : 27205, Current connections count : 1
18 Mar 2020 12:15:47,826 system - system - system  INFO SQLConnectionLogger - NEW CONNECTION FROM CACHE (size : 0) CONNECTION : 27205, Current connections count : 1
18 Mar 2020 12:15:47,842 system - system - system  INFO SQLConnectionLogger - CLOSE CONNECTION TO CACHE (size : 1) CONNECTION : 27205, Current connections count : 1
18 Mar 2020 12:15:47,844 system - system - system  INFO SQLConnectionLogger - NEW CONNECTION FROM CACHE (size : 0) CONNECTION : 27205, Current connections count : 1
18 Mar 2020 12:15:47,847 system - system - system  INFO SQLConnectionLogger - CLOSE CONNECTION TO CACHE (size : 1) CONNECTION : 27205, Current connections count : 1
18 Mar 2020 12:15:47,853 system - system - system  INFO SQLConnectionLogger - NEW CONNECTION FROM CACHE (size : 0) CONNECTION : 27205, Current connections count : 1
18 Mar 2020 12:15:47,854 system - system - system  INFO SQLConnectionLogger - CLOSE CONNECTION TO CACHE (size : 1) CONNECTION : 27205, Current connections count : 1
18 Mar 2020 12:15:47,858 system - system - system  INFO SQLConnectionLogger - NEW CONNECTION FROM CACHE (size : 0) CONNECTION : 27205, Current connections count : 1
18 Mar 2020 12:15:47,859 system - system - system  INFO SQLConnectionLogger - CLOSE CONNECTION TO CACHE (size : 1) CONNECTION : 27205, Current connections count : 1
18 Mar 2020 12:15:48,545 system - system - system  INFO SQLConnectionLogger - NEW CONNECTION FROM CACHE (size : 0) CONNECTION : 27205, Current connections count : 1
18 Mar 2020 12:15:48,589 system - system - system  INFO SQLConnectionLogger - CLOSE CONNECTION TO CACHE (size : 1) CONNECTION : 27205, Current connections count : 1
18 Mar 2020 12:15:48,590 system - system - system  INFO SQLConnectionLogger - NEW CONNECTION FROM CACHE (size : 0) CONNECTION : 27205, Current connections count : 1
18 Mar 2020 12:15:48,608 system - system - system  INFO SQLConnectionLogger - CLOSE CONNECTION TO CACHE (size : 1) CONNECTION : 27205, Current connections count : 1
18 Mar 2020 12:15:48,614 system - system - system  INFO SQLConnectionLogger - NEW CONNECTION FROM CACHE (size : 0) CONNECTION : 27205, Current connections count : 1
18 Mar 2020 12:15:49,315 system - system - system  INFO SQLConnectionLogger - NEW CONNECTION : 27209, Time : 43, Current connections count : 2
18 Mar 2020 12:15:49,348 system - system - system  INFO SQLConnectionLogger - CLOSE CONNECTION TO CACHE (size : 1) CONNECTION : 27209, Current connections count : 2
18 Mar 2020 12:15:50,619 system - system - system  INFO SQLConnectionLogger - CLOSE CONNECTION TO CACHE (size : 2) CONNECTION : 27205, Current connections count : 2
18 Mar 2020 12:15:50,626 system - system - system  INFO SQLConnectionLogger - NEW CONNECTION FROM CACHE (size : 1) CONNECTION : 27205, Current connections count : 2
18 Mar 2020 12:15:50,714 system - system - system  INFO SQLConnectionLogger - CLOSE CONNECTION TO CACHE (size : 2) CONNECTION : 27205, Current connections count : 2
18 Mar 2020 12:15:50,717 system - system - system  INFO SQLConnectionLogger - NEW CONNECTION FROM CACHE (size : 1) CONNECTION : 27205, Current connections count : 2
18 Mar 2020 12:15:50,718 system - system - system  INFO SQLConnectionLogger - CLOSE CONNECTION TO CACHE (size : 2) CONNECTION : 27205, Current connections count : 2
18 Mar 2020 12:15:50,747 system - system - system  INFO SQLConnectionLogger - NEW CONNECTION FROM CACHE (size : 1) CONNECTION : 27205, Current connections count : 2
18 Mar 2020 12:15:50,749 system - system - system  INFO SQLConnectionLogger - CLOSE CONNECTION TO CACHE (size : 2) CONNECTION : 27205, Current connections count : 2
18 Mar 2020 12:15:50,956 system - system - system  INFO SQLConnectionLogger - NEW CONNECTION FROM CACHE (size : 1) CONNECTION : 27205, Current connections count : 2
18 Mar 2020 12:15:50,959 system - system - system  INFO SQLConnectionLogger - CLOSE CONNECTION TO CACHE (size : 2) CONNECTION : 27205, Current connections count : 2
18 Mar 2020 12:15:50,961 system - system - system  INFO SQLConnectionLogger - NEW CONNECTION FROM CACHE (size : 1) CONNECTION : 27205, Current connections count : 2
18 Mar 2020 12:15:50,963 system - system - system  INFO SQLConnectionLogger - CLOSE CONNECTION TO CACHE (size : 2) CONNECTION : 27205, Current connections count : 2
18 Mar 2020 12:15:51,188 system - system - system  INFO SQLConnectionLogger - NEW CONNECTION FROM CACHE (size : 1) CONNECTION : 27205, Current connections count : 2
18 Mar 2020 12:15:51,196 system - system - system  INFO SQLConnectionLogger - CLOSE CONNECTION TO CACHE (size : 2) CONNECTION : 27205, Current connections count : 2
18 Mar 2020 12:15:51,198 system - system - system  INFO SQLConnectionLogger - NEW CONNECTION FROM CACHE (size : 1) CONNECTION : 27205, Current connections count : 2
18 Mar 2020 12:15:51,200 system - system - system  INFO SQLConnectionLogger - CLOSE CONNECTION TO CACHE (size : 2) CONNECTION : 27205, Current connections count : 2
18 Mar 2020 12:15:51,208 system - system - system  INFO SQLConnectionLogger - NEW CONNECTION FROM CACHE (size : 1) CONNECTION : 27205, Current connections count : 2
18 Mar 2020 12:15:51,216 system - system - system  INFO SQLConnectionLogger - CLOSE CONNECTION TO CACHE (size : 2) CONNECTION : 27205, Current connections count : 2
18 Mar 2020 12:15:51,217 system - system - system  INFO SQLConnectionLogger - NEW CONNECTION FROM CACHE (size : 1) CONNECTION : 27205, Current connections count : 2
18 Mar 2020 12:15:51,218 system - system - system  INFO SQLConnectionLogger - CLOSE CONNECTION TO CACHE (size : 2) CONNECTION : 27205, Current connections count : 2
18 Mar 2020 12:15:51,221 system - system - system  INFO SQLConnectionLogger - NEW CONNECTION FROM CACHE (size : 1) CONNECTION : 27205, Current connections count : 2
18 Mar 2020 12:15:51,223 system - system - system  INFO SQLConnectionLogger - CLOSE CONNECTION TO CACHE (size : 2) CONNECTION : 27205, Current connections count : 2
18 Mar 2020 12:15:51,224 system - system - system  INFO SQLConnectionLogger - NEW CONNECTION FROM CACHE (size : 1) CONNECTION : 27205, Current connections count : 2
18 Mar 2020 12:15:51,226 system - system - system  INFO SQLConnectionLogger - CLOSE CONNECTION TO CACHE (size : 2) CONNECTION : 27205, Current connections count : 2
18 Mar 2020 12:15:51,293 system - system - system  INFO SQLConnectionLogger - NEW CONNECTION FROM CACHE (size : 1) CONNECTION : 27205, Current connections count : 2
18 Mar 2020 12:15:51,295 system - system - system  INFO SQLConnectionLogger - CLOSE CONNECTION TO CACHE (size : 2) CONNECTION : 27205, Current connections count : 2
18 Mar 2020 12:15:51,300 system - system - system  INFO SQLConnectionLogger - NEW CONNECTION FROM CACHE (size : 1) CONNECTION : 27205, Current connections count : 2
18 Mar 2020 12:15:51,301 system - system - system  INFO SQLConnectionLogger - CLOSE CONNECTION TO CACHE (size : 2) CONNECTION : 27205, Current connections count : 2
18 Mar 2020 12:15:51,322 system - system - system  INFO SQLConnectionLogger - NEW CONNECTION FROM CACHE (size : 1) CONNECTION : 27205, Current connections count : 2
18 Mar 2020 12:15:51,330 system - system - system  INFO SQLConnectionLogger - CLOSE CONNECTION TO CACHE (size : 2) CONNECTION : 27205, Current connections count : 2
18 Mar 2020 12:15:51,332 system - system - system  INFO SQLConnectionLogger - NEW CONNECTION FROM CACHE (size : 1) CONNECTION : 27205, Current connections count : 2
18 Mar 2020 12:15:51,333 system - system - system  INFO SQLConnectionLogger - CLOSE CONNECTION TO CACHE (size : 2) CONNECTION : 27205, Current connections count : 2
18 Mar 2020 12:15:51,440 system - system - system  INFO SQLConnectionLogger - NEW CONNECTION FROM CACHE (size : 1) CONNECTION : 27205, Current connections count : 2
18 Mar 2020 12:15:51,441 system - system - system  INFO SQLConnectionLogger - CLOSE CONNECTION TO CACHE (size : 2) CONNECTION : 27205, Current connections count : 2
18 Mar 2020 12:15:51,444 system - system - system  INFO SQLConnectionLogger - NEW CONNECTION FROM CACHE (size : 1) CONNECTION : 27205, Current connections count : 2
18 Mar 2020 12:15:51,445 system - system - system  INFO SQLConnectionLogger - CLOSE CONNECTION TO CACHE (size : 2) CONNECTION : 27205, Current connections count : 2
18 Mar 2020 12:15:51,451 system - system - system  INFO SQLConnectionLogger - NEW CONNECTION FROM CACHE (size : 1) CONNECTION : 27205, Current connections count : 2
18 Mar 2020 12:15:51,452 system - system - system  INFO SQLConnectionLogger - CLOSE CONNECTION TO CACHE (size : 2) CONNECTION : 27205, Current connections count : 2
18 Mar 2020 12:15:51,454 system - system - system  INFO SQLConnectionLogger - NEW CONNECTION FROM CACHE (size : 1) CONNECTION : 27205, Current connections count : 2
18 Mar 2020 12:15:51,456 system - system - system  INFO SQLConnectionLogger - CLOSE CONNECTION TO CACHE (size : 2) CONNECTION : 27205, Current connections count : 2
18 Mar 2020 12:15:51,460 system - system - system  INFO SQLConnectionLogger - NEW CONNECTION FROM CACHE (size : 1) CONNECTION : 27205, Current connections count : 2
18 Mar 2020 12:15:51,461 system - system - system  INFO SQLConnectionLogger - CLOSE CONNECTION TO CACHE (size : 2) CONNECTION : 27205, Current connections count : 2
18 Mar 2020 12:15:51,464 system - system - system  INFO SQLConnectionLogger - NEW CONNECTION FROM CACHE (size : 1) CONNECTION : 27205, Current connections count : 2
18 Mar 2020 12:15:51,469 system - system - system  INFO SQLConnectionLogger - CLOSE CONNECTION TO CACHE (size : 2) CONNECTION : 27205, Current connections count : 2
18 Mar 2020 12:15:51,472 system - system - system  INFO SQLConnectionLogger - NEW CONNECTION FROM CACHE (size : 1) CONNECTION : 27205, Current connections count : 2
18 Mar 2020 12:15:51,475 system - system - system  INFO SQLConnectionLogger - CLOSE CONNECTION TO CACHE (size : 2) CONNECTION : 27205, Current connections count : 2
18 Mar 2020 12:15:51,484 system - system - system  INFO SQLConnectionLogger - NEW CONNECTION FROM CACHE (size : 1) CONNECTION : 27205, Current connections count : 2
18 Mar 2020 12:15:51,487 system - system - system  INFO SQLConnectionLogger - CLOSE CONNECTION TO CACHE (size : 2) CONNECTION : 27205, Current connections count : 2
18 Mar 2020 12:15:51,491 system - system - system  INFO SQLConnectionLogger - NEW CONNECTION FROM CACHE (size : 1) CONNECTION : 27205, Current connections count : 2
18 Mar 2020 12:15:51,494 system - system - system  INFO SQLConnectionLogger - CLOSE CONNECTION TO CACHE (size : 2) CONNECTION : 27205, Current connections count : 2
18 Mar 2020 12:15:51,497 system - system - system  INFO SQLConnectionLogger - NEW CONNECTION FROM CACHE (size : 1) CONNECTION : 27205, Current connections count : 2
18 Mar 2020 12:15:51,504 system - system - system  INFO SQLConnectionLogger - CLOSE CONNECTION TO CACHE (size : 2) CONNECTION : 27205, Current connections count : 2
18 Mar 2020 12:15:51,510 system - system - system  INFO SQLConnectionLogger - NEW CONNECTION FROM CACHE (size : 1) CONNECTION : 27205, Current connections count : 2
18 Mar 2020 12:15:51,511 system - system - system  INFO SQLConnectionLogger - CLOSE CONNECTION TO CACHE (size : 2) CONNECTION : 27205, Current connections count : 2
18 Mar 2020 12:15:51,515 system - system - system  INFO SQLConnectionLogger - NEW CONNECTION FROM CACHE (size : 1) CONNECTION : 27205, Current connections count : 2
18 Mar 2020 12:15:51,516 system - system - system  INFO SQLConnectionLogger - CLOSE CONNECTION TO CACHE (size : 2) CONNECTION : 27205, Current connections count : 2
18 Mar 2020 12:15:51,520 system - system - system  INFO SQLConnectionLogger - NEW CONNECTION FROM CACHE (size : 1) CONNECTION : 27205, Current connections count : 2
18 Mar 2020 12:15:51,521 system - system - system  INFO SQLConnectionLogger - CLOSE CONNECTION TO CACHE (size : 2) CONNECTION : 27205, Current connections count : 2
18 Mar 2020 12:15:51,523 system - system - system  INFO SQLConnectionLogger - NEW CONNECTION FROM CACHE (size : 1) CONNECTION : 27205, Current connections count : 2
18 Mar 2020 12:15:51,525 system - system - system  INFO SQLConnectionLogger - CLOSE CONNECTION TO CACHE (size : 2) CONNECTION : 27205, Current connections count : 2
18 Mar 2020 12:15:51,558 system - system - system  INFO SQLConnectionLogger - NEW CONNECTION FROM CACHE (size : 1) CONNECTION : 27205, Current connections count : 2
18 Mar 2020 12:15:51,999 system - system - system  INFO SQLConnectionLogger - CLOSE CONNECTION TO CACHE (size : 2) CONNECTION : 27205, Current connections count : 2
18 Mar 2020 12:15:52,008 system - system - system  INFO SQLConnectionLogger - NEW CONNECTION FROM CACHE (size : 1) CONNECTION : 27205, Current connections count : 2
18 Mar 2020 12:15:52,010 system - system - system  INFO SQLConnectionLogger - CLOSE CONNECTION TO CACHE (size : 2) CONNECTION : 27205, Current connections count : 2
18 Mar 2020 12:15:52,017 system - system - system  INFO SQLConnectionLogger - NEW CONNECTION FROM CACHE (size : 1) CONNECTION : 27205, Current connections count : 2
18 Mar 2020 12:15:52,018 system - system - system  INFO SQLConnectionLogger - CLOSE CONNECTION TO CACHE (size : 2) CONNECTION : 27205, Current connections count : 2
18 Mar 2020 12:15:52,020 system - system - system  INFO SQLConnectionLogger - NEW CONNECTION FROM CACHE (size : 1) CONNECTION : 27205, Current connections count : 2
18 Mar 2020 12:15:52,021 system - system - system  INFO SQLConnectionLogger - CLOSE CONNECTION TO CACHE (size : 2) CONNECTION : 27205, Current connections count : 2
18 Mar 2020 12:15:52,025 system - system - system  INFO SQLConnectionLogger - NEW CONNECTION FROM CACHE (size : 1) CONNECTION : 27205, Current connections count : 2
18 Mar 2020 12:15:52,035 system - system - system  INFO SQLConnectionLogger - CLOSE CONNECTION TO CACHE (size : 2) CONNECTION : 27205, Current connections count : 2
18 Mar 2020 12:15:52,037 system - system - system  INFO SQLConnectionLogger - NEW CONNECTION FROM CACHE (size : 1) CONNECTION : 27205, Current connections count : 2
18 Mar 2020 12:15:52,038 system - system - system  INFO SQLConnectionLogger - CLOSE CONNECTION TO CACHE (size : 2) CONNECTION : 27205, Current connections count : 2
18 Mar 2020 12:15:52,040 system - system - system  INFO SQLConnectionLogger - NEW CONNECTION FROM CACHE (size : 1) CONNECTION : 27205, Current connections count : 2
18 Mar 2020 12:15:52,041 system - system - system  INFO SQLConnectionLogger - CLOSE CONNECTION TO CACHE (size : 2) CONNECTION : 27205, Current connections count : 2
18 Mar 2020 12:15:52,042 system - system - system  INFO SQLConnectionLogger - NEW CONNECTION FROM CACHE (size : 1) CONNECTION : 27205, Current connections count : 2
18 Mar 2020 12:15:52,043 system - system - system  INFO SQLConnectionLogger - CLOSE CONNECTION TO CACHE (size : 2) CONNECTION : 27205, Current connections count : 2
18 Mar 2020 12:15:52,046 system - system - system  INFO SQLConnectionLogger - NEW CONNECTION FROM CACHE (size : 1) CONNECTION : 27205, Current connections count : 2
18 Mar 2020 12:15:52,048 system - system - system  INFO SQLConnectionLogger - CLOSE CONNECTION TO CACHE (size : 2) CONNECTION : 27205, Current connections count : 2
18 Mar 2020 12:15:52,052 system - system - system  INFO SQLConnectionLogger - NEW CONNECTION FROM CACHE (size : 1) CONNECTION : 27205, Current connections count : 2
18 Mar 2020 12:15:52,053 system - system - system  INFO SQLConnectionLogger - CLOSE CONNECTION TO CACHE (size : 2) CONNECTION : 27205, Current connections count : 2
18 Mar 2020 12:15:52,090 system - system - system  INFO SQLConnectionLogger - NEW CONNECTION FROM CACHE (size : 1) CONNECTION : 27205, Current connections count : 2
18 Mar 2020 12:15:52,094 system - system - system  INFO SQLConnectionLogger - CLOSE CONNECTION TO CACHE (size : 2) CONNECTION : 27205, Current connections count : 2
18 Mar 2020 12:15:52,101 system - system - system  INFO SQLConnectionLogger - NEW CONNECTION FROM CACHE (size : 1) CONNECTION : 27205, Current connections count : 2
18 Mar 2020 12:15:52,102 system - system - system  INFO SQLConnectionLogger - NEW CONNECTION FROM CACHE (size : 0) CONNECTION : 27209, Current connections count : 2
18 Mar 2020 12:15:52,104 system - system - system  INFO SQLConnectionLogger - CLOSE CONNECTION TO CACHE (size : 1) CONNECTION : 27205, Current connections count : 2
18 Mar 2020 12:15:52,105 system - system - system  INFO SQLConnectionLogger - NEW CONNECTION FROM CACHE (size : 0) CONNECTION : 27205, Current connections count : 2
18 Mar 2020 12:15:52,107 system - system - system  INFO SQLConnectionLogger - CLOSE CONNECTION TO CACHE (size : 1) CONNECTION : 27205, Current connections count : 2
18 Mar 2020 12:15:52,110 system - system - system  INFO SQLConnectionLogger - CLOSE CONNECTION TO CACHE (size : 2) CONNECTION : 27209, Current connections count : 2
18 Mar 2020 12:15:52,116 system - system - system  INFO SQLConnectionLogger - NEW CONNECTION FROM CACHE (size : 1) CONNECTION : 27209, Current connections count : 2
18 Mar 2020 12:15:52,121 system - system - system  INFO SQLConnectionLogger - NEW CONNECTION FROM CACHE (size : 0) CONNECTION : 27205, Current connections count : 2
18 Mar 2020 12:15:52,122 system - system - system  INFO SQLConnectionLogger - CLOSE CONNECTION TO CACHE (size : 1) CONNECTION : 27205, Current connections count : 2
18 Mar 2020 12:15:52,132 system - system - system  INFO SQLConnectionLogger - NEW CONNECTION FROM CACHE (size : 0) CONNECTION : 27205, Current connections count : 2
18 Mar 2020 12:15:52,134 system - system - system  INFO SQLConnectionLogger - CLOSE CONNECTION TO CACHE (size : 1) CONNECTION : 27205, Current connections count : 2
18 Mar 2020 12:15:52,147 system - system - system  INFO SQLConnectionLogger - NEW CONNECTION FROM CACHE (size : 0) CONNECTION : 27205, Current connections count : 2
18 Mar 2020 12:15:52,149 system - system - system  INFO SQLConnectionLogger - CLOSE CONNECTION TO CACHE (size : 1) CONNECTION : 27205, Current connections count : 2
18 Mar 2020 12:15:52,150 system - system - system  INFO SQLConnectionLogger - NEW CONNECTION FROM CACHE (size : 0) CONNECTION : 27205, Current connections count : 2
18 Mar 2020 12:15:52,175 system - system - system  INFO SQLConnectionLogger - CLOSE CONNECTION TO CACHE (size : 1) CONNECTION : 27205, Current connections count : 2
18 Mar 2020 12:15:52,176 system - system - system  INFO SQLConnectionLogger - NEW CONNECTION : 27221, Time : 54, Current connections count : 3
18 Mar 2020 12:15:52,194 system - system - system  INFO SQLConnectionLogger - NEW CONNECTION FROM CACHE (size : 0) CONNECTION : 27205, Current connections count : 3
18 Mar 2020 12:15:52,213 system - system - system  INFO SQLConnectionLogger - CLOSE CONNECTION TO CACHE (size : 1) CONNECTION : 27205, Current connections count : 3
18 Mar 2020 12:15:52,217 system - system - system  INFO SQLConnectionLogger - NEW CONNECTION FROM CACHE (size : 0) CONNECTION : 27205, Current connections count : 3
18 Mar 2020 12:15:52,290 system - system - system  INFO SQLConnectionLogger - CLOSE CONNECTION TO CACHE (size : 1) CONNECTION : 27205, Current connections count : 3
18 Mar 2020 12:15:52,314 system - system - system  INFO SQLConnectionLogger - NEW CONNECTION FROM CACHE (size : 0) CONNECTION : 27205, Current connections count : 3
18 Mar 2020 12:15:52,356 system - system - system  INFO SQLConnectionLogger - CLOSE CONNECTION TO CACHE (size : 1) CONNECTION : 27221, Current connections count : 3
18 Mar 2020 12:15:52,358 system - system - system  INFO SQLConnectionLogger - CLOSE CONNECTION TO CACHE (size : 2) CONNECTION : 27209, Current connections count : 3
18 Mar 2020 12:15:52,358 system - system - system  INFO SQLConnectionLogger - NEW CONNECTION FROM CACHE (size : 1) CONNECTION : 27209, Current connections count : 3
18 Mar 2020 12:15:52,450 system - system - system  INFO SQLConnectionLogger - CLOSE CONNECTION TO CACHE (size : 2) CONNECTION : 27209, Current connections count : 3
18 Mar 2020 12:15:52,495 system - system - system  INFO SQLConnectionLogger - CLOSE CONNECTION TO CACHE (size : 3) CONNECTION : 27205, Current connections count : 3
18 Mar 2020 12:15:52,495 system - system - system  INFO SQLConnectionLogger - NEW CONNECTION FROM CACHE (size : 2) CONNECTION : 27205, Current connections count : 3
18 Mar 2020 12:15:52,609 system - system - system  INFO SQLConnectionLogger - CLOSE CONNECTION TO CACHE (size : 3) CONNECTION : 27205, Current connections count : 3
18 Mar 2020 12:15:52,661 system - system - system  INFO SQLConnectionLogger - NEW CONNECTION FROM CACHE (size : 2) CONNECTION : 27205, Current connections count : 3
18 Mar 2020 12:15:52,662 system - system - system  INFO SQLConnectionLogger - CLOSE CONNECTION TO CACHE (size : 3) CONNECTION : 27205, Current connections count : 3
18 Mar 2020 12:15:52,672 system - system - system  INFO SQLConnectionLogger - NEW CONNECTION FROM CACHE (size : 2) CONNECTION : 27205, Current connections count : 3
18 Mar 2020 12:15:52,906 system - system - system  INFO SQLConnectionLogger - CLOSE CONNECTION TO CACHE (size : 3) CONNECTION : 27205, Current connections count : 3
18 Mar 2020 12:15:52,912 system - system - system  INFO SQLConnectionLogger - NEW CONNECTION FROM CACHE (size : 2) CONNECTION : 27205, Current connections count : 3
18 Mar 2020 12:15:53,747 system - system - system  INFO SQLConnectionLogger - CLOSE CONNECTION TO CACHE (size : 3) CONNECTION : 27205, Current connections count : 3
18 Mar 2020 12:15:53,758 system - system - system  INFO SQLConnectionLogger - NEW CONNECTION FROM CACHE (size : 2) CONNECTION : 27205, Current connections count : 3
18 Mar 2020 12:15:58,650 system - system - system  INFO SQLConnectionLogger - CLOSE CONNECTION TO CACHE (size : 3) CONNECTION : 27205, Current connections count : 3
18 Mar 2020 12:15:58,655 system - system - system  INFO SQLConnectionLogger - NEW CONNECTION FROM CACHE (size : 2) CONNECTION : 27205, Current connections count : 3
18 Mar 2020 12:15:58,697 system - system - system  INFO SQLConnectionLogger - CLOSE CONNECTION TO CACHE (size : 3) CONNECTION : 27205, Current connections count : 3
18 Mar 2020 12:16:22,097 system - system - system  INFO SQLConnectionLogger - NEW CONNECTION FROM CACHE (size : 2) CONNECTION : 27205, Current connections count : 3
18 Mar 2020 12:16:22,098 system - system - system  INFO SQLConnectionLogger - CLOSE CONNECTION TO CACHE (size : 3) CONNECTION : 27205, Current connections count : 3
18 Mar 2020 12:16:52,100 system - system - system  INFO SQLConnectionLogger - NEW CONNECTION FROM CACHE (size : 2) CONNECTION : 27205, Current connections count : 3
18 Mar 2020 12:16:52,103 system - system - system  INFO SQLConnectionLogger - CLOSE CONNECTION TO CACHE (size : 3) CONNECTION : 27205, Current connections count : 3
18 Mar 2020 12:17:22,108 system - system - system  INFO SQLConnectionLogger - NEW CONNECTION FROM CACHE (size : 2) CONNECTION : 27205, Current connections count : 3
18 Mar 2020 12:17:22,111 system - system - system  INFO SQLConnectionLogger - CLOSE CONNECTION TO CACHE (size : 3) CONNECTION : 27205, Current connections count : 3
18 Mar 2020 12:17:52,114 system - system - system  INFO SQLConnectionLogger - NEW CONNECTION FROM CACHE (size : 2) CONNECTION : 27205, Current connections count : 3
18 Mar 2020 12:17:52,117 system - system - system  INFO SQLConnectionLogger - CLOSE CONNECTION TO CACHE (size : 3) CONNECTION : 27205, Current connections count : 3
18 Mar 2020 12:18:22,120 system - system - system  INFO SQLConnectionLogger - NEW CONNECTION FROM CACHE (size : 2) CONNECTION : 27205, Current connections count : 3
18 Mar 2020 12:18:22,124 system - system - system  INFO SQLConnectionLogger - CLOSE CONNECTION TO CACHE (size : 3) CONNECTION : 27205, Current connections count : 3
18 Mar 2020 12:18:52,127 system - system - system  INFO SQLConnectionLogger - NEW CONNECTION FROM CACHE (size : 2) CONNECTION : 27205, Current connections count : 3
18 Mar 2020 12:18:52,129 system - system - system  INFO SQLConnectionLogger - CLOSE CONNECTION TO CACHE (size : 3) CONNECTION : 27205, Current connections count : 3
18 Mar 2020 12:19:22,133 system - system - system  INFO SQLConnectionLogger - NEW CONNECTION FROM CACHE (size : 2) CONNECTION : 27205, Current connections count : 3
18 Mar 2020 12:19:22,135 system - system - system  INFO SQLConnectionLogger - CLOSE CONNECTION TO CACHE (size : 3) CONNECTION : 27205, Current connections count : 3
18 Mar 2020 12:19:52,139 system - system - system  INFO SQLConnectionLogger - NEW CONNECTION FROM CACHE (size : 2) CONNECTION : 27205, Current connections count : 3
18 Mar 2020 12:19:52,140 system - system - system  INFO SQLConnectionLogger - CLOSE CONNECTION TO CACHE (size : 3) CONNECTION : 27205, Current connections count : 3
18 Mar 2020 12:20:22,150 system - system - system  INFO SQLConnectionLogger - NEW CONNECTION FROM CACHE (size : 2) CONNECTION : 27205, Current connections count : 3
18 Mar 2020 12:20:22,152 system - system - system  INFO SQLConnectionLogger - CLOSE CONNECTION TO CACHE (size : 3) CONNECTION : 27205, Current connections count : 3
18 Mar 2020 12:20:52,155 system - system - system  INFO SQLConnectionLogger - NEW CONNECTION FROM CACHE (size : 2) CONNECTION : 27205, Current connections count : 3
18 Mar 2020 12:20:52,157 system - system - system  INFO SQLConnectionLogger - CLOSE CONNECTION TO CACHE (size : 3) CONNECTION : 27205, Current connections count : 3
18 Mar 2020 12:21:22,161 system - system - system  INFO SQLConnectionLogger - NEW CONNECTION FROM CACHE (size : 2) CONNECTION : 27205, Current connections count : 3
18 Mar 2020 12:21:22,162 system - system - system  INFO SQLConnectionLogger - CLOSE CONNECTION TO CACHE (size : 3) CONNECTION : 27205, Current connections count : 3
18 Mar 2020 12:21:52,166 system - system - system  INFO SQLConnectionLogger - NEW CONNECTION FROM CACHE (size : 2) CONNECTION : 27205, Current connections count : 3
18 Mar 2020 12:21:52,167 system - system - system  INFO SQLConnectionLogger - CLOSE CONNECTION TO CACHE (size : 3) CONNECTION : 27205, Current connections count : 3
19 мар 2020 14:56:54,709 system - system - system  INFO SQLConnectionLogger - NEW CONNECTION : 12196, Time : 35, Current connections count : 1
19 мар 2020 14:56:54,723 system - system - system  INFO SQLConnectionLogger - CLOSE CONNECTION TO CACHE (size : 1) CONNECTION : 12196, Current connections count : 1
19 мар 2020 14:56:55,089 system - system - system  INFO SQLConnectionLogger - NEW CONNECTION FROM CACHE (size : 0) CONNECTION : 12196, Current connections count : 1
19 мар 2020 14:56:55,155 system - system - system  INFO SQLConnectionLogger - CLOSE CONNECTION TO CACHE (size : 1) CONNECTION : 12196, Current connections count : 1
19 мар 2020 14:56:55,155 system - system - system  INFO SQLConnectionLogger - NEW CONNECTION FROM CACHE (size : 0) CONNECTION : 12196, Current connections count : 1
19 мар 2020 14:56:55,157 system - system - system  INFO SQLConnectionLogger - CLOSE CONNECTION TO CACHE (size : 1) CONNECTION : 12196, Current connections count : 1
19 мар 2020 14:56:55,158 system - system - system  INFO SQLConnectionLogger - NEW CONNECTION FROM CACHE (size : 0) CONNECTION : 12196, Current connections count : 1
19 мар 2020 14:56:55,816 system - system - system  INFO SQLConnectionLogger - NEW CONNECTION : 10368, Time : 35, Current connections count : 2
19 мар 2020 14:56:55,828 system - system - system  INFO SQLConnectionLogger - CLOSE CONNECTION TO CACHE (size : 1) CONNECTION : 10368, Current connections count : 2
19 мар 2020 14:56:55,828 system - system - system  INFO SQLConnectionLogger - NEW CONNECTION FROM CACHE (size : 0) CONNECTION : 10368, Current connections count : 2
19 мар 2020 14:56:55,831 system - system - system  INFO SQLConnectionLogger - CLOSE CONNECTION TO CACHE (size : 1) CONNECTION : 10368, Current connections count : 2
19 мар 2020 14:56:55,867 system - system - system  INFO SQLConnectionLogger - NEW CONNECTION FROM CACHE (size : 0) CONNECTION : 10368, Current connections count : 2
19 мар 2020 14:56:55,870 system - system - system  INFO SQLConnectionLogger - CLOSE CONNECTION TO CACHE (size : 1) CONNECTION : 10368, Current connections count : 2
19 мар 2020 14:56:55,943 system - system - system  INFO SQLConnectionLogger - NEW CONNECTION FROM CACHE (size : 0) CONNECTION : 10368, Current connections count : 2
19 мар 2020 14:56:55,946 system - system - system  INFO SQLConnectionLogger - CLOSE CONNECTION TO CACHE (size : 1) CONNECTION : 10368, Current connections count : 2
19 мар 2020 14:56:58,959 system - system - system  INFO SQLConnectionLogger - CLOSE CONNECTION TO CACHE (size : 2) CONNECTION : 12196, Current connections count : 2
19 мар 2020 14:56:58,961 system - system - system  INFO SQLConnectionLogger - NEW CONNECTION FROM CACHE (size : 1) CONNECTION : 12196, Current connections count : 2
19 мар 2020 14:56:59,006 system - system - system  INFO SQLConnectionLogger - CLOSE CONNECTION TO CACHE (size : 2) CONNECTION : 12196, Current connections count : 2
19 мар 2020 14:56:59,008 system - system - system  INFO SQLConnectionLogger - NEW CONNECTION FROM CACHE (size : 1) CONNECTION : 12196, Current connections count : 2
19 мар 2020 14:56:59,008 system - system - system  INFO SQLConnectionLogger - CLOSE CONNECTION TO CACHE (size : 2) CONNECTION : 12196, Current connections count : 2
19 мар 2020 14:56:59,011 system - system - system  INFO SQLConnectionLogger - NEW CONNECTION FROM CACHE (size : 1) CONNECTION : 12196, Current connections count : 2
19 мар 2020 14:56:59,190 system - system - system  INFO SQLConnectionLogger - CLOSE CONNECTION TO CACHE (size : 2) CONNECTION : 12196, Current connections count : 2
19 мар 2020 14:56:59,225 system - system - system  INFO SQLConnectionLogger - NEW CONNECTION FROM CACHE (size : 1) CONNECTION : 12196, Current connections count : 2
19 мар 2020 14:56:59,226 system - system - system  INFO SQLConnectionLogger - CLOSE CONNECTION TO CACHE (size : 2) CONNECTION : 12196, Current connections count : 2
19 мар 2020 14:56:59,229 system - system - system  INFO SQLConnectionLogger - NEW CONNECTION FROM CACHE (size : 1) CONNECTION : 12196, Current connections count : 2
19 мар 2020 14:56:59,261 system - system - system  INFO SQLConnectionLogger - CLOSE CONNECTION TO CACHE (size : 2) CONNECTION : 12196, Current connections count : 2
19 мар 2020 14:56:59,264 system - system - system  INFO SQLConnectionLogger - NEW CONNECTION FROM CACHE (size : 1) CONNECTION : 12196, Current connections count : 2
19 мар 2020 14:56:59,265 system - system - system  INFO SQLConnectionLogger - CLOSE CONNECTION TO CACHE (size : 2) CONNECTION : 12196, Current connections count : 2
19 мар 2020 14:56:59,268 system - system - system  INFO SQLConnectionLogger - NEW CONNECTION FROM CACHE (size : 1) CONNECTION : 12196, Current connections count : 2
19 мар 2020 14:56:59,298 system - system - system  INFO SQLConnectionLogger - CLOSE CONNECTION TO CACHE (size : 2) CONNECTION : 12196, Current connections count : 2
19 мар 2020 14:56:59,299 system - system - system  INFO SQLConnectionLogger - NEW CONNECTION FROM CACHE (size : 1) CONNECTION : 12196, Current connections count : 2
19 мар 2020 14:56:59,300 system - system - system  INFO SQLConnectionLogger - CLOSE CONNECTION TO CACHE (size : 2) CONNECTION : 12196, Current connections count : 2
19 мар 2020 14:56:59,302 system - system - system  INFO SQLConnectionLogger - NEW CONNECTION FROM CACHE (size : 1) CONNECTION : 12196, Current connections count : 2
19 мар 2020 14:56:59,319 system - system - system  INFO SQLConnectionLogger - CLOSE CONNECTION TO CACHE (size : 2) CONNECTION : 12196, Current connections count : 2
19 мар 2020 14:56:59,361 system - system - system  INFO SQLConnectionLogger - NEW CONNECTION FROM CACHE (size : 1) CONNECTION : 12196, Current connections count : 2
19 мар 2020 14:56:59,362 system - system - system  INFO SQLConnectionLogger - CLOSE CONNECTION TO CACHE (size : 2) CONNECTION : 12196, Current connections count : 2
19 мар 2020 14:56:59,364 system - system - system  INFO SQLConnectionLogger - NEW CONNECTION FROM CACHE (size : 1) CONNECTION : 12196, Current connections count : 2
19 мар 2020 14:56:59,381 system - system - system  INFO SQLConnectionLogger - CLOSE CONNECTION TO CACHE (size : 2) CONNECTION : 12196, Current connections count : 2
19 мар 2020 14:56:59,382 system - system - system  INFO SQLConnectionLogger - NEW CONNECTION FROM CACHE (size : 1) CONNECTION : 12196, Current connections count : 2
19 мар 2020 14:56:59,382 system - system - system  INFO SQLConnectionLogger - CLOSE CONNECTION TO CACHE (size : 2) CONNECTION : 12196, Current connections count : 2
19 мар 2020 14:56:59,385 system - system - system  INFO SQLConnectionLogger - NEW CONNECTION FROM CACHE (size : 1) CONNECTION : 12196, Current connections count : 2
19 мар 2020 14:56:59,385 system - system - system  INFO SQLConnectionLogger - CLOSE CONNECTION TO CACHE (size : 2) CONNECTION : 12196, Current connections count : 2
19 мар 2020 14:56:59,390 system - system - system  INFO SQLConnectionLogger - NEW CONNECTION FROM CACHE (size : 1) CONNECTION : 12196, Current connections count : 2
19 мар 2020 14:56:59,457 system - system - system  INFO SQLConnectionLogger - CLOSE CONNECTION TO CACHE (size : 2) CONNECTION : 12196, Current connections count : 2
19 мар 2020 14:56:59,457 system - system - system  INFO SQLConnectionLogger - NEW CONNECTION FROM CACHE (size : 1) CONNECTION : 12196, Current connections count : 2
19 мар 2020 14:56:59,458 system - system - system  INFO SQLConnectionLogger - CLOSE CONNECTION TO CACHE (size : 2) CONNECTION : 12196, Current connections count : 2
19 мар 2020 14:56:59,458 system - system - system  INFO SQLConnectionLogger - NEW CONNECTION FROM CACHE (size : 1) CONNECTION : 12196, Current connections count : 2
19 мар 2020 14:56:59,459 system - system - system  INFO SQLConnectionLogger - CLOSE CONNECTION TO CACHE (size : 2) CONNECTION : 12196, Current connections count : 2
19 мар 2020 14:56:59,461 system - system - system  INFO SQLConnectionLogger - NEW CONNECTION FROM CACHE (size : 1) CONNECTION : 12196, Current connections count : 2
19 мар 2020 14:56:59,494 system - system - system  INFO SQLConnectionLogger - CLOSE CONNECTION TO CACHE (size : 2) CONNECTION : 12196, Current connections count : 2
19 мар 2020 14:56:59,495 system - system - system  INFO SQLConnectionLogger - NEW CONNECTION FROM CACHE (size : 1) CONNECTION : 12196, Current connections count : 2
19 мар 2020 14:56:59,496 system - system - system  INFO SQLConnectionLogger - CLOSE CONNECTION TO CACHE (size : 2) CONNECTION : 12196, Current connections count : 2
19 мар 2020 14:56:59,497 system - system - system  INFO SQLConnectionLogger - NEW CONNECTION FROM CACHE (size : 1) CONNECTION : 12196, Current connections count : 2
19 мар 2020 14:56:59,522 system - system - system  INFO SQLConnectionLogger - CLOSE CONNECTION TO CACHE (size : 2) CONNECTION : 12196, Current connections count : 2
19 мар 2020 14:56:59,717 system - system - system  INFO SQLConnectionLogger - NEW CONNECTION FROM CACHE (size : 1) CONNECTION : 12196, Current connections count : 2
19 мар 2020 14:56:59,717 system - system - system  INFO SQLConnectionLogger - CLOSE CONNECTION TO CACHE (size : 2) CONNECTION : 12196, Current connections count : 2
19 мар 2020 14:56:59,718 system - system - system  INFO SQLConnectionLogger - NEW CONNECTION FROM CACHE (size : 1) CONNECTION : 12196, Current connections count : 2
19 мар 2020 14:56:59,719 system - system - system  INFO SQLConnectionLogger - CLOSE CONNECTION TO CACHE (size : 2) CONNECTION : 12196, Current connections count : 2
19 мар 2020 14:56:59,724 system - system - system  INFO SQLConnectionLogger - NEW CONNECTION FROM CACHE (size : 1) CONNECTION : 12196, Current connections count : 2
19 мар 2020 14:56:59,731 system - system - system  INFO SQLConnectionLogger - CLOSE CONNECTION TO CACHE (size : 2) CONNECTION : 12196, Current connections count : 2
19 мар 2020 14:56:59,734 system - system - system  INFO SQLConnectionLogger - NEW CONNECTION FROM CACHE (size : 1) CONNECTION : 12196, Current connections count : 2
19 мар 2020 14:56:59,735 system - system - system  INFO SQLConnectionLogger - CLOSE CONNECTION TO CACHE (size : 2) CONNECTION : 12196, Current connections count : 2
19 мар 2020 14:56:59,737 system - system - system  INFO SQLConnectionLogger - NEW CONNECTION FROM CACHE (size : 1) CONNECTION : 12196, Current connections count : 2
19 мар 2020 14:56:59,742 system - system - system  INFO SQLConnectionLogger - CLOSE CONNECTION TO CACHE (size : 2) CONNECTION : 12196, Current connections count : 2
19 мар 2020 14:56:59,743 system - system - system  INFO SQLConnectionLogger - NEW CONNECTION FROM CACHE (size : 1) CONNECTION : 12196, Current connections count : 2
19 мар 2020 14:56:59,744 system - system - system  INFO SQLConnectionLogger - CLOSE CONNECTION TO CACHE (size : 2) CONNECTION : 12196, Current connections count : 2
19 мар 2020 14:56:59,744 system - system - system  INFO SQLConnectionLogger - NEW CONNECTION FROM CACHE (size : 1) CONNECTION : 12196, Current connections count : 2
19 мар 2020 14:56:59,745 system - system - system  INFO SQLConnectionLogger - CLOSE CONNECTION TO CACHE (size : 2) CONNECTION : 12196, Current connections count : 2
19 мар 2020 14:56:59,745 system - system - system  INFO SQLConnectionLogger - NEW CONNECTION FROM CACHE (size : 1) CONNECTION : 12196, Current connections count : 2
19 мар 2020 14:56:59,746 system - system - system  INFO SQLConnectionLogger - CLOSE CONNECTION TO CACHE (size : 2) CONNECTION : 12196, Current connections count : 2
19 мар 2020 14:56:59,753 system - system - system  INFO SQLConnectionLogger - NEW CONNECTION FROM CACHE (size : 1) CONNECTION : 12196, Current connections count : 2
19 мар 2020 14:56:59,753 system - system - system  INFO SQLConnectionLogger - CLOSE CONNECTION TO CACHE (size : 2) CONNECTION : 12196, Current connections count : 2
19 мар 2020 14:56:59,757 system - system - system  INFO SQLConnectionLogger - NEW CONNECTION FROM CACHE (size : 1) CONNECTION : 12196, Current connections count : 2
19 мар 2020 14:56:59,758 system - system - system  INFO SQLConnectionLogger - CLOSE CONNECTION TO CACHE (size : 2) CONNECTION : 12196, Current connections count : 2
19 мар 2020 14:56:59,759 system - system - system  INFO SQLConnectionLogger - NEW CONNECTION FROM CACHE (size : 1) CONNECTION : 12196, Current connections count : 2
19 мар 2020 14:56:59,760 system - system - system  INFO SQLConnectionLogger - CLOSE CONNECTION TO CACHE (size : 2) CONNECTION : 12196, Current connections count : 2
19 мар 2020 14:56:59,761 system - system - system  INFO SQLConnectionLogger - NEW CONNECTION FROM CACHE (size : 1) CONNECTION : 12196, Current connections count : 2
19 мар 2020 14:56:59,762 system - system - system  INFO SQLConnectionLogger - CLOSE CONNECTION TO CACHE (size : 2) CONNECTION : 12196, Current connections count : 2
19 мар 2020 14:56:59,763 system - system - system  INFO SQLConnectionLogger - NEW CONNECTION FROM CACHE (size : 1) CONNECTION : 12196, Current connections count : 2
19 мар 2020 14:56:59,764 system - system - system  INFO SQLConnectionLogger - CLOSE CONNECTION TO CACHE (size : 2) CONNECTION : 12196, Current connections count : 2
19 мар 2020 14:56:59,764 system - system - system  INFO SQLConnectionLogger - NEW CONNECTION FROM CACHE (size : 1) CONNECTION : 12196, Current connections count : 2
19 мар 2020 14:56:59,765 system - system - system  INFO SQLConnectionLogger - CLOSE CONNECTION TO CACHE (size : 2) CONNECTION : 12196, Current connections count : 2
19 мар 2020 14:56:59,767 system - system - system  INFO SQLConnectionLogger - NEW CONNECTION FROM CACHE (size : 1) CONNECTION : 12196, Current connections count : 2
19 мар 2020 14:56:59,768 system - system - system  INFO SQLConnectionLogger - CLOSE CONNECTION TO CACHE (size : 2) CONNECTION : 12196, Current connections count : 2
19 мар 2020 14:56:59,768 system - system - system  INFO SQLConnectionLogger - NEW CONNECTION FROM CACHE (size : 1) CONNECTION : 12196, Current connections count : 2
19 мар 2020 14:56:59,769 system - system - system  INFO SQLConnectionLogger - CLOSE CONNECTION TO CACHE (size : 2) CONNECTION : 12196, Current connections count : 2
19 мар 2020 14:56:59,770 system - system - system  INFO SQLConnectionLogger - NEW CONNECTION FROM CACHE (size : 1) CONNECTION : 12196, Current connections count : 2
19 мар 2020 14:56:59,770 system - system - system  INFO SQLConnectionLogger - CLOSE CONNECTION TO CACHE (size : 2) CONNECTION : 12196, Current connections count : 2
19 мар 2020 14:56:59,771 system - system - system  INFO SQLConnectionLogger - NEW CONNECTION FROM CACHE (size : 1) CONNECTION : 12196, Current connections count : 2
19 мар 2020 14:56:59,772 system - system - system  INFO SQLConnectionLogger - CLOSE CONNECTION TO CACHE (size : 2) CONNECTION : 12196, Current connections count : 2
19 мар 2020 14:56:59,773 system - system - system  INFO SQLConnectionLogger - NEW CONNECTION FROM CACHE (size : 1) CONNECTION : 12196, Current connections count : 2
19 мар 2020 14:56:59,773 system - system - system  INFO SQLConnectionLogger - CLOSE CONNECTION TO CACHE (size : 2) CONNECTION : 12196, Current connections count : 2
19 мар 2020 14:56:59,774 system - system - system  INFO SQLConnectionLogger - NEW CONNECTION FROM CACHE (size : 1) CONNECTION : 12196, Current connections count : 2
19 мар 2020 14:56:59,775 system - system - system  INFO SQLConnectionLogger - CLOSE CONNECTION TO CACHE (size : 2) CONNECTION : 12196, Current connections count : 2
19 мар 2020 14:56:59,776 system - system - system  INFO SQLConnectionLogger - NEW CONNECTION FROM CACHE (size : 1) CONNECTION : 12196, Current connections count : 2
19 мар 2020 14:56:59,776 system - system - system  INFO SQLConnectionLogger - CLOSE CONNECTION TO CACHE (size : 2) CONNECTION : 12196, Current connections count : 2
19 мар 2020 14:56:59,777 system - system - system  INFO SQLConnectionLogger - NEW CONNECTION FROM CACHE (size : 1) CONNECTION : 12196, Current connections count : 2
19 мар 2020 14:56:59,778 system - system - system  INFO SQLConnectionLogger - CLOSE CONNECTION TO CACHE (size : 2) CONNECTION : 12196, Current connections count : 2
19 мар 2020 14:56:59,779 system - system - system  INFO SQLConnectionLogger - NEW CONNECTION FROM CACHE (size : 1) CONNECTION : 12196, Current connections count : 2
19 мар 2020 14:56:59,780 system - system - system  INFO SQLConnectionLogger - CLOSE CONNECTION TO CACHE (size : 2) CONNECTION : 12196, Current connections count : 2
19 мар 2020 14:56:59,783 system - system - system  INFO SQLConnectionLogger - NEW CONNECTION FROM CACHE (size : 1) CONNECTION : 12196, Current connections count : 2
19 мар 2020 14:56:59,783 system - system - system  INFO SQLConnectionLogger - CLOSE CONNECTION TO CACHE (size : 2) CONNECTION : 12196, Current connections count : 2
19 мар 2020 14:56:59,785 system - system - system  INFO SQLConnectionLogger - NEW CONNECTION FROM CACHE (size : 1) CONNECTION : 12196, Current connections count : 2
19 мар 2020 14:56:59,786 system - system - system  INFO SQLConnectionLogger - CLOSE CONNECTION TO CACHE (size : 2) CONNECTION : 12196, Current connections count : 2
19 мар 2020 14:56:59,786 system - system - system  INFO SQLConnectionLogger - NEW CONNECTION FROM CACHE (size : 1) CONNECTION : 12196, Current connections count : 2
19 мар 2020 14:56:59,786 system - system - system  INFO SQLConnectionLogger - CLOSE CONNECTION TO CACHE (size : 2) CONNECTION : 12196, Current connections count : 2
19 мар 2020 14:56:59,794 system - system - system  INFO SQLConnectionLogger - NEW CONNECTION FROM CACHE (size : 1) CONNECTION : 12196, Current connections count : 2
19 мар 2020 14:56:59,841 system - system - system  INFO SQLConnectionLogger - NEW CONNECTION FROM CACHE (size : 0) CONNECTION : 10368, Current connections count : 2
19 мар 2020 14:56:59,845 system - system - system  INFO SQLConnectionLogger - CLOSE CONNECTION TO CACHE (size : 1) CONNECTION : 10368, Current connections count : 2
19 мар 2020 14:57:00,748 system - system - system  INFO SQLConnectionLogger - CLOSE CONNECTION TO CACHE (size : 2) CONNECTION : 12196, Current connections count : 2
19 мар 2020 14:57:00,749 system - system - system  INFO SQLConnectionLogger - NEW CONNECTION FROM CACHE (size : 1) CONNECTION : 12196, Current connections count : 2
19 мар 2020 14:57:00,749 system - system - system  INFO SQLConnectionLogger - CLOSE CONNECTION TO CACHE (size : 2) CONNECTION : 12196, Current connections count : 2
19 мар 2020 14:57:00,750 system - system - system  INFO SQLConnectionLogger - NEW CONNECTION FROM CACHE (size : 1) CONNECTION : 12196, Current connections count : 2
19 мар 2020 14:57:00,750 system - system - system  INFO SQLConnectionLogger - CLOSE CONNECTION TO CACHE (size : 2) CONNECTION : 12196, Current connections count : 2
19 мар 2020 14:57:00,751 system - system - system  INFO SQLConnectionLogger - NEW CONNECTION FROM CACHE (size : 1) CONNECTION : 12196, Current connections count : 2
19 мар 2020 14:57:00,751 system - system - system  INFO SQLConnectionLogger - CLOSE CONNECTION TO CACHE (size : 2) CONNECTION : 12196, Current connections count : 2
19 мар 2020 14:57:00,752 system - system - system  INFO SQLConnectionLogger - NEW CONNECTION FROM CACHE (size : 1) CONNECTION : 12196, Current connections count : 2
19 мар 2020 14:57:00,752 system - system - system  INFO SQLConnectionLogger - CLOSE CONNECTION TO CACHE (size : 2) CONNECTION : 12196, Current connections count : 2
19 мар 2020 14:57:00,753 system - system - system  INFO SQLConnectionLogger - NEW CONNECTION FROM CACHE (size : 1) CONNECTION : 12196, Current connections count : 2
19 мар 2020 14:57:00,753 system - system - system  INFO SQLConnectionLogger - CLOSE CONNECTION TO CACHE (size : 2) CONNECTION : 12196, Current connections count : 2
19 мар 2020 14:57:00,753 system - system - system  INFO SQLConnectionLogger - NEW CONNECTION FROM CACHE (size : 1) CONNECTION : 12196, Current connections count : 2
19 мар 2020 14:57:00,754 system - system - system  INFO SQLConnectionLogger - CLOSE CONNECTION TO CACHE (size : 2) CONNECTION : 12196, Current connections count : 2
19 мар 2020 14:57:00,754 system - system - system  INFO SQLConnectionLogger - NEW CONNECTION FROM CACHE (size : 1) CONNECTION : 12196, Current connections count : 2
19 мар 2020 14:57:00,754 system - system - system  INFO SQLConnectionLogger - CLOSE CONNECTION TO CACHE (size : 2) CONNECTION : 12196, Current connections count : 2
19 мар 2020 14:57:00,756 system - system - system  INFO SQLConnectionLogger - NEW CONNECTION FROM CACHE (size : 1) CONNECTION : 12196, Current connections count : 2
19 мар 2020 14:57:00,757 system - system - system  INFO SQLConnectionLogger - CLOSE CONNECTION TO CACHE (size : 2) CONNECTION : 12196, Current connections count : 2
19 мар 2020 14:57:00,782 system - system - system  INFO SQLConnectionLogger - NEW CONNECTION FROM CACHE (size : 1) CONNECTION : 12196, Current connections count : 2
19 мар 2020 14:57:00,782 system - system - system  INFO SQLConnectionLogger - CLOSE CONNECTION TO CACHE (size : 2) CONNECTION : 12196, Current connections count : 2
19 мар 2020 14:57:00,791 system - system - system  INFO SQLConnectionLogger - NEW CONNECTION FROM CACHE (size : 1) CONNECTION : 12196, Current connections count : 2
19 мар 2020 14:57:00,793 system - system - system  INFO SQLConnectionLogger - CLOSE CONNECTION TO CACHE (size : 2) CONNECTION : 12196, Current connections count : 2
19 мар 2020 14:57:00,795 system - system - system  INFO SQLConnectionLogger - NEW CONNECTION FROM CACHE (size : 1) CONNECTION : 12196, Current connections count : 2
19 мар 2020 14:57:00,795 system - system - system  INFO SQLConnectionLogger - NEW CONNECTION FROM CACHE (size : 0) CONNECTION : 10368, Current connections count : 2
19 мар 2020 14:57:00,796 system - system - system  INFO SQLConnectionLogger - CLOSE CONNECTION TO CACHE (size : 1) CONNECTION : 12196, Current connections count : 2
19 мар 2020 14:57:00,797 system - system - system  INFO SQLConnectionLogger - NEW CONNECTION FROM CACHE (size : 0) CONNECTION : 12196, Current connections count : 2
19 мар 2020 14:57:00,797 system - system - system  INFO SQLConnectionLogger - CLOSE CONNECTION TO CACHE (size : 1) CONNECTION : 12196, Current connections count : 2
19 мар 2020 14:57:00,797 system - system - system  INFO SQLConnectionLogger - NEW CONNECTION FROM CACHE (size : 0) CONNECTION : 12196, Current connections count : 2
19 мар 2020 14:57:00,798 system - system - system  INFO SQLConnectionLogger - CLOSE CONNECTION TO CACHE (size : 1) CONNECTION : 10368, Current connections count : 2
19 мар 2020 14:57:00,800 system - system - system  INFO SQLConnectionLogger - NEW CONNECTION FROM CACHE (size : 0) CONNECTION : 10368, Current connections count : 2
19 мар 2020 14:57:00,807 system - system - system  INFO SQLConnectionLogger - CLOSE CONNECTION TO CACHE (size : 1) CONNECTION : 10368, Current connections count : 2
19 мар 2020 14:57:00,813 system - system - system  INFO SQLConnectionLogger - NEW CONNECTION FROM CACHE (size : 0) CONNECTION : 10368, Current connections count : 2
19 мар 2020 14:57:00,815 system - system - system  INFO SQLConnectionLogger - CLOSE CONNECTION TO CACHE (size : 1) CONNECTION : 10368, Current connections count : 2
19 мар 2020 14:57:00,826 system - system - system  INFO SQLConnectionLogger - CLOSE CONNECTION TO CACHE (size : 2) CONNECTION : 12196, Current connections count : 2
19 мар 2020 14:57:00,828 system - system - system  INFO SQLConnectionLogger - NEW CONNECTION FROM CACHE (size : 1) CONNECTION : 12196, Current connections count : 2
19 мар 2020 14:57:00,837 system - system - system  INFO SQLConnectionLogger - CLOSE CONNECTION TO CACHE (size : 2) CONNECTION : 12196, Current connections count : 2
19 мар 2020 14:57:00,844 system - system - system  INFO SQLConnectionLogger - NEW CONNECTION FROM CACHE (size : 1) CONNECTION : 12196, Current connections count : 2
19 мар 2020 14:57:00,849 system - system - system  INFO SQLConnectionLogger - CLOSE CONNECTION TO CACHE (size : 2) CONNECTION : 12196, Current connections count : 2
19 мар 2020 14:57:00,852 system - system - system  INFO SQLConnectionLogger - NEW CONNECTION FROM CACHE (size : 1) CONNECTION : 12196, Current connections count : 2
19 мар 2020 14:57:00,856 system - system - system  INFO SQLConnectionLogger - NEW CONNECTION : 4212, Time : 55, Current connections count : 3
19 мар 2020 14:57:00,884 system - system - system  INFO SQLConnectionLogger - CLOSE CONNECTION TO CACHE (size : 2) CONNECTION : 4212, Current connections count : 3
19 мар 2020 14:57:00,885 system - system - system  INFO SQLConnectionLogger - CLOSE CONNECTION TO CACHE (size : 3) CONNECTION : 12196, Current connections count : 3
19 мар 2020 14:57:00,887 system - system - system  INFO SQLConnectionLogger - NEW CONNECTION FROM CACHE (size : 2) CONNECTION : 12196, Current connections count : 3
19 мар 2020 14:57:00,974 system - system - system  INFO SQLConnectionLogger - CLOSE CONNECTION TO CACHE (size : 3) CONNECTION : 12196, Current connections count : 3
19 мар 2020 14:57:00,998 system - system - system  INFO SQLConnectionLogger - NEW CONNECTION FROM CACHE (size : 2) CONNECTION : 12196, Current connections count : 3
19 мар 2020 14:57:00,998 system - system - system  INFO SQLConnectionLogger - CLOSE CONNECTION TO CACHE (size : 3) CONNECTION : 12196, Current connections count : 3
19 мар 2020 14:57:01,003 system - system - system  INFO SQLConnectionLogger - NEW CONNECTION FROM CACHE (size : 2) CONNECTION : 12196, Current connections count : 3
19 мар 2020 14:57:01,043 system - system - system  INFO SQLConnectionLogger - NEW CONNECTION FROM CACHE (size : 1) CONNECTION : 4212, Current connections count : 3
19 мар 2020 14:57:01,046 system - system - system  INFO SQLConnectionLogger - CLOSE CONNECTION TO CACHE (size : 2) CONNECTION : 4212, Current connections count : 3
19 мар 2020 14:57:01,150 system - system - system  INFO SQLConnectionLogger - NEW CONNECTION FROM CACHE (size : 1) CONNECTION : 4212, Current connections count : 3
19 мар 2020 14:57:01,152 system - system - system  INFO SQLConnectionLogger - CLOSE CONNECTION TO CACHE (size : 2) CONNECTION : 4212, Current connections count : 3
19 мар 2020 14:57:01,656 system - system - system  INFO SQLConnectionLogger - NEW CONNECTION FROM CACHE (size : 1) CONNECTION : 4212, Current connections count : 3
19 мар 2020 14:57:01,658 system - system - system  INFO SQLConnectionLogger - CLOSE CONNECTION TO CACHE (size : 2) CONNECTION : 4212, Current connections count : 3
19 мар 2020 14:57:02,215 system - system - system  INFO SQLConnectionLogger - CLOSE CONNECTION TO CACHE (size : 3) CONNECTION : 12196, Current connections count : 3
19 мар 2020 14:57:02,218 system - system - system  INFO SQLConnectionLogger - NEW CONNECTION FROM CACHE (size : 2) CONNECTION : 12196, Current connections count : 3
19 мар 2020 14:57:02,230 system - system - system  INFO SQLConnectionLogger - CLOSE CONNECTION TO CACHE (size : 3) CONNECTION : 12196, Current connections count : 3
