18 Mar 2020 12:15:12,440  INFO StartLogger - Server is starting...
18 Mar 2020 12:15:13,832  INFO StartLogger - Logics instance is starting...
18 Mar 2020 12:15:13,840  INFO StartLogger - Initializing BusinessLogics
18 Mar 2020 12:15:13,847  INFO StartLogger - Initializing localizer
18 Mar 2020 12:15:13,847  INFO StartLogger - Creating modules
18 Mar 2020 12:15:14,269  INFO StartLogger - Initializing dependencies
18 Mar 2020 12:15:14,416  INFO StartLogger - Initializing modules order
18 Mar 2020 12:15:14,419  INFO StartLogger - Initializing metacodes and classes
18 Mar 2020 12:15:15,108  INFO StartLogger - Initializing object class
18 Mar 2020 12:15:15,117  INFO StartLogger - Initializing tables
18 Mar 2020 12:15:15,325  INFO StartLogger - Initializing class tables
18 Mar 2020 12:15:15,436  INFO StartLogger - Initializing full tables with one key
18 Mar 2020 12:15:15,437  INFO StartLogger - Initializing main logic
18 Mar 2020 12:15:15,450  INFO StartLogger - Initializing main logic for module : #1 of 42 System (actual: 1)
18 Mar 2020 12:15:16,641  INFO StartLogger - Initializing main logic for module : #2 of 42 Geo (actual: 34)
18 Mar 2020 12:15:16,644  INFO StartLogger - Initializing main logic for module : #3 of 42 Sound (actual: 32)
18 Mar 2020 12:15:16,646  INFO StartLogger - Initializing main logic for module : #4 of 42 Printer (actual: 16)
18 Mar 2020 12:15:16,649  INFO StartLogger - Initializing main logic for module : #5 of 42 DefaultData (actual: 13)
18 Mar 2020 12:15:16,658  INFO StartLogger - Initializing main logic for module : #6 of 42 Authentication (actual: 2)
18 Mar 2020 12:15:16,668  INFO StartLogger - Initializing main logic for module : #7 of 42 Time (actual: 4)
18 Mar 2020 12:15:16,671  INFO StartLogger - Initializing main logic for module : #8 of 42 MasterData (actual: 6)
18 Mar 2020 12:15:16,681  INFO StartLogger - Initializing main logic for module : #9 of 42 Numerator (actual: 18)
18 Mar 2020 12:15:16,788  INFO StartLogger - Initializing main logic for module : #10 of 42 Main (actual: 42)
18 Mar 2020 12:15:16,789  INFO StartLogger - Initializing main logic for module : #11 of 42 Integration (actual: 26)
18 Mar 2020 12:15:16,792  INFO StartLogger - Initializing main logic for module : #12 of 42 Image (actual: 17)
18 Mar 2020 12:15:16,803  INFO StartLogger - Initializing main logic for module : #13 of 42 OpenCV (actual: 39)
18 Mar 2020 12:15:16,812  INFO StartLogger - Initializing main logic for module : #14 of 42 Com (actual: 29)
18 Mar 2020 12:15:16,822  INFO StartLogger - Initializing main logic for module : #15 of 42 ProcessUtils (actual: 33)
18 Mar 2020 12:15:17,031  INFO StartLogger - Initializing main logic for module : #16 of 42 Utils (actual: 7)
18 Mar 2020 12:15:17,162  INFO StartLogger - Initializing main logic for module : #17 of 42 Historizable (actual: 22)
18 Mar 2020 12:15:17,165  INFO StartLogger - Initializing main logic for module : #18 of 42 Reflection (actual: 3)
18 Mar 2020 12:15:17,253  INFO StartLogger - Initializing main logic for module : #19 of 42 ProcessMonitor (actual: 20)
18 Mar 2020 12:15:17,266  INFO StartLogger - Initializing main logic for module : #20 of 42 Hierarchy (actual: 23)
18 Mar 2020 12:15:17,274  INFO StartLogger - Initializing main logic for module : #21 of 42 Schedule (actual: 40)
18 Mar 2020 12:15:17,275  INFO StartLogger - Initializing main logic for module : #22 of 42 Document (actual: 19)
18 Mar 2020 12:15:17,325  INFO StartLogger - Initializing main logic for module : #23 of 42 I18n (actual: 28)
18 Mar 2020 12:15:17,448  INFO StartLogger - Initializing main logic for module : #24 of 42 Excel (actual: 24)
18 Mar 2020 12:15:17,527  INFO StartLogger - Initializing main logic for module : #25 of 42 Fax (actual: 41)
18 Mar 2020 12:15:17,690  INFO StartLogger - Initializing main logic for module : #26 of 42 Email (actual: 9)
18 Mar 2020 12:15:17,690  INFO StartLogger - Initializing main logic for module : #27 of 42 Messenger (actual: 30)
18 Mar 2020 12:15:17,704  INFO StartLogger - Initializing main logic for module : #28 of 42 SystemEvents (actual: 5)
18 Mar 2020 12:15:17,742  INFO StartLogger - Initializing main logic for module : #29 of 42 Skype (actual: 36)
18 Mar 2020 12:15:17,766  INFO StartLogger - Initializing main logic for module : #30 of 42 Slack (actual: 38)
18 Mar 2020 12:15:17,870  INFO StartLogger - Initializing main logic for module : #31 of 42 Viber (actual: 35)
18 Mar 2020 12:15:17,882  INFO StartLogger - Initializing main logic for module : #32 of 42 Telegram (actual: 31)
18 Mar 2020 12:15:17,953  INFO StartLogger - Initializing main logic for module : #33 of 42 Word (actual: 8)
18 Mar 2020 12:15:17,955  INFO StartLogger - Initializing main logic for module : #34 of 42 Security (actual: 10)
18 Mar 2020 12:15:18,209  INFO StartLogger - Initializing main logic for module : #35 of 42 Service (actual: 11)
18 Mar 2020 12:15:18,344  INFO StartLogger - Initializing main logic for module : #36 of 42 Scheduler (actual: 12)
18 Mar 2020 12:15:18,345  INFO StartLogger - Initializing main logic for module : #37 of 42 Chat (actual: 27)
18 Mar 2020 12:15:18,345  INFO StartLogger - Initializing main logic for module : #38 of 42 EvalScript (actual: 37)
18 Mar 2020 12:15:18,352  INFO StartLogger - Initializing main logic for module : #39 of 42 Profiler (actual: 25)
18 Mar 2020 12:15:18,403  INFO StartLogger - Initializing main logic for module : #40 of 42 SQLUtils (actual: 21)
18 Mar 2020 12:15:18,481  INFO StartLogger - Initializing main logic for module : #41 of 42 SchedulerDefaultData (actual: 14)
18 Mar 2020 12:15:18,498  INFO StartLogger - Initializing main logic for module : #42 of 42 Backup (actual: 15)
18 Mar 2020 12:15:18,710  INFO StartLogger - Checking for duplicate elements
18 Mar 2020 12:15:18,746  INFO StartLogger - Filling implicit cases
18 Mar 2020 12:15:18,749  INFO StartLogger - Initializing abstract properties
18 Mar 2020 12:15:18,751  INFO StartLogger - Finalizing abstract actions
18 Mar 2020 12:15:18,842  INFO StartLogger - Initializing class aggr props
18 Mar 2020 12:15:18,842  INFO StartLogger - Checking abstract
18 Mar 2020 12:15:18,846  INFO StartLogger - Initializing fields for data and materialized properties
18 Mar 2020 12:15:18,956  INFO StartLogger - Looking for recursions in abstract actions / properties
18 Mar 2020 12:15:19,001  INFO StartLogger - Initializing reflection events
18 Mar 2020 12:15:19,001  INFO StartLogger - Finalizing navigator elements
18 Mar 2020 12:15:19,001  INFO StartLogger - Setup drill-down
18 Mar 2020 12:15:19,007  INFO StartLogger - Initializing indices
18 Mar 2020 12:15:19,015  INFO StartLogger - Setup property policy
18 Mar 2020 12:15:19,205  INFO StartLogger - Setup action policy
18 Mar 2020 12:15:19,206  INFO StartLogger - Showing dependencies
18 Mar 2020 12:15:19,593 ERROR StartLogger - Exception while starting logics instance: 
java.lang.RuntimeException: org.postgresql.util.PSQLException: FATAL: password authentication failed for user "postgres"
	at lsfusion.server.physics.exec.db.controller.manager.DBManager.initReflectionEvents(DBManager.java:199)
	at lsfusion.server.physics.admin.reflection.controller.init.InitReflectionEventsTask.run(InitReflectionEventsTask.java:13)
	at lsfusion.server.base.task.Task.proceed(Task.java:143)
	at lsfusion.server.base.task.Task$1.aspectRun(Task.java:101)
	at lsfusion.server.base.controller.thread.ExecutorFactory$AspectRunnable.run(ExecutorFactory.java:465)
	at java.base/java.util.concurrent.ThreadPoolExecutor.runWorker(ThreadPoolExecutor.java:1128)
	at java.base/java.util.concurrent.ThreadPoolExecutor$Worker.run(ThreadPoolExecutor.java:628)
	at java.base/java.lang.Thread.run(Thread.java:834)
	at lsfusion.server.base.controller.thread.ExecutorFactory$ClosableDaemonThreadFactory$ClosableThread.run(ExecutorFactory.java:536)
Caused by: org.postgresql.util.PSQLException: FATAL: password authentication failed for user "postgres"
	at org.postgresql.core.v3.ConnectionFactoryImpl.doAuthentication(ConnectionFactoryImpl.java:520)
	at org.postgresql.core.v3.ConnectionFactoryImpl.tryConnect(ConnectionFactoryImpl.java:141)
	at org.postgresql.core.v3.ConnectionFactoryImpl.openConnectionImpl(ConnectionFactoryImpl.java:192)
	at org.postgresql.core.ConnectionFactory.openConnection(ConnectionFactory.java:49)
	at org.postgresql.jdbc.PgConnection.<init>(PgConnection.java:195)
	at org.postgresql.Driver.makeConnection(Driver.java:458)
	at org.postgresql.Driver.connect(Driver.java:260)
	at java.sql/java.sql.DriverManager.getConnection(DriverManager.java:677)
	at java.sql/java.sql.DriverManager.getConnection(DriverManager.java:251)
	at lsfusion.server.data.sql.adapter.PostgreDataAdapter.ensureDB(PostgreDataAdapter.java:74)
	at lsfusion.server.data.sql.adapter.DataAdapter.ensure(DataAdapter.java:68)
	at lsfusion.server.physics.exec.db.controller.manager.DBManager.initReflectionEvents(DBManager.java:187)
	... 8 more
18 Mar 2020 12:15:19,596  INFO StartLogger - Error starting server, server will be stopped.
18 Mar 2020 12:15:19,596  INFO StartLogger - Server is stopping...
18 Mar 2020 12:15:19,597  INFO StartLogger - Logics instance is stopping...
18 Mar 2020 12:15:19,597  INFO StartLogger - Logics instance has stopped...
18 Mar 2020 12:15:19,598  INFO StartLogger - Server has stopped...
18 Mar 2020 12:15:40,184  INFO StartLogger - Server is starting...
18 Mar 2020 12:15:41,720  INFO StartLogger - Logics instance is starting...
18 Mar 2020 12:15:41,731  INFO StartLogger - Initializing BusinessLogics
18 Mar 2020 12:15:41,744  INFO StartLogger - Initializing localizer
18 Mar 2020 12:15:41,747  INFO StartLogger - Creating modules
18 Mar 2020 12:15:42,283  INFO StartLogger - Initializing dependencies
18 Mar 2020 12:15:42,393  INFO StartLogger - Initializing modules order
18 Mar 2020 12:15:42,396  INFO StartLogger - Initializing metacodes and classes
18 Mar 2020 12:15:43,044  INFO StartLogger - Initializing object class
18 Mar 2020 12:15:43,048  INFO StartLogger - Initializing tables
18 Mar 2020 12:15:43,160  INFO StartLogger - Initializing class tables
18 Mar 2020 12:15:43,275  INFO StartLogger - Initializing full tables with one key
18 Mar 2020 12:15:43,277  INFO StartLogger - Initializing main logic
18 Mar 2020 12:15:43,285  INFO StartLogger - Initializing main logic for module : #1 of 42 System (actual: 1)
18 Mar 2020 12:15:44,290  INFO StartLogger - Initializing main logic for module : #2 of 42 Time (actual: 4)
18 Mar 2020 12:15:44,290  INFO StartLogger - Initializing main logic for module : #3 of 42 Integration (actual: 26)
18 Mar 2020 12:15:44,292  INFO StartLogger - Initializing main logic for module : #4 of 42 DefaultData (actual: 13)
18 Mar 2020 12:15:44,294  INFO StartLogger - Initializing main logic for module : #5 of 42 Authentication (actual: 2)
18 Mar 2020 12:15:44,304  INFO StartLogger - Initializing main logic for module : #6 of 42 Geo (actual: 34)
18 Mar 2020 12:15:44,310  INFO StartLogger - Initializing main logic for module : #7 of 42 Printer (actual: 16)
18 Mar 2020 12:15:44,326  INFO StartLogger - Initializing main logic for module : #8 of 42 MasterData (actual: 6)
18 Mar 2020 12:15:44,339  INFO StartLogger - Initializing main logic for module : #9 of 42 Numerator (actual: 18)
18 Mar 2020 12:15:44,436  INFO StartLogger - Initializing main logic for module : #10 of 42 Main (actual: 42)
18 Mar 2020 12:15:44,489  INFO StartLogger - Initializing main logic for module : #11 of 42 Image (actual: 17)
18 Mar 2020 12:15:44,495  INFO StartLogger - Initializing main logic for module : #12 of 42 OpenCV (actual: 39)
18 Mar 2020 12:15:44,511  INFO StartLogger - Initializing main logic for module : #13 of 42 Com (actual: 29)
18 Mar 2020 12:15:44,512  INFO StartLogger - Initializing main logic for module : #14 of 42 Sound (actual: 32)
18 Mar 2020 12:15:44,513  INFO StartLogger - Initializing main logic for module : #15 of 42 ProcessUtils (actual: 33)
18 Mar 2020 12:15:44,527  INFO StartLogger - Initializing main logic for module : #16 of 42 Utils (actual: 7)
18 Mar 2020 12:15:44,724  INFO StartLogger - Initializing main logic for module : #17 of 42 Historizable (actual: 22)
18 Mar 2020 12:15:44,724  INFO StartLogger - Initializing main logic for module : #18 of 42 Reflection (actual: 3)
18 Mar 2020 12:15:44,764  INFO StartLogger - Initializing main logic for module : #19 of 42 ProcessMonitor (actual: 20)
18 Mar 2020 12:15:44,769  INFO StartLogger - Initializing main logic for module : #20 of 42 I18n (actual: 28)
18 Mar 2020 12:15:44,770  INFO StartLogger - Initializing main logic for module : #21 of 42 Document (actual: 19)
18 Mar 2020 12:15:44,805  INFO StartLogger - Initializing main logic for module : #22 of 42 Schedule (actual: 40)
18 Mar 2020 12:15:44,834  INFO StartLogger - Initializing main logic for module : #23 of 42 Hierarchy (actual: 23)
18 Mar 2020 12:15:44,835  INFO StartLogger - Initializing main logic for module : #24 of 42 Excel (actual: 24)
18 Mar 2020 12:15:44,887  INFO StartLogger - Initializing main logic for module : #25 of 42 Fax (actual: 41)
18 Mar 2020 12:15:45,148  INFO StartLogger - Initializing main logic for module : #26 of 42 Messenger (actual: 30)
18 Mar 2020 12:15:45,149  INFO StartLogger - Initializing main logic for module : #28 of 42 Email (actual: 9)
18 Mar 2020 12:15:45,148  INFO StartLogger - Initializing main logic for module : #27 of 42 SystemEvents (actual: 5)
18 Mar 2020 12:15:45,205  INFO StartLogger - Initializing main logic for module : #29 of 42 Slack (actual: 38)
18 Mar 2020 12:15:45,209  INFO StartLogger - Initializing main logic for module : #30 of 42 Skype (actual: 36)
18 Mar 2020 12:15:45,299  INFO StartLogger - Initializing main logic for module : #31 of 42 Viber (actual: 35)
18 Mar 2020 12:15:45,302  INFO StartLogger - Initializing main logic for module : #32 of 42 Telegram (actual: 31)
18 Mar 2020 12:15:45,366  INFO StartLogger - Initializing main logic for module : #33 of 42 Security (actual: 10)
18 Mar 2020 12:15:45,366  INFO StartLogger - Initializing main logic for module : #34 of 42 Word (actual: 8)
18 Mar 2020 12:15:45,584  INFO StartLogger - Initializing main logic for module : #35 of 42 Service (actual: 11)
18 Mar 2020 12:15:45,737  INFO StartLogger - Initializing main logic for module : #36 of 42 Profiler (actual: 25)
18 Mar 2020 12:15:45,737  INFO StartLogger - Initializing main logic for module : #37 of 42 Scheduler (actual: 12)
18 Mar 2020 12:15:45,737  INFO StartLogger - Initializing main logic for module : #38 of 42 SQLUtils (actual: 21)
18 Mar 2020 12:15:45,737  INFO StartLogger - Initializing main logic for module : #39 of 42 Chat (actual: 27)
18 Mar 2020 12:15:45,751  INFO StartLogger - Initializing main logic for module : #40 of 42 EvalScript (actual: 37)
18 Mar 2020 12:15:45,918  INFO StartLogger - Initializing main logic for module : #41 of 42 SchedulerDefaultData (actual: 14)
18 Mar 2020 12:15:45,928  INFO StartLogger - Initializing main logic for module : #42 of 42 Backup (actual: 15)
18 Mar 2020 12:15:46,073  INFO StartLogger - Checking for duplicate elements
18 Mar 2020 12:15:46,101  INFO StartLogger - Filling implicit cases
18 Mar 2020 12:15:46,102  INFO StartLogger - Initializing abstract properties
18 Mar 2020 12:15:46,106  INFO StartLogger - Finalizing abstract actions
18 Mar 2020 12:15:46,199  INFO StartLogger - Checking abstract
18 Mar 2020 12:15:46,203  INFO StartLogger - Initializing class aggr props
18 Mar 2020 12:15:46,228  INFO StartLogger - Initializing fields for data and materialized properties
18 Mar 2020 12:15:46,233  INFO StartLogger - Looking for recursions in abstract actions / properties
18 Mar 2020 12:15:46,277  INFO StartLogger - Setup property policy
18 Mar 2020 12:15:46,277  INFO StartLogger - Finalizing navigator elements
18 Mar 2020 12:15:46,278  INFO StartLogger - Setup drill-down
18 Mar 2020 12:15:46,540  INFO StartLogger - Showing dependencies
18 Mar 2020 12:15:46,544  INFO StartLogger - Setup action policy
18 Mar 2020 12:15:46,544  INFO StartLogger - Initializing reflection events
18 Mar 2020 12:15:46,544  INFO StartLogger - Initializing indices
18 Mar 2020 12:15:47,823  INFO StartLogger - Setting user logging for properties
18 Mar 2020 12:15:47,855  INFO StartLogger - Setting user not null constraints for properties
18 Mar 2020 12:15:47,860  INFO StartLogger - Setup loggables
18 Mar 2020 12:15:47,860  INFO StartLogger - Initializing class data indexes
18 Mar 2020 12:15:47,861  INFO StartLogger - Finalizing forms
18 Mar 2020 12:15:47,862  INFO StartLogger - Building property list
18 Mar 2020 12:15:47,896  INFO StartLogger - Finalizing properties
18 Mar 2020 12:15:48,543  INFO StartLogger - Initializing actions' debugger
18 Mar 2020 12:15:48,544  INFO StartLogger - Synchronizing DB
18 Mar 2020 12:15:48,627  INFO StartLogger - Checking indices
18 Mar 2020 12:15:48,627  INFO StartLogger - Applying migration script (0.0 -> 0.0)
18 Mar 2020 12:15:48,726  INFO StartLogger - Creating tables
18 Mar 2020 12:15:48,766  INFO StartLogger - column Main_name_Team (Название команды) is transferred from table _auto_Main_Team to table Main_Team ...
18 Mar 2020 12:15:48,788  INFO StartLogger - Done
18 Mar 2020 12:15:48,805  INFO StartLogger - objects are transferred from tables (_auto_Main_Team) to table Main_Team ...
18 Mar 2020 12:15:48,815  INFO StartLogger - objects are removed from table _auto_Main_Team ...
18 Mar 2020 12:15:48,819  INFO StartLogger - Dropping column System__CLASS__auto_Main_Team from table _auto_Main_Team
18 Mar 2020 12:15:48,823  INFO StartLogger - Dropping column Main_name_Team from table _auto_Main_Team
18 Mar 2020 12:15:48,827  INFO StartLogger - Table _auto_Main_Team has been dropped
18 Mar 2020 12:15:48,827  INFO StartLogger - Packing tables
18 Mar 2020 12:15:48,827  INFO StartLogger - Adding indices
18 Mar 2020 12:15:48,828  INFO StartLogger - Filling static objects ids
18 Mar 2020 12:15:49,195  INFO StartLogger - Updating stats
18 Mar 2020 12:15:49,250  INFO StartLogger - Writing static objects changes
18 Mar 2020 12:15:49,589  INFO StartLogger - Migrating reflection properties and actions
18 Mar 2020 12:15:49,639  INFO StartLogger - Recalculating aggregations
18 Mar 2020 12:15:49,643  INFO StartLogger - Update Aggregation Stats started: Main_Team
18 Mar 2020 12:15:50,606  INFO StartLogger - Update Aggregation Stats: Main_Team, 966ms
18 Mar 2020 12:15:50,947  INFO StartLogger - Initializing Security Manager.
18 Mar 2020 12:15:51,196  INFO StartLogger - Starting Security Manager.
18 Mar 2020 12:15:51,227  INFO StartLogger - Starting RMI Manager
18 Mar 2020 12:15:51,280  INFO StartLogger - Executing onStarted action
18 Mar 2020 12:15:52,051  INFO StartLogger - Starting Scheduler
18 Mar 2020 12:15:52,610  INFO StartLogger - Exporting RMI Logics object (port: 7652)
18 Mar 2020 12:15:52,657  INFO StartLogger - Prereading caches for properties
18 Mar 2020 12:15:52,657  INFO StartLogger - Prereading properties graph
18 Mar 2020 12:15:52,657  INFO StartLogger - Reading modules hash
18 Mar 2020 12:15:52,661  INFO StartLogger - Prereading caches for properties ended
18 Mar 2020 12:15:52,662  INFO StartLogger - Comparing modulesHash: old 1b65dfa, new a281b9e3
18 Mar 2020 12:15:52,663  INFO StartLogger - Synchronizing property entities
18 Mar 2020 12:15:52,664  INFO StartLogger - Synchronizing forms
18 Mar 2020 12:15:52,664  INFO StartLogger - Synchronizing group properties
18 Mar 2020 12:15:52,664  INFO StartLogger - Synchronizing tables
18 Mar 2020 12:15:52,664  INFO StartLogger - Synchronizing property parents
18 Mar 2020 12:15:52,664  INFO StartLogger - synchronizeTables collecting data started
18 Mar 2020 12:15:52,665  INFO StartLogger - Synchronizing navigator elements
18 Mar 2020 12:15:52,669  INFO StartLogger - Synchronizing group objects
18 Mar 2020 12:15:52,669  INFO StartLogger - Synchronizing parents
18 Mar 2020 12:15:52,669  INFO StartLogger - synchronizeTables integration service started
18 Mar 2020 12:15:52,669  INFO StartLogger - Synchronizing property draws
18 Mar 2020 12:15:58,650  INFO StartLogger - synchronizeTables finished
18 Mar 2020 12:15:58,651  INFO StartLogger - Recalculating Stats at first start
18 Mar 2020 12:15:58,651  INFO StartLogger - Writing modules hash
18 Mar 2020 12:15:58,651  INFO StartLogger - Writing modulesHash a281b9e3
18 Mar 2020 12:15:58,697  INFO StartLogger - Writing modulesHash finished successfully
18 Mar 2020 12:15:58,701  INFO StartLogger - Obsolete caches were successfully cleaned
18 Mar 2020 12:15:58,702  INFO StartLogger - Logics instance has successfully started
18 Mar 2020 12:15:58,702  INFO StartLogger - Desktop Client is available at:
18 Mar 2020 12:15:58,703  INFO StartLogger - Java Web Start (with auto update, requires JDK): https://download.lsfusion.org/java/lsfusion-client-3.0.jnlp
18 Mar 2020 12:15:58,703  INFO StartLogger - Server has successfully started in 18520 ms.
19 мар 2020 14:56:50,226  INFO StartLogger - Server is starting...
19 мар 2020 14:56:51,187  INFO StartLogger - Logics instance is starting...
19 мар 2020 14:56:51,195  INFO StartLogger - Initializing BusinessLogics
19 мар 2020 14:56:51,200  INFO StartLogger - Creating modules
19 мар 2020 14:56:51,200  INFO StartLogger - Initializing localizer
19 мар 2020 14:56:51,629  INFO StartLogger - Initializing dependencies
19 мар 2020 14:56:51,762  INFO StartLogger - Initializing modules order
19 мар 2020 14:56:51,764  INFO StartLogger - Initializing metacodes and classes
19 мар 2020 14:56:52,012  INFO StartLogger - Initializing object class
19 мар 2020 14:56:52,015  INFO StartLogger - Initializing tables
19 мар 2020 14:56:52,068  INFO StartLogger - Initializing class tables
19 мар 2020 14:56:52,117  INFO StartLogger - Initializing full tables with one key
19 мар 2020 14:56:52,117  INFO StartLogger - Initializing main logic
19 мар 2020 14:56:52,123  INFO StartLogger - Initializing main logic for module : #1 of 42 System (actual: 1)
19 мар 2020 14:56:52,552  INFO StartLogger - Initializing main logic for module : #2 of 42 Integration (actual: 26)
19 мар 2020 14:56:52,552  INFO StartLogger - Initializing main logic for module : #3 of 42 DefaultData (actual: 13)
19 мар 2020 14:56:52,552  INFO StartLogger - Initializing main logic for module : #4 of 42 Sound (actual: 32)
19 мар 2020 14:56:52,553  INFO StartLogger - Initializing main logic for module : #5 of 42 Com (actual: 29)
19 мар 2020 14:56:52,553  INFO StartLogger - Initializing main logic for module : #6 of 42 ProcessUtils (actual: 33)
19 мар 2020 14:56:52,553  INFO StartLogger - Initializing main logic for module : #7 of 42 Geo (actual: 34)
19 мар 2020 14:56:52,553  INFO StartLogger - Initializing main logic for module : #8 of 42 MasterData (actual: 6)
19 мар 2020 14:56:52,554  INFO StartLogger - Initializing main logic for module : #9 of 42 Authentication (actual: 2)
19 мар 2020 14:56:52,555  INFO StartLogger - Initializing main logic for module : #10 of 42 Printer (actual: 16)
19 мар 2020 14:56:52,556  INFO StartLogger - Initializing main logic for module : #11 of 42 Time (actual: 4)
19 мар 2020 14:56:52,557  INFO StartLogger - Initializing main logic for module : #12 of 42 Numerator (actual: 18)
19 мар 2020 14:56:52,558  INFO StartLogger - Initializing main logic for module : #13 of 42 Main (actual: 42)
19 мар 2020 14:56:52,576  INFO StartLogger - Initializing main logic for module : #14 of 42 Image (actual: 17)
19 мар 2020 14:56:52,578  INFO StartLogger - Initializing main logic for module : #15 of 42 OpenCV (actual: 39)
19 мар 2020 14:56:52,606  INFO StartLogger - Initializing main logic for module : #16 of 42 Utils (actual: 7)
19 мар 2020 14:56:52,668  INFO StartLogger - Initializing main logic for module : #17 of 42 Schedule (actual: 40)
19 мар 2020 14:56:52,668  INFO StartLogger - Initializing main logic for module : #18 of 42 Excel (actual: 24)
19 мар 2020 14:56:52,668  INFO StartLogger - Initializing main logic for module : #19 of 42 Hierarchy (actual: 23)
19 мар 2020 14:56:52,668  INFO StartLogger - Initializing main logic for module : #20 of 42 Fax (actual: 41)
19 мар 2020 14:56:52,669  INFO StartLogger - Initializing main logic for module : #21 of 42 I18n (actual: 28)
19 мар 2020 14:56:52,692  INFO StartLogger - Initializing main logic for module : #22 of 42 ProcessMonitor (actual: 20)
19 мар 2020 14:56:52,693  INFO StartLogger - Initializing main logic for module : #23 of 42 Document (actual: 19)
19 мар 2020 14:56:52,698  INFO StartLogger - Initializing main logic for module : #24 of 42 Historizable (actual: 22)
19 мар 2020 14:56:52,711  INFO StartLogger - Initializing main logic for module : #25 of 42 Reflection (actual: 3)
19 мар 2020 14:56:52,817  INFO StartLogger - Initializing main logic for module : #26 of 42 Messenger (actual: 30)
19 мар 2020 14:56:52,818  INFO StartLogger - Initializing main logic for module : #27 of 42 SystemEvents (actual: 5)
19 мар 2020 14:56:52,827  INFO StartLogger - Initializing main logic for module : #28 of 42 Email (actual: 9)
19 мар 2020 14:56:52,864  INFO StartLogger - Initializing main logic for module : #29 of 42 Viber (actual: 35)
19 мар 2020 14:56:52,864  INFO StartLogger - Initializing main logic for module : #30 of 42 Telegram (actual: 31)
19 мар 2020 14:56:52,865  INFO StartLogger - Initializing main logic for module : #31 of 42 Slack (actual: 38)
19 мар 2020 14:56:52,867  INFO StartLogger - Initializing main logic for module : #32 of 42 Skype (actual: 36)
19 мар 2020 14:56:53,016  INFO StartLogger - Initializing main logic for module : #33 of 42 Word (actual: 8)
19 мар 2020 14:56:53,017  INFO StartLogger - Initializing main logic for module : #34 of 42 Security (actual: 10)
19 мар 2020 14:56:53,144  INFO StartLogger - Initializing main logic for module : #35 of 42 Service (actual: 11)
19 мар 2020 14:56:53,224  INFO StartLogger - Initializing main logic for module : #36 of 42 Chat (actual: 27)
19 мар 2020 14:56:53,224  INFO StartLogger - Initializing main logic for module : #37 of 42 Profiler (actual: 25)
19 мар 2020 14:56:53,227  INFO StartLogger - Initializing main logic for module : #38 of 42 Scheduler (actual: 12)
19 мар 2020 14:56:53,229  INFO StartLogger - Initializing main logic for module : #39 of 42 SQLUtils (actual: 21)
19 мар 2020 14:56:53,245  INFO StartLogger - Initializing main logic for module : #40 of 42 EvalScript (actual: 37)
19 мар 2020 14:56:53,253  INFO StartLogger - Initializing main logic for module : #41 of 42 SchedulerDefaultData (actual: 14)
19 мар 2020 14:56:53,258  INFO StartLogger - Initializing main logic for module : #42 of 42 Backup (actual: 15)
19 мар 2020 14:56:53,293  INFO StartLogger - Checking for duplicate elements
19 мар 2020 14:56:53,305  INFO StartLogger - Filling implicit cases
19 мар 2020 14:56:53,305  INFO StartLogger - Initializing abstract properties
19 мар 2020 14:56:53,305  INFO StartLogger - Finalizing abstract actions
19 мар 2020 14:56:53,321  INFO StartLogger - Checking abstract
19 мар 2020 14:56:53,321  INFO StartLogger - Initializing class aggr props
19 мар 2020 14:56:53,321  INFO StartLogger - Initializing fields for data and materialized properties
19 мар 2020 14:56:53,330  INFO StartLogger - Looking for recursions in abstract actions / properties
19 мар 2020 14:56:53,355  INFO StartLogger - Setup property policy
19 мар 2020 14:56:53,355  INFO StartLogger - Setup drill-down
19 мар 2020 14:56:53,356  INFO StartLogger - Finalizing navigator elements
19 мар 2020 14:56:53,393  INFO StartLogger - Initializing indices
19 мар 2020 14:56:53,423  INFO StartLogger - Initializing reflection events
19 мар 2020 14:56:53,426  INFO StartLogger - Showing dependencies
19 мар 2020 14:56:53,426  INFO StartLogger - Setup action policy
19 мар 2020 14:56:54,730  INFO StartLogger - Initializing class data indexes
19 мар 2020 14:56:54,730  INFO StartLogger - Building property list
19 мар 2020 14:56:54,730  INFO StartLogger - Finalizing forms
19 мар 2020 14:56:54,730  INFO StartLogger - Setup loggables
19 мар 2020 14:56:54,746  INFO StartLogger - Finalizing properties
19 мар 2020 14:56:55,088  INFO StartLogger - Initializing actions' debugger
19 мар 2020 14:56:55,089  INFO StartLogger - Synchronizing DB
19 мар 2020 14:56:55,166  INFO StartLogger - Checking indices
19 мар 2020 14:56:55,166  INFO StartLogger - Creating tables
19 мар 2020 14:56:55,740  INFO StartLogger - Packing tables
19 мар 2020 14:56:55,740  INFO StartLogger - Adding indices
19 мар 2020 14:56:55,771  INFO StartLogger - Filling static objects ids
19 мар 2020 14:56:55,969  INFO StartLogger - Recalculate class stats
19 мар 2020 14:56:56,801  INFO StartLogger - Updating stats
19 мар 2020 14:56:56,866  INFO StartLogger - Writing static objects changes
19 мар 2020 14:56:58,905  INFO StartLogger - Migrating reflection properties and actions
19 мар 2020 14:56:58,926  INFO StartLogger - Recalculating aggregations
19 мар 2020 14:56:59,262  INFO StartLogger - Initializing Security Manager.
19 мар 2020 14:56:59,381  INFO StartLogger - Starting Security Manager.
19 мар 2020 14:56:59,522  INFO StartLogger - Starting RMI Manager
19 мар 2020 14:56:59,714  INFO StartLogger - Executing onStarted action
19 мар 2020 14:57:00,781  INFO StartLogger - Starting Scheduler
19 мар 2020 14:57:00,974  INFO StartLogger - Exporting RMI Logics object (port: 7652)
19 мар 2020 14:57:00,997  INFO StartLogger - Prereading properties graph
19 мар 2020 14:57:00,997  INFO StartLogger - Prereading caches for properties
19 мар 2020 14:57:00,997  INFO StartLogger - Reading modules hash
19 мар 2020 14:57:00,997  INFO StartLogger - Prereading caches for properties ended
19 мар 2020 14:57:00,998  INFO StartLogger - Comparing modulesHash: old null, new 23e08156
19 мар 2020 14:57:00,999  INFO StartLogger - Synchronizing group properties
19 мар 2020 14:57:00,999  INFO StartLogger - Synchronizing property entities
19 мар 2020 14:57:00,999  INFO StartLogger - Synchronizing forms
19 мар 2020 14:57:00,999  INFO StartLogger - Synchronizing group objects
19 мар 2020 14:57:00,999  INFO StartLogger - Synchronizing navigator elements
19 мар 2020 14:57:00,999  INFO StartLogger - Synchronizing property parents
19 мар 2020 14:57:00,999  INFO StartLogger - Synchronizing property draws
19 мар 2020 14:57:00,999  INFO StartLogger - Synchronizing parents
19 мар 2020 14:57:00,999  INFO StartLogger - Synchronizing tables
19 мар 2020 14:57:00,999  INFO StartLogger - synchronizeTables collecting data started
19 мар 2020 14:57:01,002  INFO StartLogger - synchronizeTables integration service started
19 мар 2020 14:57:02,216  INFO StartLogger - synchronizeTables finished
19 мар 2020 14:57:02,216  INFO StartLogger - Recalculating Stats at first start
19 мар 2020 14:57:02,216  INFO StartLogger - Writing modules hash
19 мар 2020 14:57:02,216  INFO StartLogger - Writing modulesHash 23e08156
19 мар 2020 14:57:02,230  INFO StartLogger - Writing modulesHash finished successfully
19 мар 2020 14:57:02,232  INFO StartLogger - Obsolete caches were successfully cleaned
19 мар 2020 14:57:02,232  INFO StartLogger - Logics instance has successfully started
19 мар 2020 14:57:02,232  INFO StartLogger - Desktop Client is available at:
19 мар 2020 14:57:02,232  INFO StartLogger - Java Web Start (with auto update, requires JDK): https://download.lsfusion.org/java/lsfusion-client-3.0.jnlp
19 мар 2020 14:57:02,233  INFO StartLogger - Installer for Windows (without auto update): https://download.lsfusion.org/exe/lsfusion-desktop-3.0-x64.exe
19 мар 2020 14:57:02,233  INFO StartLogger - Server has successfully started in 12008 ms.
19 мар 2020 15:00:29,171  INFO StartLogger - Server is starting...
19 мар 2020 15:00:30,063  INFO StartLogger - Logics instance is starting...
19 мар 2020 15:00:30,069  INFO StartLogger - Initializing BusinessLogics
19 мар 2020 15:00:30,074  INFO StartLogger - Creating modules
19 мар 2020 15:00:30,074  INFO StartLogger - Initializing localizer
19 мар 2020 15:00:30,496  INFO StartLogger - Initializing dependencies
19 мар 2020 15:00:30,624  INFO StartLogger - Initializing modules order
19 мар 2020 15:00:30,625  INFO StartLogger - Initializing metacodes and classes
19 мар 2020 15:00:30,856  INFO StartLogger - Initializing object class
19 мар 2020 15:00:30,858  INFO StartLogger - Initializing tables
19 мар 2020 15:00:30,911  INFO StartLogger - Initializing class tables
19 мар 2020 15:00:30,963  INFO StartLogger - Initializing full tables with one key
19 мар 2020 15:00:30,963  INFO StartLogger - Initializing main logic
19 мар 2020 15:00:30,969  INFO StartLogger - Initializing main logic for module : #1 of 42 System (actual: 1)
19 мар 2020 15:00:31,377  INFO StartLogger - Initializing main logic for module : #2 of 42 Geo (actual: 34)
19 мар 2020 15:00:31,377  INFO StartLogger - Initializing main logic for module : #4 of 42 Integration (actual: 26)
19 мар 2020 15:00:31,377  INFO StartLogger - Initializing main logic for module : #3 of 42 Sound (actual: 32)
19 мар 2020 15:00:31,377  INFO StartLogger - Initializing main logic for module : #5 of 42 ProcessUtils (actual: 33)
19 мар 2020 15:00:31,377  INFO StartLogger - Initializing main logic for module : #6 of 42 Time (actual: 4)
19 мар 2020 15:00:31,379  INFO StartLogger - Initializing main logic for module : #7 of 42 Printer (actual: 16)
19 мар 2020 15:00:31,382  INFO StartLogger - Initializing main logic for module : #8 of 42 MasterData (actual: 6)
19 мар 2020 15:00:31,385  INFO StartLogger - Initializing main logic for module : #9 of 42 Authentication (actual: 2)
19 мар 2020 15:00:31,388  INFO StartLogger - Initializing main logic for module : #10 of 42 DefaultData (actual: 13)
19 мар 2020 15:00:31,388  INFO StartLogger - Initializing main logic for module : #11 of 42 Image (actual: 17)
19 мар 2020 15:00:31,389  INFO StartLogger - Initializing main logic for module : #12 of 42 Main (actual: 42)
19 мар 2020 15:00:31,390  INFO StartLogger - Initializing main logic for module : #13 of 42 Numerator (actual: 18)
19 мар 2020 15:00:31,393  INFO StartLogger - Initializing main logic for module : #14 of 42 OpenCV (actual: 39)
19 мар 2020 15:00:31,396  INFO StartLogger - Initializing main logic for module : #15 of 42 Com (actual: 29)
19 мар 2020 15:00:31,446  INFO StartLogger - Initializing main logic for module : #16 of 42 Utils (actual: 7)
19 мар 2020 15:00:31,495  INFO StartLogger - Initializing main logic for module : #17 of 42 Historizable (actual: 22)
19 мар 2020 15:00:31,495  INFO StartLogger - Initializing main logic for module : #18 of 42 Reflection (actual: 3)
19 мар 2020 15:00:31,495  INFO StartLogger - Initializing main logic for module : #19 of 42 Document (actual: 19)
19 мар 2020 15:00:31,495  INFO StartLogger - Initializing main logic for module : #20 of 42 Fax (actual: 41)
19 мар 2020 15:00:31,496  INFO StartLogger - Initializing main logic for module : #21 of 42 Hierarchy (actual: 23)
19 мар 2020 15:00:31,496  INFO StartLogger - Initializing main logic for module : #22 of 42 Schedule (actual: 40)
19 мар 2020 15:00:31,500  INFO StartLogger - Initializing main logic for module : #23 of 42 I18n (actual: 28)
19 мар 2020 15:00:31,517  INFO StartLogger - Initializing main logic for module : #24 of 42 ProcessMonitor (actual: 20)
19 мар 2020 15:00:31,517  INFO StartLogger - Initializing main logic for module : #25 of 42 Excel (actual: 24)
19 мар 2020 15:00:31,617  INFO StartLogger - Initializing main logic for module : #26 of 42 Email (actual: 9)
19 мар 2020 15:00:31,617  INFO StartLogger - Initializing main logic for module : #27 of 42 SystemEvents (actual: 5)
19 мар 2020 15:00:31,617  INFO StartLogger - Initializing main logic for module : #28 of 42 Messenger (actual: 30)
19 мар 2020 15:00:31,632  INFO StartLogger - Initializing main logic for module : #29 of 42 Viber (actual: 35)
19 мар 2020 15:00:31,643  INFO StartLogger - Initializing main logic for module : #30 of 42 Slack (actual: 38)
19 мар 2020 15:00:31,664  INFO StartLogger - Initializing main logic for module : #31 of 42 Telegram (actual: 31)
19 мар 2020 15:00:31,668  INFO StartLogger - Initializing main logic for module : #32 of 42 Skype (actual: 36)
19 мар 2020 15:00:31,803  INFO StartLogger - Initializing main logic for module : #33 of 42 Word (actual: 8)
19 мар 2020 15:00:31,810  INFO StartLogger - Initializing main logic for module : #34 of 42 Security (actual: 10)
19 мар 2020 15:00:31,929  INFO StartLogger - Initializing main logic for module : #35 of 42 Service (actual: 11)
19 мар 2020 15:00:32,030  INFO StartLogger - Initializing main logic for module : #36 of 42 Chat (actual: 27)
19 мар 2020 15:00:32,030  INFO StartLogger - Initializing main logic for module : #37 of 42 SQLUtils (actual: 21)
19 мар 2020 15:00:32,036  INFO StartLogger - Initializing main logic for module : #38 of 42 Profiler (actual: 25)
19 мар 2020 15:00:32,052  INFO StartLogger - Initializing main logic for module : #39 of 42 Scheduler (actual: 12)
19 мар 2020 15:00:32,089  INFO StartLogger - Initializing main logic for module : #40 of 42 EvalScript (actual: 37)
19 мар 2020 15:00:32,105  INFO StartLogger - Initializing main logic for module : #41 of 42 SchedulerDefaultData (actual: 14)
19 мар 2020 15:00:32,118  INFO StartLogger - Initializing main logic for module : #42 of 42 Backup (actual: 15)
19 мар 2020 15:00:32,173  INFO StartLogger - Checking for duplicate elements
19 мар 2020 15:00:32,192  INFO StartLogger - Filling implicit cases
19 мар 2020 15:00:32,192  INFO StartLogger - Initializing abstract properties
19 мар 2020 15:00:32,192  INFO StartLogger - Finalizing abstract actions
19 мар 2020 15:00:32,213  INFO StartLogger - Checking abstract
19 мар 2020 15:00:32,213  INFO StartLogger - Initializing fields for data and materialized properties
19 мар 2020 15:00:32,213  INFO StartLogger - Initializing class aggr props
19 мар 2020 15:00:32,229  INFO StartLogger - Looking for recursions in abstract actions / properties
19 мар 2020 15:00:32,272  INFO StartLogger - Setup property policy
19 мар 2020 15:00:32,272  INFO StartLogger - Finalizing navigator elements
19 мар 2020 15:00:32,274  INFO StartLogger - Setup drill-down
19 мар 2020 15:00:32,274  INFO StartLogger - Initializing indices
19 мар 2020 15:00:32,275  INFO StartLogger - Initializing reflection events
19 мар 2020 15:00:32,352  INFO StartLogger - Showing dependencies
19 мар 2020 15:00:32,352  INFO StartLogger - Setup action policy
19 мар 2020 15:00:32,896  INFO StartLogger - Setting user logging for properties
19 мар 2020 15:00:32,907  INFO StartLogger - Setting user not null constraints for properties
19 мар 2020 15:00:32,909  INFO StartLogger - Initializing class data indexes
19 мар 2020 15:00:32,909  INFO StartLogger - Building property list
19 мар 2020 15:00:32,909  INFO StartLogger - Setup loggables
19 мар 2020 15:00:32,909  INFO StartLogger - Finalizing forms
19 мар 2020 15:00:32,916  INFO StartLogger - Finalizing properties
19 мар 2020 15:00:33,110  INFO StartLogger - Initializing actions' debugger
19 мар 2020 15:00:33,111  INFO StartLogger - Synchronizing DB
19 мар 2020 15:00:33,155  INFO StartLogger - Checking indices
19 мар 2020 15:00:33,155  INFO StartLogger - Applying migration script (0.0 -> 0.0)
19 мар 2020 15:00:33,196  INFO StartLogger - Creating tables
19 мар 2020 15:00:33,204  INFO StartLogger - Packing tables
19 мар 2020 15:00:33,205  INFO StartLogger - Adding indices
19 мар 2020 15:00:33,205  INFO StartLogger - Filling static objects ids
19 мар 2020 15:00:33,378  INFO StartLogger - Updating stats
19 мар 2020 15:00:33,398  INFO StartLogger - Writing static objects changes
19 мар 2020 15:00:33,576  INFO StartLogger - Migrating reflection properties and actions
19 мар 2020 15:00:33,602  INFO StartLogger - Recalculating aggregations
19 мар 2020 15:00:33,692  INFO StartLogger - Initializing Security Manager.
19 мар 2020 15:00:33,739  INFO StartLogger - Starting Security Manager.
19 мар 2020 15:00:33,753  INFO StartLogger - Starting RMI Manager
19 мар 2020 15:00:33,953  INFO StartLogger - Executing onStarted action
19 мар 2020 15:00:34,450  INFO StartLogger - Starting Scheduler
19 мар 2020 15:00:34,606  INFO StartLogger - Exporting RMI Logics object (port: 7652)
19 мар 2020 15:00:34,622  INFO StartLogger - Prereading properties graph
19 мар 2020 15:00:34,622  INFO StartLogger - Prereading caches for properties
19 мар 2020 15:00:34,623  INFO StartLogger - Reading modules hash
19 мар 2020 15:00:34,623  INFO StartLogger - Prereading caches for properties ended
19 мар 2020 15:00:34,624  INFO StartLogger - Comparing modulesHash: old 23e08156, new 23e08156
19 мар 2020 15:00:34,625  INFO StartLogger - Synchronizing group properties
19 мар 2020 15:00:34,625  INFO StartLogger - Synchronizing property entities
19 мар 2020 15:00:34,625  INFO StartLogger - Synchronizing forms
19 мар 2020 15:00:34,625  INFO StartLogger - Synchronizing property parents
19 мар 2020 15:00:34,625  INFO StartLogger - Synchronizing tables
19 мар 2020 15:00:34,625  INFO StartLogger - Synchronizing navigator elements
19 мар 2020 15:00:34,625  INFO StartLogger - Synchronizing group objects
19 мар 2020 15:00:34,625  INFO StartLogger - Synchronizing parents
19 мар 2020 15:00:34,625  INFO StartLogger - Synchronizing property draws
19 мар 2020 15:00:34,626  INFO StartLogger - Recalculating Stats at first start
19 мар 2020 15:00:34,626  INFO StartLogger - Writing modules hash
19 мар 2020 15:00:34,626  INFO StartLogger - Writing modulesHash 23e08156
19 мар 2020 15:00:34,645  INFO StartLogger - Writing modulesHash finished successfully
19 мар 2020 15:00:34,646  INFO StartLogger - Obsolete caches were successfully cleaned
19 мар 2020 15:00:34,647  INFO StartLogger - Logics instance has successfully started
19 мар 2020 15:00:34,647  INFO StartLogger - Desktop Client is available at:
19 мар 2020 15:00:34,647  INFO StartLogger - Java Web Start (with auto update, requires JDK): https://download.lsfusion.org/java/lsfusion-client-3.0.jnlp
19 мар 2020 15:00:34,647  INFO StartLogger - Installer for Windows (without auto update): https://download.lsfusion.org/exe/lsfusion-desktop-3.0-x64.exe
19 мар 2020 15:00:34,647  INFO StartLogger - Server has successfully started in 5476 ms.
19 мар 2020 15:02:58,970  INFO StartLogger - Server is starting...
19 мар 2020 15:03:00,054  INFO StartLogger - Logics instance is starting...
19 мар 2020 15:03:00,061  INFO StartLogger - Initializing BusinessLogics
19 мар 2020 15:03:00,066  INFO StartLogger - Creating modules
19 мар 2020 15:03:00,066  INFO StartLogger - Initializing localizer
19 мар 2020 15:03:00,500  INFO StartLogger - Initializing dependencies
19 мар 2020 15:03:00,632  INFO StartLogger - Initializing modules order
19 мар 2020 15:03:00,633  INFO StartLogger - Initializing metacodes and classes
19 мар 2020 15:03:00,880  INFO StartLogger - Initializing object class
19 мар 2020 15:03:00,882  INFO StartLogger - Initializing tables
19 мар 2020 15:03:00,938  INFO StartLogger - Initializing class tables
19 мар 2020 15:03:00,992  INFO StartLogger - Initializing full tables with one key
19 мар 2020 15:03:00,993  INFO StartLogger - Initializing main logic
19 мар 2020 15:03:00,998  INFO StartLogger - Initializing main logic for module : #1 of 42 System (actual: 1)
19 мар 2020 15:03:01,417  INFO StartLogger - Initializing main logic for module : #2 of 42 Authentication (actual: 2)
19 мар 2020 15:03:01,417  INFO StartLogger - Initializing main logic for module : #3 of 42 ProcessUtils (actual: 33)
19 мар 2020 15:03:01,417  INFO StartLogger - Initializing main logic for module : #4 of 42 DefaultData (actual: 13)
19 мар 2020 15:03:01,417  INFO StartLogger - Initializing main logic for module : #5 of 42 Com (actual: 29)
19 мар 2020 15:03:01,417  INFO StartLogger - Initializing main logic for module : #6 of 42 Integration (actual: 26)
19 мар 2020 15:03:01,430  INFO StartLogger - Initializing main logic for module : #7 of 42 Time (actual: 4)
19 мар 2020 15:03:01,430  INFO StartLogger - Initializing main logic for module : #8 of 42 Geo (actual: 34)
19 мар 2020 15:03:01,431  INFO StartLogger - Initializing main logic for module : #9 of 42 Image (actual: 17)
19 мар 2020 15:03:01,432  INFO StartLogger - Initializing main logic for module : #10 of 42 Printer (actual: 16)
19 мар 2020 15:03:01,432  INFO StartLogger - Initializing main logic for module : #11 of 42 MasterData (actual: 6)
19 мар 2020 15:03:01,434  INFO StartLogger - Initializing main logic for module : #12 of 42 OpenCV (actual: 39)
19 мар 2020 15:03:01,436  INFO StartLogger - Initializing main logic for module : #13 of 42 Sound (actual: 32)
19 мар 2020 15:03:01,440  INFO StartLogger - Initializing main logic for module : #14 of 42 Numerator (actual: 18)
19 мар 2020 15:03:01,440  INFO StartLogger - Initializing main logic for module : #15 of 42 Main (actual: 42)
19 мар 2020 15:03:01,483  INFO StartLogger - Initializing main logic for module : #16 of 42 Utils (actual: 7)
19 мар 2020 15:03:01,529  INFO StartLogger - Initializing main logic for module : #17 of 42 I18n (actual: 28)
19 мар 2020 15:03:01,529  INFO StartLogger - Initializing main logic for module : #18 of 42 Schedule (actual: 40)
19 мар 2020 15:03:01,530  INFO StartLogger - Initializing main logic for module : #19 of 42 Fax (actual: 41)
19 мар 2020 15:03:01,531  INFO StartLogger - Initializing main logic for module : #20 of 42 Excel (actual: 24)
19 мар 2020 15:03:01,549  INFO StartLogger - Initializing main logic for module : #21 of 42 Hierarchy (actual: 23)
19 мар 2020 15:03:01,551  INFO StartLogger - Initializing main logic for module : #22 of 42 Document (actual: 19)
19 мар 2020 15:03:01,551  INFO StartLogger - Initializing main logic for module : #23 of 42 Historizable (actual: 22)
19 мар 2020 15:03:01,552  INFO StartLogger - Initializing main logic for module : #24 of 42 ProcessMonitor (actual: 20)
19 мар 2020 15:03:01,553  INFO StartLogger - Initializing main logic for module : #25 of 42 Reflection (actual: 3)
19 мар 2020 15:03:01,624  INFO StartLogger - Initializing main logic for module : #26 of 42 Email (actual: 9)
19 мар 2020 15:03:01,624  INFO StartLogger - Initializing main logic for module : #27 of 42 SystemEvents (actual: 5)
19 мар 2020 15:03:01,624  INFO StartLogger - Initializing main logic for module : #28 of 42 Messenger (actual: 30)
19 мар 2020 15:03:01,641  INFO StartLogger - Initializing main logic for module : #29 of 42 Skype (actual: 36)
19 мар 2020 15:03:01,642  INFO StartLogger - Initializing main logic for module : #30 of 42 Slack (actual: 38)
19 мар 2020 15:03:01,645  INFO StartLogger - Initializing main logic for module : #31 of 42 Viber (actual: 35)
19 мар 2020 15:03:01,653  INFO StartLogger - Initializing main logic for module : #32 of 42 Telegram (actual: 31)
19 мар 2020 15:03:01,858  INFO StartLogger - Initializing main logic for module : #33 of 42 Security (actual: 10)
19 мар 2020 15:03:01,858  INFO StartLogger - Initializing main logic for module : #34 of 42 Word (actual: 8)
19 мар 2020 15:03:01,991  INFO StartLogger - Initializing main logic for module : #35 of 42 Service (actual: 11)
19 мар 2020 15:03:02,086  INFO StartLogger - Initializing main logic for module : #36 of 42 Scheduler (actual: 12)
19 мар 2020 15:03:02,086  INFO StartLogger - Initializing main logic for module : #39 of 42 Profiler (actual: 25)
19 мар 2020 15:03:02,086  INFO StartLogger - Initializing main logic for module : #40 of 42 Chat (actual: 27)
19 мар 2020 15:03:02,086  INFO StartLogger - Initializing main logic for module : #38 of 42 SQLUtils (actual: 21)
19 мар 2020 15:03:02,086  INFO StartLogger - Initializing main logic for module : #37 of 42 EvalScript (actual: 37)
19 мар 2020 15:03:02,125  INFO StartLogger - Initializing main logic for module : #41 of 42 SchedulerDefaultData (actual: 14)
19 мар 2020 15:03:02,134  INFO StartLogger - Initializing main logic for module : #42 of 42 Backup (actual: 15)
19 мар 2020 15:03:02,164  INFO StartLogger - Checking for duplicate elements
19 мар 2020 15:03:02,181  INFO StartLogger - Filling implicit cases
19 мар 2020 15:03:02,182  INFO StartLogger - Initializing abstract properties
19 мар 2020 15:03:02,182  INFO StartLogger - Finalizing abstract actions
19 мар 2020 15:03:02,201  INFO StartLogger - Checking abstract
19 мар 2020 15:03:02,201  INFO StartLogger - Initializing fields for data and materialized properties
19 мар 2020 15:03:02,201  INFO StartLogger - Initializing class aggr props
19 мар 2020 15:03:02,207  INFO StartLogger - Looking for recursions in abstract actions / properties
19 мар 2020 15:03:02,251  INFO StartLogger - Setup property policy
19 мар 2020 15:03:02,251  INFO StartLogger - Finalizing navigator elements
19 мар 2020 15:03:02,252  INFO StartLogger - Setup drill-down
19 мар 2020 15:03:02,252  INFO StartLogger - Initializing indices
19 мар 2020 15:03:02,252  INFO StartLogger - Initializing reflection events
19 мар 2020 15:03:02,366  INFO StartLogger - Showing dependencies
19 мар 2020 15:03:02,366  INFO StartLogger - Setup action policy
19 мар 2020 15:03:02,932  INFO StartLogger - Setting user logging for properties
19 мар 2020 15:03:02,948  INFO StartLogger - Setting user not null constraints for properties
19 мар 2020 15:03:02,951  INFO StartLogger - Initializing class data indexes
19 мар 2020 15:03:02,951  INFO StartLogger - Building property list
19 мар 2020 15:03:02,951  INFO StartLogger - Finalizing forms
19 мар 2020 15:03:02,951  INFO StartLogger - Setup loggables
19 мар 2020 15:03:02,960  INFO StartLogger - Finalizing properties
19 мар 2020 15:03:03,222  INFO StartLogger - Initializing actions' debugger
19 мар 2020 15:03:03,222  INFO StartLogger - Synchronizing DB
19 мар 2020 15:03:03,285  INFO StartLogger - Checking indices
19 мар 2020 15:03:03,286  INFO StartLogger - Applying migration script (0.0 -> 0.0)
19 мар 2020 15:03:03,364  INFO StartLogger - Creating tables
19 мар 2020 15:03:03,371  INFO StartLogger - Packing tables
19 мар 2020 15:03:03,371  INFO StartLogger - Adding indices
19 мар 2020 15:03:03,371  INFO StartLogger - Filling static objects ids
19 мар 2020 15:03:03,571  INFO StartLogger - Updating stats
19 мар 2020 15:03:03,601  INFO StartLogger - Writing static objects changes
19 мар 2020 15:03:03,809  INFO StartLogger - Migrating reflection properties and actions
19 мар 2020 15:03:03,854  INFO StartLogger - Recalculating aggregations
19 мар 2020 15:03:04,001  INFO StartLogger - Initializing Security Manager.
19 мар 2020 15:03:04,100  INFO StartLogger - Starting Security Manager.
19 мар 2020 15:03:04,113  INFO StartLogger - Starting RMI Manager
19 мар 2020 15:03:04,302  INFO StartLogger - Executing onStarted action
19 мар 2020 15:03:04,936  INFO StartLogger - Starting Scheduler
19 мар 2020 15:03:05,113  INFO StartLogger - Exporting RMI Logics object (port: 7652)
19 мар 2020 15:03:05,131  INFO StartLogger - Prereading caches for properties
19 мар 2020 15:03:05,131  INFO StartLogger - Prereading properties graph
19 мар 2020 15:03:05,131  INFO StartLogger - Reading modules hash
19 мар 2020 15:03:05,132  INFO StartLogger - Prereading caches for properties ended
19 мар 2020 15:03:05,133  INFO StartLogger - Comparing modulesHash: old 23e08156, new da08215c
19 мар 2020 15:03:05,134  INFO StartLogger - Synchronizing forms
19 мар 2020 15:03:05,134  INFO StartLogger - Synchronizing property entities
19 мар 2020 15:03:05,134  INFO StartLogger - Synchronizing group properties
19 мар 2020 15:03:05,135  INFO StartLogger - Synchronizing navigator elements
19 мар 2020 15:03:05,135  INFO StartLogger - Synchronizing group objects
19 мар 2020 15:03:05,135  INFO StartLogger - Synchronizing property parents
19 мар 2020 15:03:05,135  INFO StartLogger - Synchronizing tables
19 мар 2020 15:03:05,135  INFO StartLogger - synchronizeTables collecting data started
19 мар 2020 15:03:05,135  INFO StartLogger - Synchronizing property draws
19 мар 2020 15:03:05,135  INFO StartLogger - Synchronizing parents
19 мар 2020 15:03:05,136  INFO StartLogger - synchronizeTables integration service started
19 мар 2020 15:03:10,112  INFO StartLogger - synchronizeTables finished
19 мар 2020 15:03:10,112  INFO StartLogger - Recalculating Stats at first start
19 мар 2020 15:03:10,112  INFO StartLogger - Writing modules hash
19 мар 2020 15:03:10,113  INFO StartLogger - Writing modulesHash da08215c
19 мар 2020 15:03:10,135  INFO StartLogger - Writing modulesHash finished successfully
19 мар 2020 15:03:10,138  INFO StartLogger - Obsolete caches were successfully cleaned
19 мар 2020 15:03:10,138  INFO StartLogger - Logics instance has successfully started
19 мар 2020 15:03:10,138  INFO StartLogger - Desktop Client is available at:
19 мар 2020 15:03:10,139  INFO StartLogger - Java Web Start (with auto update, requires JDK): https://download.lsfusion.org/java/lsfusion-client-3.0.jnlp
19 мар 2020 15:03:10,139  INFO StartLogger - Installer for Windows (without auto update): https://download.lsfusion.org/exe/lsfusion-desktop-3.0-x64.exe
19 мар 2020 15:03:10,139  INFO StartLogger - Server has successfully started in 11170 ms.
19 мар 2020 15:10:37,014  INFO StartLogger - Server is starting...
19 мар 2020 15:10:37,916  INFO StartLogger - Logics instance is starting...
19 мар 2020 15:10:37,925  INFO StartLogger - Initializing BusinessLogics
19 мар 2020 15:10:37,929  INFO StartLogger - Creating modules
19 мар 2020 15:10:37,930  INFO StartLogger - Initializing localizer
19 мар 2020 15:10:38,329  INFO StartLogger - Initializing dependencies
19 мар 2020 15:10:38,461  INFO StartLogger - Initializing modules order
19 мар 2020 15:10:38,463  INFO StartLogger - Initializing metacodes and classes
19 мар 2020 15:10:38,704  INFO StartLogger - Initializing object class
19 мар 2020 15:10:38,706  INFO StartLogger - Initializing tables
19 мар 2020 15:10:38,764  INFO StartLogger - Initializing class tables
19 мар 2020 15:10:38,810  INFO StartLogger - Initializing full tables with one key
19 мар 2020 15:10:38,811  INFO StartLogger - Initializing main logic
19 мар 2020 15:10:38,818  INFO StartLogger - Initializing main logic for module : #1 of 42 System (actual: 1)
19 мар 2020 15:10:39,223  INFO StartLogger - Initializing main logic for module : #2 of 42 ProcessUtils (actual: 33)
19 мар 2020 15:10:39,223  INFO StartLogger - Initializing main logic for module : #4 of 42 MasterData (actual: 6)
19 мар 2020 15:10:39,223  INFO StartLogger - Initializing main logic for module : #3 of 42 Integration (actual: 26)
19 мар 2020 15:10:39,223  INFO StartLogger - Initializing main logic for module : #5 of 42 Printer (actual: 16)
19 мар 2020 15:10:39,223  INFO StartLogger - Initializing main logic for module : #6 of 42 Geo (actual: 34)
19 мар 2020 15:10:39,226  INFO StartLogger - Initializing main logic for module : #7 of 42 OpenCV (actual: 39)
19 мар 2020 15:10:39,226  INFO StartLogger - Initializing main logic for module : #8 of 42 Com (actual: 29)
19 мар 2020 15:10:39,227  INFO StartLogger - Initializing main logic for module : #9 of 42 Main (actual: 42)
19 мар 2020 15:10:39,230  INFO StartLogger - Initializing main logic for module : #10 of 42 Time (actual: 4)
19 мар 2020 15:10:39,230  INFO StartLogger - Initializing main logic for module : #11 of 42 Authentication (actual: 2)
19 мар 2020 15:10:39,231  INFO StartLogger - Initializing main logic for module : #12 of 42 DefaultData (actual: 13)
19 мар 2020 15:10:39,232  INFO StartLogger - Initializing main logic for module : #13 of 42 Image (actual: 17)
19 мар 2020 15:10:39,234  INFO StartLogger - Initializing main logic for module : #14 of 42 Numerator (actual: 18)
19 мар 2020 15:10:39,235  INFO StartLogger - Initializing main logic for module : #15 of 42 Sound (actual: 32)
19 мар 2020 15:10:39,302  INFO StartLogger - Initializing main logic for module : #16 of 42 Utils (actual: 7)
19 мар 2020 15:10:39,342  INFO StartLogger - Initializing main logic for module : #17 of 42 Historizable (actual: 22)
19 мар 2020 15:10:39,342  INFO StartLogger - Initializing main logic for module : #18 of 42 Reflection (actual: 3)
19 мар 2020 15:10:39,345  INFO StartLogger - Initializing main logic for module : #19 of 42 Schedule (actual: 40)
19 мар 2020 15:10:39,345  INFO StartLogger - Initializing main logic for module : #21 of 42 ProcessMonitor (actual: 20)
19 мар 2020 15:10:39,345  INFO StartLogger - Initializing main logic for module : #20 of 42 Fax (actual: 41)
19 мар 2020 15:10:39,356  INFO StartLogger - Initializing main logic for module : #22 of 42 Excel (actual: 24)
19 мар 2020 15:10:39,367  INFO StartLogger - Initializing main logic for module : #23 of 42 Document (actual: 19)
19 мар 2020 15:10:39,368  INFO StartLogger - Initializing main logic for module : #24 of 42 I18n (actual: 28)
19 мар 2020 15:10:39,372  INFO StartLogger - Initializing main logic for module : #25 of 42 Hierarchy (actual: 23)
19 мар 2020 15:10:39,455  INFO StartLogger - Initializing main logic for module : #26 of 42 Email (actual: 9)
19 мар 2020 15:10:39,455  INFO StartLogger - Initializing main logic for module : #27 of 42 SystemEvents (actual: 5)
19 мар 2020 15:10:39,462  INFO StartLogger - Initializing main logic for module : #28 of 42 Messenger (actual: 30)
19 мар 2020 15:10:39,482  INFO StartLogger - Initializing main logic for module : #29 of 42 Slack (actual: 38)
19 мар 2020 15:10:39,496  INFO StartLogger - Initializing main logic for module : #30 of 42 Telegram (actual: 31)
19 мар 2020 15:10:39,503  INFO StartLogger - Initializing main logic for module : #31 of 42 Viber (actual: 35)
19 мар 2020 15:10:39,504  INFO StartLogger - Initializing main logic for module : #32 of 42 Skype (actual: 36)
19 мар 2020 15:10:39,654  INFO StartLogger - Initializing main logic for module : #33 of 42 Security (actual: 10)
19 мар 2020 15:10:39,654  INFO StartLogger - Initializing main logic for module : #34 of 42 Word (actual: 8)
19 мар 2020 15:10:39,777  INFO StartLogger - Initializing main logic for module : #35 of 42 Service (actual: 11)
19 мар 2020 15:10:39,864  INFO StartLogger - Initializing main logic for module : #36 of 42 Chat (actual: 27)
19 мар 2020 15:10:39,865  INFO StartLogger - Initializing main logic for module : #37 of 42 EvalScript (actual: 37)
19 мар 2020 15:10:39,866  INFO StartLogger - Initializing main logic for module : #38 of 42 Scheduler (actual: 12)
19 мар 2020 15:10:39,868  INFO StartLogger - Initializing main logic for module : #39 of 42 SQLUtils (actual: 21)
19 мар 2020 15:10:39,875  INFO StartLogger - Initializing main logic for module : #40 of 42 Profiler (actual: 25)
19 мар 2020 15:10:39,902  INFO StartLogger - Initializing main logic for module : #41 of 42 SchedulerDefaultData (actual: 14)
19 мар 2020 15:10:39,904  INFO StartLogger - Initializing main logic for module : #42 of 42 Backup (actual: 15)
19 мар 2020 15:10:39,939  INFO StartLogger - Checking for duplicate elements
19 мар 2020 15:10:39,955  INFO StartLogger - Filling implicit cases
19 мар 2020 15:10:39,956  INFO StartLogger - Initializing abstract properties
19 мар 2020 15:10:39,956  INFO StartLogger - Finalizing abstract actions
19 мар 2020 15:10:39,973  INFO StartLogger - Checking abstract
19 мар 2020 15:10:39,973  INFO StartLogger - Initializing class aggr props
19 мар 2020 15:10:39,974  INFO StartLogger - Initializing fields for data and materialized properties
19 мар 2020 15:10:39,980  INFO StartLogger - Looking for recursions in abstract actions / properties
19 мар 2020 15:10:40,006  INFO StartLogger - Setup property policy
19 мар 2020 15:10:40,010  INFO StartLogger - Finalizing navigator elements
19 мар 2020 15:10:40,011  INFO StartLogger - Setup drill-down
19 мар 2020 15:10:40,012  INFO StartLogger - Initializing indices
19 мар 2020 15:10:40,012  INFO StartLogger - Initializing reflection events
19 мар 2020 15:10:40,071  INFO StartLogger - Showing dependencies
19 мар 2020 15:10:40,071  INFO StartLogger - Setup action policy
19 мар 2020 15:10:40,705  INFO StartLogger - Setting user logging for properties
19 мар 2020 15:10:40,716  INFO StartLogger - Setting user not null constraints for properties
19 мар 2020 15:10:40,718  INFO StartLogger - Initializing class data indexes
19 мар 2020 15:10:40,718  INFO StartLogger - Building property list
19 мар 2020 15:10:40,718  INFO StartLogger - Finalizing forms
19 мар 2020 15:10:40,718  INFO StartLogger - Setup loggables
19 мар 2020 15:10:40,725  INFO StartLogger - Finalizing properties
19 мар 2020 15:10:40,920  INFO StartLogger - Initializing actions' debugger
19 мар 2020 15:10:40,920  INFO StartLogger - Synchronizing DB
19 мар 2020 15:10:40,961  INFO StartLogger - Checking indices
19 мар 2020 15:10:40,962  INFO StartLogger - Applying migration script (0.0 -> 0.0)
19 мар 2020 15:10:41,006  INFO StartLogger - Creating tables
19 мар 2020 15:10:41,022  INFO StartLogger - Packing tables
19 мар 2020 15:10:41,022  INFO StartLogger - Adding indices
19 мар 2020 15:10:41,022  INFO StartLogger - Filling static objects ids
19 мар 2020 15:10:41,169  INFO StartLogger - Updating stats
19 мар 2020 15:10:41,188  INFO StartLogger - Writing static objects changes
19 мар 2020 15:10:41,393  INFO StartLogger - Migrating reflection properties and actions
19 мар 2020 15:10:41,432  INFO StartLogger - Recalculating aggregations
19 мар 2020 15:10:41,513  INFO StartLogger - Initializing Security Manager.
19 мар 2020 15:10:41,565  INFO StartLogger - Starting Security Manager.
19 мар 2020 15:10:41,577  INFO StartLogger - Starting RMI Manager
19 мар 2020 15:10:41,787  INFO StartLogger - Executing onStarted action
19 мар 2020 15:10:42,302  INFO StartLogger - Starting Scheduler
19 мар 2020 15:10:42,494  INFO StartLogger - Exporting RMI Logics object (port: 7652)
19 мар 2020 15:10:42,511  INFO StartLogger - Prereading caches for properties
19 мар 2020 15:10:42,511  INFO StartLogger - Reading modules hash
19 мар 2020 15:10:42,511  INFO StartLogger - Prereading properties graph
19 мар 2020 15:10:42,511  INFO StartLogger - Prereading caches for properties ended
19 мар 2020 15:10:42,514  INFO StartLogger - Comparing modulesHash: old da08215c, new 646a2cae
19 мар 2020 15:10:42,514  INFO StartLogger - Synchronizing group properties
19 мар 2020 15:10:42,514  INFO StartLogger - Synchronizing property entities
19 мар 2020 15:10:42,514  INFO StartLogger - Synchronizing forms
19 мар 2020 15:10:42,514  INFO StartLogger - Synchronizing property parents
19 мар 2020 15:10:42,514  INFO StartLogger - Synchronizing navigator elements
19 мар 2020 15:10:42,514  INFO StartLogger - Synchronizing tables
19 мар 2020 15:10:42,514  INFO StartLogger - Synchronizing group objects
19 мар 2020 15:10:42,515  INFO StartLogger - synchronizeTables collecting data started
19 мар 2020 15:10:42,515  INFO StartLogger - Synchronizing parents
19 мар 2020 15:10:42,515  INFO StartLogger - Synchronizing property draws
19 мар 2020 15:10:42,516  INFO StartLogger - synchronizeTables integration service started
19 мар 2020 15:10:47,454  INFO StartLogger - synchronizeTables finished
19 мар 2020 15:10:47,454  INFO StartLogger - Recalculating Stats at first start
19 мар 2020 15:10:47,454  INFO StartLogger - Writing modules hash
19 мар 2020 15:10:47,454  INFO StartLogger - Writing modulesHash 646a2cae
19 мар 2020 15:10:47,475  INFO StartLogger - Writing modulesHash finished successfully
19 мар 2020 15:10:47,477  INFO StartLogger - Obsolete caches were successfully cleaned
19 мар 2020 15:10:47,477  INFO StartLogger - Logics instance has successfully started
19 мар 2020 15:10:47,478  INFO StartLogger - Desktop Client is available at:
19 мар 2020 15:10:47,478  INFO StartLogger - Java Web Start (with auto update, requires JDK): https://download.lsfusion.org/java/lsfusion-client-3.0.jnlp
19 мар 2020 15:10:47,478  INFO StartLogger - Installer for Windows (without auto update): https://download.lsfusion.org/exe/lsfusion-desktop-3.0-x64.exe
19 мар 2020 15:10:47,478  INFO StartLogger - Server has successfully started in 10464 ms.
19 мар 2020 15:11:54,868  INFO StartLogger - Server is starting...
19 мар 2020 15:11:55,910  INFO StartLogger - Logics instance is starting...
19 мар 2020 15:11:55,916  INFO StartLogger - Initializing BusinessLogics
19 мар 2020 15:11:55,922  INFO StartLogger - Initializing localizer
19 мар 2020 15:11:55,922  INFO StartLogger - Creating modules
19 мар 2020 15:11:56,365  INFO StartLogger - Initializing dependencies
19 мар 2020 15:11:56,502  INFO StartLogger - Initializing modules order
19 мар 2020 15:11:56,504  INFO StartLogger - Initializing metacodes and classes
19 мар 2020 15:11:56,758  INFO StartLogger - Initializing object class
19 мар 2020 15:11:56,760  INFO StartLogger - Initializing tables
19 мар 2020 15:11:56,822  INFO StartLogger - Initializing class tables
19 мар 2020 15:11:56,876  INFO StartLogger - Initializing full tables with one key
19 мар 2020 15:11:56,877  INFO StartLogger - Initializing main logic
19 мар 2020 15:11:56,884  INFO StartLogger - Initializing main logic for module : #1 of 42 System (actual: 1)
19 мар 2020 15:11:57,420  INFO StartLogger - Initializing main logic for module : #2 of 42 ProcessUtils (actual: 33)
19 мар 2020 15:11:57,420  INFO StartLogger - Initializing main logic for module : #4 of 42 DefaultData (actual: 13)
19 мар 2020 15:11:57,420  INFO StartLogger - Initializing main logic for module : #3 of 42 Image (actual: 17)
19 мар 2020 15:11:57,420  INFO StartLogger - Initializing main logic for module : #5 of 42 Authentication (actual: 2)
19 мар 2020 15:11:57,420  INFO StartLogger - Initializing main logic for module : #6 of 42 Geo (actual: 34)
19 мар 2020 15:11:57,424  INFO StartLogger - Initializing main logic for module : #7 of 42 Time (actual: 4)
19 мар 2020 15:11:57,425  INFO StartLogger - Initializing main logic for module : #8 of 42 Integration (actual: 26)
19 мар 2020 15:11:57,426  INFO StartLogger - Initializing main logic for module : #9 of 42 OpenCV (actual: 39)
19 мар 2020 15:11:57,440  INFO StartLogger - Initializing main logic for module : #10 of 42 MasterData (actual: 6)
19 мар 2020 15:11:57,444  INFO StartLogger - Initializing main logic for module : #11 of 42 Printer (actual: 16)
19 мар 2020 15:11:57,465  INFO StartLogger - Initializing main logic for module : #12 of 42 Main (actual: 42)
19 мар 2020 15:11:57,465  INFO StartLogger - Initializing main logic for module : #13 of 42 Numerator (actual: 18)
19 мар 2020 15:11:57,471  INFO StartLogger - Initializing main logic for module : #14 of 42 Com (actual: 29)
19 мар 2020 15:11:57,472  INFO StartLogger - Initializing main logic for module : #15 of 42 Sound (actual: 32)
19 мар 2020 15:11:57,524  INFO StartLogger - Initializing main logic for module : #16 of 42 Utils (actual: 7)
19 мар 2020 15:11:57,571  INFO StartLogger - Initializing main logic for module : #17 of 42 Historizable (actual: 22)
19 мар 2020 15:11:57,571  INFO StartLogger - Initializing main logic for module : #18 of 42 Reflection (actual: 3)
19 мар 2020 15:11:57,575  INFO StartLogger - Initializing main logic for module : #19 of 42 ProcessMonitor (actual: 20)
19 мар 2020 15:11:57,575  INFO StartLogger - Initializing main logic for module : #21 of 42 Excel (actual: 24)
19 мар 2020 15:11:57,575  INFO StartLogger - Initializing main logic for module : #20 of 42 I18n (actual: 28)
19 мар 2020 15:11:57,591  INFO StartLogger - Initializing main logic for module : #22 of 42 Schedule (actual: 40)
19 мар 2020 15:11:57,594  INFO StartLogger - Initializing main logic for module : #23 of 42 Document (actual: 19)
19 мар 2020 15:11:57,614  INFO StartLogger - Initializing main logic for module : #24 of 42 Hierarchy (actual: 23)
19 мар 2020 15:11:57,614  INFO StartLogger - Initializing main logic for module : #25 of 42 Fax (actual: 41)
19 мар 2020 15:11:57,696  INFO StartLogger - Initializing main logic for module : #26 of 42 SystemEvents (actual: 5)
19 мар 2020 15:11:57,704  INFO StartLogger - Initializing main logic for module : #27 of 42 Messenger (actual: 30)
19 мар 2020 15:11:57,732  INFO StartLogger - Initializing main logic for module : #28 of 42 Email (actual: 9)
19 мар 2020 15:11:57,769  INFO StartLogger - Initializing main logic for module : #29 of 42 Slack (actual: 38)
19 мар 2020 15:11:57,970  INFO StartLogger - Initializing main logic for module : #30 of 42 Viber (actual: 35)
19 мар 2020 15:11:57,977  INFO StartLogger - Initializing main logic for module : #31 of 42 Skype (actual: 36)
19 мар 2020 15:11:57,993  INFO StartLogger - Initializing main logic for module : #32 of 42 Telegram (actual: 31)
19 мар 2020 15:11:57,993  INFO StartLogger - Initializing main logic for module : #33 of 42 Word (actual: 8)
19 мар 2020 15:11:58,006  INFO StartLogger - Initializing main logic for module : #34 of 42 Security (actual: 10)
19 мар 2020 15:11:58,093  INFO StartLogger - Initializing main logic for module : #35 of 42 Service (actual: 11)
19 мар 2020 15:11:58,166  INFO StartLogger - Initializing main logic for module : #36 of 42 SQLUtils (actual: 21)
19 мар 2020 15:11:58,166  INFO StartLogger - Initializing main logic for module : #38 of 42 Chat (actual: 27)
19 мар 2020 15:11:58,167  INFO StartLogger - Initializing main logic for module : #39 of 42 Scheduler (actual: 12)
19 мар 2020 15:11:58,166  INFO StartLogger - Initializing main logic for module : #37 of 42 EvalScript (actual: 37)
19 мар 2020 15:11:58,172  INFO StartLogger - Initializing main logic for module : #40 of 42 Profiler (actual: 25)
19 мар 2020 15:11:58,238  INFO StartLogger - Initializing main logic for module : #41 of 42 SchedulerDefaultData (actual: 14)
19 мар 2020 15:11:58,243  INFO StartLogger - Initializing main logic for module : #42 of 42 Backup (actual: 15)
19 мар 2020 15:11:58,285  INFO StartLogger - Checking for duplicate elements
19 мар 2020 15:11:58,298  INFO StartLogger - Filling implicit cases
19 мар 2020 15:11:58,298  INFO StartLogger - Initializing abstract properties
19 мар 2020 15:11:58,298  INFO StartLogger - Finalizing abstract actions
19 мар 2020 15:11:58,329  INFO StartLogger - Checking abstract
19 мар 2020 15:11:58,330  INFO StartLogger - Initializing class aggr props
19 мар 2020 15:11:58,331  INFO StartLogger - Initializing fields for data and materialized properties
19 мар 2020 15:11:58,333  INFO StartLogger - Looking for recursions in abstract actions / properties
19 мар 2020 15:11:58,375  INFO StartLogger - Setup property policy
19 мар 2020 15:11:58,376  INFO StartLogger - Finalizing navigator elements
19 мар 2020 15:11:58,376  INFO StartLogger - Setup drill-down
19 мар 2020 15:11:58,377  INFO StartLogger - Initializing indices
19 мар 2020 15:11:58,377  INFO StartLogger - Initializing reflection events
19 мар 2020 15:11:58,447  INFO StartLogger - Showing dependencies
19 мар 2020 15:11:58,447  INFO StartLogger - Setup action policy
19 мар 2020 15:11:59,025  INFO StartLogger - Setting user logging for properties
19 мар 2020 15:11:59,035  INFO StartLogger - Setting user not null constraints for properties
19 мар 2020 15:11:59,037  INFO StartLogger - Initializing class data indexes
19 мар 2020 15:11:59,037  INFO StartLogger - Building property list
19 мар 2020 15:11:59,037  INFO StartLogger - Finalizing forms
19 мар 2020 15:11:59,037  INFO StartLogger - Setup loggables
19 мар 2020 15:11:59,045  INFO StartLogger - Finalizing properties
19 мар 2020 15:11:59,253  INFO StartLogger - Initializing actions' debugger
19 мар 2020 15:11:59,254  INFO StartLogger - Synchronizing DB
19 мар 2020 15:11:59,308  INFO StartLogger - Checking indices
19 мар 2020 15:11:59,309  INFO StartLogger - Applying migration script (0.0 -> 0.0)
19 мар 2020 15:11:59,354  INFO StartLogger - Creating tables
19 мар 2020 15:11:59,362  INFO StartLogger - Packing tables
19 мар 2020 15:11:59,362  INFO StartLogger - Adding indices
19 мар 2020 15:11:59,362  INFO StartLogger - Filling static objects ids
19 мар 2020 15:11:59,594  INFO StartLogger - Updating stats
19 мар 2020 15:11:59,614  INFO StartLogger - Writing static objects changes
19 мар 2020 15:11:59,838  INFO StartLogger - Migrating reflection properties and actions
19 мар 2020 15:11:59,880  INFO StartLogger - Recalculating aggregations
19 мар 2020 15:12:00,019  INFO StartLogger - Initializing Security Manager.
19 мар 2020 15:12:00,092  INFO StartLogger - Starting Security Manager.
19 мар 2020 15:12:00,100  INFO StartLogger - Starting RMI Manager
19 мар 2020 15:12:00,294  INFO StartLogger - Executing onStarted action
19 мар 2020 15:12:00,846  INFO StartLogger - Starting Scheduler
19 мар 2020 15:12:01,058  INFO StartLogger - Exporting RMI Logics object (port: 7652)
19 мар 2020 15:12:01,074  INFO StartLogger - Prereading caches for properties
19 мар 2020 15:12:01,074  INFO StartLogger - Prereading properties graph
19 мар 2020 15:12:01,075  INFO StartLogger - Reading modules hash
19 мар 2020 15:12:01,075  INFO StartLogger - Prereading caches for properties ended
19 мар 2020 15:12:01,076  INFO StartLogger - Comparing modulesHash: old 646a2cae, new c3a5e77a
19 мар 2020 15:12:01,077  INFO StartLogger - Synchronizing group properties
19 мар 2020 15:12:01,077  INFO StartLogger - Synchronizing property entities
19 мар 2020 15:12:01,077  INFO StartLogger - Synchronizing forms
19 мар 2020 15:12:01,077  INFO StartLogger - Synchronizing property parents
19 мар 2020 15:12:01,077  INFO StartLogger - Synchronizing tables
19 мар 2020 15:12:01,077  INFO StartLogger - synchronizeTables collecting data started
19 мар 2020 15:12:01,077  INFO StartLogger - Synchronizing navigator elements
19 мар 2020 15:12:01,077  INFO StartLogger - Synchronizing group objects
19 мар 2020 15:12:01,078  INFO StartLogger - Synchronizing parents
19 мар 2020 15:12:01,078  INFO StartLogger - Synchronizing property draws
19 мар 2020 15:12:01,078  INFO StartLogger - synchronizeTables integration service started
19 мар 2020 15:12:06,207  INFO StartLogger - synchronizeTables finished
19 мар 2020 15:12:06,208  INFO StartLogger - Recalculating Stats at first start
19 мар 2020 15:12:06,208  INFO StartLogger - Writing modules hash
19 мар 2020 15:12:06,208  INFO StartLogger - Writing modulesHash c3a5e77a
19 мар 2020 15:12:06,230  INFO StartLogger - Writing modulesHash finished successfully
19 мар 2020 15:12:06,232  INFO StartLogger - Obsolete caches were successfully cleaned
19 мар 2020 15:12:06,232  INFO StartLogger - Logics instance has successfully started
19 мар 2020 15:12:06,232  INFO StartLogger - Desktop Client is available at:
19 мар 2020 15:12:06,232  INFO StartLogger - Java Web Start (with auto update, requires JDK): https://download.lsfusion.org/java/lsfusion-client-3.0.jnlp
19 мар 2020 15:12:06,232  INFO StartLogger - Installer for Windows (without auto update): https://download.lsfusion.org/exe/lsfusion-desktop-3.0-x64.exe
19 мар 2020 15:12:06,232  INFO StartLogger - Server has successfully started in 11365 ms.
